12/29/2016 00:25:13: :	NLogLogger.GetCalleeString 
	Ket qua POST. Data: 20161229002433|404|30000|453
sign: 4BF2D224EADA79C47537C293D3B697519D25F8225FD5D115BF433F50BEE7E868
Vefify: True
12/29/2016 11:15:28: :	NLogLogger.GetCalleeString 
	Ket qua POST. Data: 20161229111249|404|30000|453
sign: EBB85822BECE2F9E4CC62280E6332FF18A35D387A67A38FEA301D11EA21EE8D7
Vefify: True
12/29/2016 11:35:40: :	NLogLogger.GetCalleeString 
	Ket qua POST. Data: 20161229113522|404|30000|453
sign: A2A94E0D4CFFD7F6AC3B81199C5AD6A4303E41E80A40EB8922E0B33F953A0044
Vefify: True
12/29/2016 11:47:24: :	NLogLogger.GetCalleeString 
	Ket qua POST. Data: 20161229114709|404|30000|453
sign: 148832B778930BD6D4979A948646D2F2F7C948DDAC6399ECE818F45D453ECF4F
Vefify: True
12/29/2016 14:50:01: :	NLogLogger.GetCalleeString 
	Textsign: 50000|VND|0983666999|20161229144956|453|aaaaaaaaaaaaaaaabbbbbbbbbCCCCC123,signature:0A939199977F4B24C89C80DD892B3F5197C595CD3095725F343145AC052497D4
12/29/2016 14:50:01: :	NLogLogger.GetCalleeString 
	urlFull: http://sandbox1.vtcebank.vn/payportalv2/checkout.html?website_id=453&amount=50000&receiver_account=0983666999&reference_number=20161229144956&currency=VND&signature=0A939199977F4B24C89C80DD892B3F5197C595CD3095725F343145AC052497D4
12/29/2016 14:50:12: :	NLogLogger.GetCalleeString 
	Textsign: 50000|VND|0983666999|20161229145005|453|aaaaaaaaaaaaaaaabbbbbbbbbCCCCC123,signature:4BF95CA45899C868D74117752BF2E3AA939772D4A1F6B218DA31A395CE3A47C1
12/29/2016 14:50:12: :	NLogLogger.GetCalleeString 
	urlFull: http://sandbox1.vtcebank.vn/payportalv2/checkout.html?website_id=453&amount=50000&receiver_account=0983666999&reference_number=20161229145005&currency=VND&signature=4BF95CA45899C868D74117752BF2E3AA939772D4A1F6B218DA31A395CE3A47C1
12/29/2016 15:14:46: :	NLogLogger.GetCalleeString 
	Ket qua POST. Data: 2016122915131811|404|30000|453
sign: 071DDDA1A6618D6547AECEF13B16F7C4E0B1EE426F905C102042171C8CDE8B7B
Vefify: True
12/29/2016 16:21:25: :	NLogLogger.GetCalleeString 
	Ket qua POST. Data: 20161229155759|404|30000|453
sign: 93506FDA4B552CAD12D5C6A3EC9596CDF3E3DF5EC0F8BD439D448A1A3A28B817
Vefify: True
12/29/2016 16:26:40: :	NLogLogger.GetCalleeString 
	Ket qua POST. Data: 20161229162615|404|30000|453
sign: CE76ACB87935127E9F836D7D594E0D7C3DE4358EA776D2B817628F673F03FD55
Vefify: True
12/29/2016 17:54:02: :	NLogLogger.GetCalleeString 
	Textsign: 50000|VND|0983666999|20161229174957|453|aaaaaaaaaaaaaaaabbbbbbbbbCCCCC123,signature:502E0647FC4F6AAAA981C0941277F49FC88414404879543EB7B43AE48C1961EF
12/29/2016 17:54:02: :	NLogLogger.GetCalleeString 
	urlFull: http://sandbox.vtcpay.vn/pay2.0/portalgateway/checkout.html?website_id=453&amount=50000&receiver_account=0983666999&reference_number=20161229174957&currency=VND&signature=502E0647FC4F6AAAA981C0941277F49FC88414404879543EB7B43AE48C1961EF
