11/08/2016 08:49:45: :	NLogLogger.GetCalleeString 
	Textsign: 50000|VND|0983666999|20161108084941|453|aaaaaaaaaaaaaaaabbbbbbbbbCCCCC123,signature:0672202A3BA7330AD528EBDC60D5CFAD8BAB2A973F154BB5D7CD39E195082576
11/08/2016 08:49:45: :	NLogLogger.GetCalleeString 
	urlFull: http://sandbox.vtcpay.vn/pay2.0/portalgateway/checkout.html?website_id=453&amount=50000&receiver_account=0983666999&reference_number=20161108084941&currency=VND&signature=0672202A3BA7330AD528EBDC60D5CFAD8BAB2A973F154BB5D7CD39E195082576
11/08/2016 08:52:40: :	NLogLogger.GetCalleeString 
	Textsign: 50000|VND|0983666999|20161108085238|453|aaaaaaaaaaaaaaaabbbbbbbbbCCCCC123,signature:FAD20F9E60A624E901FA6EF39F936961A400BC807DF46831A7D81F60E682174E
11/08/2016 08:52:40: :	NLogLogger.GetCalleeString 
	urlFull: http://sandbox1.vtcebank.vn/payportalv2/checkout.html?website_id=453&amount=50000&receiver_account=0983666999&reference_number=20161108085238&currency=VND&signature=FAD20F9E60A624E901FA6EF39F936961A400BC807DF46831A7D81F60E682174E
11/08/2016 08:53:01: :	NLogLogger.GetCalleeString 
	Textsign: 50000|VND|0983666999|20161108085257|453|aaaaaaaaaaaaaaaabbbbbbbbbCCCCC123,signature:35704E4FD4C941DEF596F0BD2D4AD194FD752C8D33B86041AE5F2CB433A04403
11/08/2016 08:53:01: :	NLogLogger.GetCalleeString 
	urlFull: http://sandbox1.vtcebank.vn/payportalv2/checkout.html?website_id=453&amount=50000&receiver_account=0983666999&reference_number=20161108085257&currency=VND&signature=35704E4FD4C941DEF596F0BD2D4AD194FD752C8D33B86041AE5F2CB433A04403
11/08/2016 08:53:18: :	NLogLogger.GetCalleeString 
	Textsign: 50000|VND|0983666999|20161108085315|453|aaaaaaaaaaaaaaaabbbbbbbbbCCCCC123,signature:A81175DE3FBE8A00E21FC78B15EC68CB2CFED79BCA5799B028D571263B88C58F
11/08/2016 08:53:18: :	NLogLogger.GetCalleeString 
	urlFull: http://sandbox.vtcpay.vn/pay2.0/portalgateway/checkout.html?website_id=453&amount=50000&receiver_account=0983666999&reference_number=20161108085315&currency=VND&signature=A81175DE3FBE8A00E21FC78B15EC68CB2CFED79BCA5799B028D571263B88C58F
11/08/2016 09:35:41: :	NLogLogger.GetCalleeString 
	Textsign: 50000|VND|0983666999|20161108093539|453|aaaaaaaaaaaaaaaabbbbbbbbbCCCCC123,signature:F6C2513FEA6FC2005BA637F88D91D6A19B302BD1213346DB12D420596667E55C
11/08/2016 09:35:42: :	NLogLogger.GetCalleeString 
	urlFull: http://sandbox.vtcpay.vn/pay2.0/portalgateway/checkout.html?website_id=453&amount=50000&receiver_account=0983666999&reference_number=20161108093539&currency=VND&signature=F6C2513FEA6FC2005BA637F88D91D6A19B302BD1213346DB12D420596667E55C
11/08/2016 09:36:22: :	NLogLogger.GetCalleeString 
	Ket qua POST. Data: 50000||VTCPAY|20161108093237|1|10589|1284
sign: 9E2DDAA917C8CE23DFE789A3F240C2898FFB3CFE0F1A0986EBDA25C38A10B2AD
Vefify: False
11/08/2016 09:40:36: :	NLogLogger.GetCalleeString 
	Textsign: 50000|VND|0983666999|20161108094034|453|aaaaaaaaaaaaaaaabbbbbbbbbCCCCC123,signature:B5F26D73F322AE10CCD7AED6B25EFCEA0191DFFCFBE098AD4939DC6C67FE899F
11/08/2016 09:40:36: :	NLogLogger.GetCalleeString 
	urlFull: http://sandbox1.vtcebank.vn/payportalv2/checkout.html?website_id=453&amount=50000&receiver_account=0983666999&reference_number=20161108094034&currency=VND&signature=B5F26D73F322AE10CCD7AED6B25EFCEA0191DFFCFBE098AD4939DC6C67FE899F
11/08/2016 09:40:43: :	NLogLogger.GetCalleeString 
	Textsign: 50000|VND|0983666999|20161108094041|453|aaaaaaaaaaaaaaaabbbbbbbbbCCCCC123,signature:15D17BAB5642A6AAB01A978E43B6686045E11B4CB5A3FE64E323C39EAF03A13F
11/08/2016 09:40:43: :	NLogLogger.GetCalleeString 
	urlFull: http://sandbox.vtcpay.vn/pay2.0/portalgateway/checkout.html?website_id=453&amount=50000&receiver_account=0983666999&reference_number=20161108094041&currency=VND&signature=15D17BAB5642A6AAB01A978E43B6686045E11B4CB5A3FE64E323C39EAF03A13F
11/08/2016 09:58:25: :	NLogLogger.GetCalleeString 
	Textsign: 50000|VND|0983666999|20161108095823|453|aaaaaaaaaaaaaaaabbbbbbbbbCCCCC123,signature:CE1C37BC01B1F45F8B83A18230DF9950A72DE870B4E8E2EEFC1A577195821495
11/08/2016 09:58:25: :	NLogLogger.GetCalleeString 
	urlFull: http://sandbox.vtcpay.vn/pay2.0/portalgateway/checkout.html?website_id=453&amount=50000&receiver_account=0983666999&reference_number=20161108095823&currency=VND&signature=CE1C37BC01B1F45F8B83A18230DF9950A72DE870B4E8E2EEFC1A577195821495
11/08/2016 09:59:11: :	NLogLogger.GetCalleeString 
	Ket qua POST. Data: 100000||VTCPAY|20161108095807|1|10595|1284
sign: 98C00B1BEF465ABD5DC53BF0689B11E409F32CB9B6C8DB6A44A56EB166B1FCDB
Vefify: False
11/08/2016 10:44:25: :	NLogLogger.GetCalleeString 
	Textsign: 50000|VND|0983666999|20161108104421|627|aaaaaaaaaaaaaaaabbbbbbbbbCCCCC123,signature:C90A89F861941AB7BCC43CABFDD502CB909EBC5BBE9CC738D9D3A1D8A9DCCB60
11/08/2016 10:44:25: :	NLogLogger.GetCalleeString 
	urlFull: https://pay.vtc.vn/bank-gateway/checkout.html?website_id=627&amount=50000&receiver_account=0983666999&reference_number=20161108104421&currency=VND&signature=C90A89F861941AB7BCC43CABFDD502CB909EBC5BBE9CC738D9D3A1D8A9DCCB60
11/08/2016 10:49:51: :	NLogLogger.GetCalleeString 
	Ket qua POST. Data: 100000||VTCPAY|20161108104825|1|10611|1284
sign: BE128D08ED24FF6323AB26FB8B2799565A6808516C52A91F95A2E583E47D19E9
Vefify: False
11/08/2016 11:02:45: :	NLogLogger.GetCalleeString 
	Ket qua POST. Data: 50000||VTCPAY|20161108110222|1|10616|1284
sign: 5B3AAAEDA7457371E3AAE7D7B01BCD611FAD7DDE21B4250648B5CCD092EE5C55
Vefify: False
11/08/2016 11:19:59: :	NLogLogger.GetCalleeString 
	Ket qua POST. Data: 100000||VTCPAY|20161108111934|1|10619|1284
sign: BE154C1D35EC6F063F57DB46C19506E3868701695E20922D03A326D5EB4A5E86
Vefify: False
11/08/2016 11:22:45: :	NLogLogger.GetCalleeString 
	Ket qua POST. Data: 200000||VTCPAY|20161108112221|1|10623|1284
sign: 22EC5F301E08CF53725ADB5768B9BAFB484161D2D769B11ABD18471DE50C0521
Vefify: False
11/08/2016 11:26:52: :	NLogLogger.GetCalleeString 
	Textsign: 9970|VND|0983666999|20161108112642|627|aaaaaaaaaaaaaaaabbbbbbbbbCCCCC123,signature:221E63769023BBD4F64D68AAC3DC2348384173090F3B49A1AD1498B38D1A7BC3
11/08/2016 11:26:52: :	NLogLogger.GetCalleeString 
	urlFull: https://pay.vtc.vn/bank-gateway/checkout.html?website_id=627&amount=9970&receiver_account=0983666999&reference_number=20161108112642&currency=VND&signature=221E63769023BBD4F64D68AAC3DC2348384173090F3B49A1AD1498B38D1A7BC3
11/08/2016 11:45:19: :	NLogLogger.GetCalleeString 
	Ket qua POST. Data: 100000|Giao d?ch thành công||20161108114224|1|1|1284
sign: B0D09FDC041A835E6BB88F9ED7D7BF48DD6AB0FC632504255A254488A6CC810A
Vefify: False
11/08/2016 13:19:26: :	NLogLogger.GetCalleeString 
	Ket qua POST. Data: 100000|Giao d?ch thành công||20161108131845|1|1|1284
sign: CB9148575C7809B44E9A266D824B41F9AFBA33F308D3E169F8BD7356EEA39077
Vefify: False
11/08/2016 13:19:27: :	NLogLogger.GetCalleeString 
	Ket qua POST. Data: 100000|||20161108131845|-21|11239|1284
sign: E7BACBC09D1FE620E8D883036865DC9519410FE237DB7C76E8E207AB5237B296
Vefify: False
11/08/2016 13:20:41: :	NLogLogger.GetCalleeString 
	Ket qua POST. Data: 50000||VTCPAY|20161108132019|1|10628|1284
sign: 0E51A3841839C3C6C7F50BD24CF8508938CC3C2BEBD9261418F4BEDECB0B69D8
Vefify: False
11/08/2016 13:35:55: :	NLogLogger.GetCalleeString 
	Ket qua POST. Data: 50000||VTCPAY|20161108133509|1|10631|1284
sign: 34EE777A4B5E079AF6728481800D92F681F4F8AB88F0748FD48281E507BECB10
Vefify: False
11/08/2016 13:40:35: :	NLogLogger.GetCalleeString 
	Textsign: 50000|VND|0983666999|20161108134034|453|aaaaaaaaaaaaaaaabbbbbbbbbCCCCC123,signature:C6D69B578372D07B91425E7A433FCCBFF631F3CA24F8F0C8EC7EC99C28B1DF98
11/08/2016 13:40:35: :	NLogLogger.GetCalleeString 
	urlFull: http://sandbox1.vtcebank.vn/payportalv2/checkout.html?website_id=453&amount=50000&receiver_account=0983666999&reference_number=20161108134034&currency=VND&signature=C6D69B578372D07B91425E7A433FCCBFF631F3CA24F8F0C8EC7EC99C28B1DF98
11/08/2016 13:41:16: :	NLogLogger.GetCalleeString 
	Ket qua POST. Data: 50000||VTCPAY|20161108134039|1|10634|1284
sign: 928CFD7C4538FE8BB255D0E4DEB5F1F33897AC3B6C4ED3AC74DABA53A85AB9AA
Vefify: False
11/08/2016 13:58:06: :	NLogLogger.GetCalleeString 
	Ket qua POST. Data: 200000||VTCPAY|20161108135746|1|10637|1284
sign: 5033CD0EC15B869A4FAE50D07CF36DCF5C6569C8FBF72383DC30DD2A44174673
Vefify: False
11/08/2016 14:01:54: :	NLogLogger.GetCalleeString 
	Textsign: 50000|VND|0983666999|20161108140151|627|aaaaaaaaaaaaaaaabbbbbbbbbCCCCC123,signature:E8E06E87C5F857EDA64CEFA75E7C6F93C5216EBF7265514489583999C627D88E
11/08/2016 14:01:54: :	NLogLogger.GetCalleeString 
	urlFull: https://pay.vtc.vn/bank-gateway/checkout.html?website_id=627&amount=50000&receiver_account=0983666999&reference_number=20161108140151&currency=VND&signature=E8E06E87C5F857EDA64CEFA75E7C6F93C5216EBF7265514489583999C627D88E
11/08/2016 14:25:25: :	NLogLogger.GetCalleeString 
	Ket qua POST. Data: 50000||VTCPAY|20161108142500|1|10640|1284
sign: A42FAC776186D67E08DE6EB45D936CBE6CB7A2BC080997F8FD182D4FCB5CAB79
Vefify: False
11/08/2016 15:07:08: :	NLogLogger.GetCalleeString 
	Ket qua POST. Data: 50000||VTCPAY|20161108150457|1|10649|1284
sign: 39BE6F204DB0CC45172EBD945CDC1A8BD0303C5C652743FCB88FED4EC61B5B8F
Vefify: False
11/08/2016 15:16:04: :	NLogLogger.GetCalleeString 
	Ket qua POST. Data: 50000||VTCPAY|20161108151544|1|10653|1284
sign: A799784E14E81A243420282D215128613ABEDAA436D6B5AEA54315D60C292023
Vefify: False
11/08/2016 15:18:21: :	NLogLogger.GetCalleeString 
	Ket qua POST. Data: 100000||VTCPAY|20161108151757|1|10656|1284
sign: 800BFD9CBD5A7998FD6945B4AD4DF1063DFB30AFE6FC957374F9F1F31C3ACC24
Vefify: False
11/08/2016 15:26:24: :	NLogLogger.GetCalleeString 
	Ket qua POST. Data: 500000||VTCPAY|20161108152548|1|10659|1284
sign: D651D35B446AB55B292AA6D019D35BC5A51F11F28426E126383857785E42DDD5
Vefify: False
11/08/2016 15:29:03: :	NLogLogger.GetCalleeString 
	Ket qua POST. Data: 100000||VTCPAY|20161108152837|1|10662|1284
sign: 85A6B4AB3CE883E857B14E7CEF3E4C2FBA204FC7719F7569502DFCD10B2DD839
Vefify: False
11/08/2016 15:33:53: :	NLogLogger.GetCalleeString 
	Ket qua POST. Data: 50000||VTCPAY|20161108153334|1|10665|1284
sign: 9865F84A392B18AA02A826A2253ED34E5AAC10C9E1F4FA748D20192E517BF540
Vefify: False
11/08/2016 15:38:50: :	NLogLogger.GetCalleeString 
	Ket qua POST. Data: 50000||VTCPAY|20161108153832|1|10668|1284
sign: 71E2BDB599892BE62E1805295DB4B987317DE0843F4C032F3D7B3EB25FA8447E
Vefify: False
11/08/2016 15:44:18: :	NLogLogger.GetCalleeString 
	Ket qua POST. Data: 50000|||20161108154358|-22||1284
sign: 4CE1CBAFD2EB3818C7162D3968698D6979A535185FC21B59541E212E0330F47E
Vefify: False
11/08/2016 15:44:46: :	NLogLogger.GetCalleeString 
	Ket qua POST. Data: 50000|||20161108154432|-22||1284
sign: F6F9C0F5F01495F890D39B0783E9EFFACA53CB48AD73C9D8167D623C144C68E5
Vefify: False
11/08/2016 15:45:45: :	NLogLogger.GetCalleeString 
	Ket qua POST. Data: 50000|||20161108154527|-22||1284
sign: 3F88B50CCDC3C457B88B11E25EA240651D00A4BD9F8DB4B030548C0ECF61682C
Vefify: False
11/08/2016 15:58:57: :	NLogLogger.GetCalleeString 
	Ket qua POST. Data: 50000|Giao d?ch thành công||20161108155826|1|1|1284
sign: F3C7857AE95BA8DD02CD76ED156D543CC48DF4935A3E9933C6C54D5C0E39E8A5
Vefify: False
11/08/2016 16:00:42: :	NLogLogger.GetCalleeString 
	Ket qua POST. Data: 200000|Giao d?ch thành công||20161108160015|1|1|1284
sign: 5B1058DA1EB42683A23796A7367210D74C6502F350AF660FEC0AFA1CB71E7E8B
Vefify: False
11/08/2016 16:01:49: :	NLogLogger.GetCalleeString 
	Ket qua POST. Data: 300000|Giao d?ch thành công||20161108160120|1|1|1284
sign: 441CD778FB321E30955E3C8488B48241FF8027A64096938E1013F7F9F1AA226F
Vefify: False
11/08/2016 16:04:01: :	NLogLogger.GetCalleeString 
	Ket qua POST. Data: 50000|Giao d?ch thành công||20161108160338|1|1|1284
sign: EF8BDF97A628F29311D1F99C2790950D9E5EC1C7322947CF8D12CBEFC9530738
Vefify: False
11/08/2016 16:08:28: :	NLogLogger.GetCalleeString 
	Ket qua POST. Data: 50000|Giao d?ch thành công||20161108160800|1|1|1284
sign: 6028A3A9593E8DD314BA7A9CF220CFDC94327C7A6548DB545BCF6266B3D41991
Vefify: False
11/08/2016 16:09:56: :	NLogLogger.GetCalleeString 
	Ket qua POST. Data: 50000|Giao d?ch thành công||20161108160936|1|1|1284
sign: A3C27CA87F9461D7EE74A9203A04365FC7D37E070E2C4BBC9225E1A6A6499C65
Vefify: False
11/08/2016 16:13:12: :	NLogLogger.GetCalleeString 
	Ket qua POST. Data: 50000|Giao d?ch thành công||20161108161250|1|1|1284
sign: A68C36C1FC1B8747C80D4022D0A9AE7B4BB7CB6FE20854E2101E441D3777276B
Vefify: False
11/08/2016 16:14:15: :	NLogLogger.GetCalleeString 
	Textsign: 50000|VND|0983666999|20161108161413|453|aaaaaaaaaaaaaaaabbbbbbbbbCCCCC123,signature:509FFF3A1FD87EA08B1A7D9EA20836642DE54592B87C00540CF8E41270578078
11/08/2016 16:14:15: :	NLogLogger.GetCalleeString 
	urlFull: http://sandbox1.vtcebank.vn/payportalv2/checkout.html?website_id=453&amount=50000&receiver_account=0983666999&reference_number=20161108161413&currency=VND&signature=509FFF3A1FD87EA08B1A7D9EA20836642DE54592B87C00540CF8E41270578078
11/08/2016 16:14:54: :	NLogLogger.GetCalleeString 
	Ket qua POST. Data: 20161108161413|-1|50000|453
sign: 627072F61533E9364F68BA2C0E21BD8FAE1FC7BD91B9162F08F316B05E96D99F
Vefify: True
11/08/2016 16:30:51: :	NLogLogger.GetCalleeString 
	Ket qua POST. Data: 50000||VTCPAY|20161108163003|1|10679|1284
sign: B15DD54A231D2898B83F588A993DF28A29B2149862C7E275C44E889C834C53E2
Vefify: False
