12/02/2016 16:27:44: :	NLogLogger.GetCalleeString 
	Textsign: 50000|VND|0983666999|20161202162740|453|aaaaaaaaaaaaaaaabbbbbbbbbCCCCC123,signature:6CFC0A79806E4468FB32C1A5CCCB75F55411FE87FCB304B3E7DBDCDC520E3B24
12/02/2016 16:27:44: :	NLogLogger.GetCalleeString 
	urlFull: http://sandbox1.vtcebank.vn/payportalv2/checkout.html?website_id=453&amount=50000&receiver_account=0983666999&reference_number=20161202162740&currency=VND&signature=6CFC0A79806E4468FB32C1A5CCCB75F55411FE87FCB304B3E7DBDCDC520E3B24
12/02/2016 16:28:25: :	NLogLogger.GetCalleeString 
	Ket qua POST. Data: 20161202162740|1|50000|453
sign: 9E062B612D43FB6A40D6D4ACC0C5C64A5580AA47D555736947265F9C971ECD95
Vefify: True
12/02/2016 16:30:25: :	NLogLogger.GetCalleeString 
	Textsign: 50000|VND|0904646496|20161202163019|453|aaaaaaaaaaaaaaaabbbbbbbbbCCCCC123,signature:9D5A6DD7F46BF251F4C740EE8C9263E68577B91B42D9DB4EB92B617193EAC9AB
12/02/2016 16:30:25: :	NLogLogger.GetCalleeString 
	urlFull: http://sandbox1.vtcebank.vn/payportalv2/checkout.html?website_id=453&amount=50000&receiver_account=0904646496&reference_number=20161202163019&currency=VND&signature=9D5A6DD7F46BF251F4C740EE8C9263E68577B91B42D9DB4EB92B617193EAC9AB
12/02/2016 16:30:25: :	NLogLogger.GetCalleeString 
	Ket qua POST. Data: |-1|50000|453
sign: DBE9D8C55454BED524A93D957FD43BECEC47CE9BB0076CE8EFF3D5F1621FC558
Vefify: True
12/02/2016 16:30:41: :	NLogLogger.GetCalleeString 
	Textsign: 50000|VND|0989748722|20161202163035|453|aaaaaaaaaaaaaaaabbbbbbbbbCCCCC123,signature:7DF73D34D618DC9833E3A0196DAF65722CD881D3F20EEB89945C542C2FC108E6
12/02/2016 16:30:41: :	NLogLogger.GetCalleeString 
	urlFull: http://sandbox1.vtcebank.vn/payportalv2/checkout.html?website_id=453&amount=50000&receiver_account=0989748722&reference_number=20161202163035&currency=VND&signature=7DF73D34D618DC9833E3A0196DAF65722CD881D3F20EEB89945C542C2FC108E6
12/02/2016 16:31:06: :	NLogLogger.GetCalleeString 
	Ket qua POST. Data: 20161202163035|1|50000|453
sign: E5070822D26410DAA3412805D3A9E75678318DDE2DBF126CA440373ADFDE06F1
Vefify: True
12/02/2016 16:33:04: :	NLogLogger.GetCalleeString 
	Textsign: 50000|VND|0989748722|20161202163258|453|aaaaaaaaaaaaaaaabbbbbbbbbCCCCC123,signature:0EB4E9E09E375DF6F12A71A20FEE86C8115E91A8640C7A979939334E68AFC5CF
12/02/2016 16:33:04: :	NLogLogger.GetCalleeString 
	urlFull: http://sandbox1.vtcebank.vn/payportalv2/checkout.html?website_id=453&amount=50000&receiver_account=0989748722&reference_number=20161202163258&currency=VND&signature=0EB4E9E09E375DF6F12A71A20FEE86C8115E91A8640C7A979939334E68AFC5CF
12/02/2016 16:33:50: :	NLogLogger.GetCalleeString 
	Ket qua POST. Data: 20161202163258|7|50000|453
sign: F7FC104A049874AB4CBD993E5211056E2F8A64ECA877638CBC607B8719753EE2
Vefify: True
