12/30/2016 09:47:09: :	NLogLogger.GetCalleeString 
	Textsign: 50000|VND|01679253036|20161230094659|453|aaaaaaaaaaaaaaaabbbbbbbbbCCCCC123,signature:136F67806A50D6975F2051EBBC83A258B11C3C6DF4E48AE2E8E868A471C3C796
12/30/2016 09:47:09: :	NLogLogger.GetCalleeString 
	urlFull: http://sandbox.vtcpay.vn/pay2.0/portalgateway/checkout.html?website_id=453&amount=50000&receiver_account=01679253036&reference_number=20161230094659&currency=VND&signature=136F67806A50D6975F2051EBBC83A258B11C3C6DF4E48AE2E8E868A471C3C796
12/30/2016 09:47:53: :	NLogLogger.GetCalleeString 
	Ket qua POST. Data: 50000|Giao d?ch thành công||20161230094659|1|1|453
sign: 91A507D6DFEF0EAFA598EE357B1E28BBA44BA8F86F6BD231D29EB0094E2B9E02
Vefify: False
12/30/2016 09:51:02: :	NLogLogger.GetCalleeString 
	Textsign: 50000|VND|01679253036|20161230095049|453|aaaaaaaaaaaaaaaabbbbbbbbbCCCCC123,signature:39CD742E149F726C3708568C79234C5EC994C229426002EBD1EF86DC7F314673
12/30/2016 09:51:02: :	NLogLogger.GetCalleeString 
	urlFull: http://sandbox.vtcpay.vn/pay2.0/portalgateway/checkout.html?website_id=453&amount=50000&receiver_account=01679253036&reference_number=20161230095049&currency=VND&signature=39CD742E149F726C3708568C79234C5EC994C229426002EBD1EF86DC7F314673
12/30/2016 09:55:55: :	NLogLogger.GetCalleeString 
	Textsign: 50000|VND|01679253036|20161230095546|453|aaaaaaaaaaaaaaaabbbbbbbbbCCCCC123,signature:0D9DABCBB56B921F46B4F95633D64C00196B3A01E854E799FBED0C99454FADDE
12/30/2016 09:55:55: :	NLogLogger.GetCalleeString 
	urlFull: http://sandbox1.vtcebank.vn/payportalv2/checkout.html?website_id=453&amount=50000&receiver_account=01679253036&reference_number=20161230095546&currency=VND&signature=0D9DABCBB56B921F46B4F95633D64C00196B3A01E854E799FBED0C99454FADDE
12/30/2016 09:56:14: :	NLogLogger.GetCalleeString 
	Textsign: 50000|VND|01679253036|20161230095607|453|aaaaaaaaaaaaaaaabbbbbbbbbCCCCC123,signature:7ABD498429CCA4A59967707D5856C942678855D337D4DA58F69D2EEFE71DF622
12/30/2016 09:56:14: :	NLogLogger.GetCalleeString 
	urlFull: http://sandbox.vtcpay.vn/pay2.0/portalgateway/checkout.html?website_id=453&amount=50000&receiver_account=01679253036&reference_number=20161230095607&currency=VND&signature=7ABD498429CCA4A59967707D5856C942678855D337D4DA58F69D2EEFE71DF622
12/30/2016 10:09:48: :	NLogLogger.GetCalleeString 
	Ket qua POST. Data: 50000|||20161230095607|-21||453
sign: F2459269D6604C2D2B2DB38EEDD009189BDA58B5E818432B565C191D4B9284A2
Vefify: False
12/30/2016 10:10:03: :	NLogLogger.GetCalleeString 
	Textsign: 50000|VND|01635055068|20161230100953|453|aaaaaaaaaaaaaaaabbbbbbbbbCCCCC123,signature:0AE9247CA1F590349E82A4B85B2787AD482897A69BA47ECD877557312CDC58D2
12/30/2016 10:10:03: :	NLogLogger.GetCalleeString 
	urlFull: http://sandbox.vtcpay.vn/pay2.0/portalgateway/checkout.html?website_id=453&amount=50000&receiver_account=01635055068&reference_number=20161230100953&currency=VND&signature=0AE9247CA1F590349E82A4B85B2787AD482897A69BA47ECD877557312CDC58D2
12/30/2016 10:10:22: :	NLogLogger.GetCalleeString 
	Ket qua POST. Data: 50000||VTCPAY|20161230100953|1|21406|453
sign: 20200986933DF862F837B9310A50D45BD501520AC4D4657DC43751C55B881B5E
Vefify: False
12/30/2016 11:29:21: :	NLogLogger.GetCalleeString 
	Textsign: 50000|VND|01635055068|20161230112908|453|aaaaaaaaaaaaaaaabbbbbbbbbCCCCC123,signature:098F4367EA5876C77A20DF741E636DF4EBCBA94E0A2DFBF00284D4CA6FFA25C1
12/30/2016 11:29:21: :	NLogLogger.GetCalleeString 
	urlFull: http://sandbox.vtcpay.vn/pay2.0/portalgateway/checkout.html?website_id=453&amount=50000&receiver_account=01635055068&reference_number=20161230112908&currency=VND&signature=098F4367EA5876C77A20DF741E636DF4EBCBA94E0A2DFBF00284D4CA6FFA25C1
12/30/2016 11:37:16: :	NLogLogger.GetCalleeString 
	Ket qua POST. Data: 50000|Giao d?ch thành công||20161230112908|1|1|453
sign: 63C434B9014E9E21767DBACE45520A9E9244EE4A77422D4FC9F89C2DCD071894
Vefify: False
12/30/2016 11:38:12: :	NLogLogger.GetCalleeString 
	Ket qua POST. Data: 50000|||20161230112908|-21|31638|453
sign: F94CB7D4B994DE2CF71C43ECCE23B53977EF120186BD350262E41FC0A513B736
Vefify: False
12/30/2016 11:41:22: :	NLogLogger.GetCalleeString 
	Textsign: 50000|VND|0983666999|20161230114118|453|aaaaaaaaaaaaaaaabbbbbbbbbCCCCC123,signature:6BC55F772CB8997FA8994E20CEA6B696336EF30F588D4A77CDC2A925736BB90A
12/30/2016 11:41:22: :	NLogLogger.GetCalleeString 
	urlFull: http://sandbox.vtcpay.vn/pay2.0/portalgateway/checkout.html?website_id=453&amount=50000&receiver_account=0983666999&reference_number=20161230114118&currency=VND&signature=6BC55F772CB8997FA8994E20CEA6B696336EF30F588D4A77CDC2A925736BB90A
12/30/2016 11:42:14: :	NLogLogger.GetCalleeString 
	Ket qua POST. Data: 50000|Giao d?ch thành công||20161230114118|1|1|453
sign: C7194C25A34B84D78CBE6FD2DA7A6336B102190A1A63B547543112AB1369EF22
Vefify: False
12/30/2016 11:44:10: :	NLogLogger.GetCalleeString 
	Textsign: 50000|VND|01635055068|20161230114402|453|aaaaaaaaaaaaaaaabbbbbbbbbCCCCC123,signature:D49404FB6435E336D270DB574540F3BDF0234C46C1698DB6F7F3BCF564F789B4
12/30/2016 11:44:10: :	NLogLogger.GetCalleeString 
	urlFull: http://sandbox.vtcpay.vn/pay2.0/portalgateway/checkout.html?website_id=453&amount=50000&receiver_account=01635055068&reference_number=20161230114402&currency=VND&signature=D49404FB6435E336D270DB574540F3BDF0234C46C1698DB6F7F3BCF564F789B4
12/30/2016 11:45:27: :	NLogLogger.GetCalleeString 
	Ket qua POST. Data: 50000|Giao d?ch thành công||20161230114402|1|1|453
sign: A8A978CFE5737B7A1FF190281AEEB52C581EE393B1C9D659753E96A928247C6A
Vefify: False
12/30/2016 13:29:48: :	NLogLogger.GetCalleeString 
	Textsign: 50000|VND|0983666999|20161230132942|453|aaaaaaaaaaaaaaaabbbbbbbbbCCCCC123,signature:BCDD1F7089285D63BB1AAB550C36D6EC1F3AB861749879BD7E118A2B19BB8CBF
12/30/2016 13:29:48: :	NLogLogger.GetCalleeString 
	urlFull: http://sandbox1.vtcpay.vn/portalgateway/checkout.html?website_id=453&amount=50000&receiver_account=0983666999&reference_number=20161230132942&currency=VND&signature=BCDD1F7089285D63BB1AAB550C36D6EC1F3AB861749879BD7E118A2B19BB8CBF
12/30/2016 14:49:41: :	NLogLogger.GetCalleeString 
	Textsign: 50000|VND|01635055068|20161230144930|453|aaaaaaaaaaaaaaaabbbbbbbbbCCCCC123,signature:B2BD762BE22747332E0C5D2B3D206C136EC7B034801C398DA463C0345E0790B9
12/30/2016 14:49:41: :	NLogLogger.GetCalleeString 
	urlFull: http://sandbox1.vtcpay.vn/portalgateway/checkout.html?website_id=453&amount=50000&receiver_account=01635055068&reference_number=20161230144930&currency=VND&signature=B2BD762BE22747332E0C5D2B3D206C136EC7B034801C398DA463C0345E0790B9
12/30/2016 14:51:33: :	NLogLogger.GetCalleeString 
	Ket qua POST. Data: 50000||VTCPAY|20161230144930|1|21409|453
sign: 876565531F0E655E92D78782B1BF15723AD606101E50BF2B90E5741CB5ACFCE3
Vefify: False
