10/27/2016 04:34:43: :	NLogLogger.GetCalleeString 
	Textsign: 50000|VND|0983666999|20161027043441|453|aaaaaaaaaaaaaaaabbbbbbbbbCCCCC123,signature:1C00307CDBAD3B421F84D9C6BD949FF4A82866BA211285E7BE39682CBA7F0C47
10/27/2016 04:34:43: :	NLogLogger.GetCalleeString 
	urlFull: http://sandbox1.vtcebank.vn/payportalv2/checkout.html?website_id=453&amount=50000&receiver_account=0983666999&reference_number=20161027043441&currency=VND&signature=1C00307CDBAD3B421F84D9C6BD949FF4A82866BA211285E7BE39682CBA7F0C47
10/27/2016 04:50:25: :	NLogLogger.GetCalleeString 
	Textsign: 50000|VND|0983666999|20161027045024|453|aaaaaaaaaaaaaaaabbbbbbbbbCCCCC123,signature:2BB556E31B714FE1A9A2D125F3E18DF0329EDF058CCF1EFF4E727DE8A774FC1C
10/27/2016 04:50:25: :	NLogLogger.GetCalleeString 
	urlFull: http://sandbox1.vtcebank.vn/payportalv2/checkout.html?website_id=453&amount=50000&receiver_account=0983666999&reference_number=20161027045024&currency=VND&signature=2BB556E31B714FE1A9A2D125F3E18DF0329EDF058CCF1EFF4E727DE8A774FC1C
10/27/2016 13:36:41: :	NLogLogger.GetCalleeString 
	Textsign: 50000|VND|0983666999|20161027133638|453|aaaaaaaaaaaaaaaabbbbbbbbbCCCCC123,signature:5B2C9CA5145CAEC4C21B9FF9B3B017134DD901B433CF48C410F8796520F2590B
10/27/2016 13:36:41: :	NLogLogger.GetCalleeString 
	urlFull: http://sandbox1.vtcebank.vn/payportalv2/checkout.html?website_id=453&amount=50000&receiver_account=0983666999&reference_number=20161027133638&currency=VND&signature=5B2C9CA5145CAEC4C21B9FF9B3B017134DD901B433CF48C410F8796520F2590B
10/27/2016 13:36:55: :	NLogLogger.GetCalleeString 
	Textsign: 50000|VND|01679253036|20161027133645|453|aaaaaaaaaaaaaaaabbbbbbbbbCCCCC123,signature:24B311244570D0C7F592D9B4981E84A107E9AFCA85081452C36C14CD1EF2F16E
10/27/2016 13:36:55: :	NLogLogger.GetCalleeString 
	urlFull: http://sandbox1.vtcebank.vn/payportalv2/checkout.html?website_id=453&amount=50000&receiver_account=01679253036&reference_number=20161027133645&currency=VND&signature=24B311244570D0C7F592D9B4981E84A107E9AFCA85081452C36C14CD1EF2F16E
10/27/2016 15:14:12: :	NLogLogger.GetCalleeString 
	Ket qua POST. Data: 50000|Giao d?ch th?t b?i||20161027133645|1|-969|453
sign: 4EF9E76D9312CA4044B4A6FF1AD02D79CE80D0EA1FFC79B179082E4D249FCD65
Vefify: False
10/27/2016 15:52:36: :	NLogLogger.GetCalleeString 
	Ket qua POST. Data: 50000|Giao d?ch nghi v?n c?n Admin duy?t||20161027133645|1|-969|453
sign: 6D43F14AAE9825B5F0C61D4E4FA183D4A0A3006932087C24C9E5FA789BBA7DE7
Vefify: False
10/27/2016 16:04:22: :	NLogLogger.GetCalleeString 
	Ket qua POST. Data: 50000|Giao d?ch nghi v?n c?n Admin duy?t||20161027133645|1|-969|453
sign: 6D43F14AAE9825B5F0C61D4E4FA183D4A0A3006932087C24C9E5FA789BBA7DE7
Vefify: False
10/27/2016 16:21:35: :	NLogLogger.GetCalleeString 
	Textsign: 50000|VND|01679253036|20161027162130|453|aaaaaaaaaaaaaaaabbbbbbbbbCCCCC123,signature:EC339354CF94FA6FD2D4D421B5EE1069BDE8821EFDDC4701B3EBB2957B16C600
10/27/2016 16:21:35: :	NLogLogger.GetCalleeString 
	urlFull: http://sandbox1.vtcebank.vn/payportalv2/checkout.html?website_id=453&amount=50000&receiver_account=01679253036&reference_number=20161027162130&currency=VND&signature=EC339354CF94FA6FD2D4D421B5EE1069BDE8821EFDDC4701B3EBB2957B16C600
10/27/2016 16:22:31: :	NLogLogger.GetCalleeString 
	Ket qua POST. Data: 50000|Giao d?ch thành công||20161027162130|1|1|453
sign: DE9C44A91C30476F964DA279DDD590CA570A26EA82C761D01E16856C4EB62979
Vefify: False
