10/26/2016 00:24:38: :	NLogLogger.GetCalleeString 
	Textsign: 50000|VND|0983666999|20161026002436|453|aaaaaaaaaaaaaaaabbbbbbbbbCCCCC123,signature:FD57609E08482545478C7753AA2497FB161436DB19949FAA5E8FA3919C37C42E
10/26/2016 00:24:38: :	NLogLogger.GetCalleeString 
	urlFull: http://sandbox1.vtcebank.vn/payportalv2/checkout.html?website_id=453&amount=50000&receiver_account=0983666999&reference_number=20161026002436&currency=VND&signature=FD57609E08482545478C7753AA2497FB161436DB19949FAA5E8FA3919C37C42E
10/26/2016 08:32:27: :	NLogLogger.GetCalleeString 
	Textsign: 50000|VND|01679253036|20161026083219|453|aaaaaaaaaaaaaaaabbbbbbbbbCCCCC123,signature:71B26A55E4E0C2C4DCB3476F8859D052B94917EC5EBAC03FDCBEC7AFB524242B
10/26/2016 08:32:27: :	NLogLogger.GetCalleeString 
	urlFull: http://sandbox1.vtcebank.vn/payportalv2/checkout.html?website_id=453&amount=50000&receiver_account=01679253036&reference_number=20161026083219&currency=VND&signature=71B26A55E4E0C2C4DCB3476F8859D052B94917EC5EBAC03FDCBEC7AFB524242B
10/26/2016 08:34:47: :	NLogLogger.GetCalleeString 
	Ket qua POST. Data: 50000||VTCPAY|20161026083219|1|368|453
sign: 3F8D643BF69AAA493D62C24E368EE8700579D8C1A42A854605BDB181F3E5B208
Vefify: False
10/26/2016 08:43:45: :	NLogLogger.GetCalleeString 
	Ket qua POST. Data: 50000|||20161026083219|-21||453
sign: 2A5EAD69D2DC21873CB6B78E6E3D4399736C7B2E6BD276C04474BDA3984C4724
Vefify: False
10/26/2016 08:43:51: :	NLogLogger.GetCalleeString 
	Textsign: 50000|VND|0983666999|20161026084349|453|aaaaaaaaaaaaaaaabbbbbbbbbCCCCC123,signature:62169BAA1F013F15D161C8FAF75AB35E2935D83603A22D2198BB353271FF644A
10/26/2016 08:43:51: :	NLogLogger.GetCalleeString 
	urlFull: http://sandbox1.vtcebank.vn/payportalv2/checkout.html?website_id=453&amount=50000&receiver_account=0983666999&reference_number=20161026084349&currency=VND&signature=62169BAA1F013F15D161C8FAF75AB35E2935D83603A22D2198BB353271FF644A
10/26/2016 08:44:07: :	NLogLogger.GetCalleeString 
	Textsign: 50000|VND|01679253036|20161026084354|453|aaaaaaaaaaaaaaaabbbbbbbbbCCCCC123,signature:D1EF4192253B1D8C79A32A5C00613DBE041A532820943CABEC9B7C312FBFF110
10/26/2016 08:44:07: :	NLogLogger.GetCalleeString 
	urlFull: http://sandbox1.vtcebank.vn/payportalv2/checkout.html?website_id=453&amount=50000&receiver_account=01679253036&reference_number=20161026084354&currency=VND&signature=D1EF4192253B1D8C79A32A5C00613DBE041A532820943CABEC9B7C312FBFF110
10/26/2016 09:07:42: :	NLogLogger.GetCalleeString 
	Ket qua POST. Data: 50000||VTCPAY|20161026084354|1|370|453
sign: 0D054282A615C8061DD6FA0C310D880A1A1D9F2F2C232BDCC13DC7F00ACF4125
Vefify: False
10/26/2016 09:25:37: :	NLogLogger.GetCalleeString 
	Textsign: 50000|VND|01679253036|20161026092531|453|aaaaaaaaaaaaaaaabbbbbbbbbCCCCC123,signature:0B47C6C1B6C6CC0B462C441B4E88B35F4A1C6288212A6DA4423DB82DB838445F
10/26/2016 09:25:37: :	NLogLogger.GetCalleeString 
	urlFull: http://sandbox1.vtcebank.vn/payportalv2/checkout.html?website_id=453&amount=50000&receiver_account=01679253036&reference_number=20161026092531&currency=VND&signature=0B47C6C1B6C6CC0B462C441B4E88B35F4A1C6288212A6DA4423DB82DB838445F
10/26/2016 14:39:59: :	NLogLogger.GetCalleeString 
	Textsign: 50000|VND|0983666999|20161026143957|453|aaaaaaaaaaaaaaaabbbbbbbbbCCCCC123,signature:4234223E5DF215693363D4E456B80410A10CE4D3594360D459BDF469A036AD5E
10/26/2016 14:39:59: :	NLogLogger.GetCalleeString 
	urlFull: http://sandbox1.vtcebank.vn/payportalv2/checkout.html?website_id=453&amount=50000&receiver_account=0983666999&reference_number=20161026143957&currency=VND&signature=4234223E5DF215693363D4E456B80410A10CE4D3594360D459BDF469A036AD5E
10/26/2016 16:02:36: :	NLogLogger.GetCalleeString 
	Textsign: 50000|VND|0983666999|20161026160235|453|aaaaaaaaaaaaaaaabbbbbbbbbCCCCC123,signature:6A2D0946C764CED987854773D30B0656334DEDB06B70BDD87888E730A6200682
10/26/2016 16:02:36: :	NLogLogger.GetCalleeString 
	urlFull: http://sandbox1.vtcebank.vn/payportalv2/checkout.html?website_id=453&amount=50000&receiver_account=0983666999&reference_number=20161026160235&currency=VND&signature=6A2D0946C764CED987854773D30B0656334DEDB06B70BDD87888E730A6200682
