12/21/2016 08:34:47: :	NLogLogger.GetCalleeString 
	Textsign: 50000|VND|0983666999|20161221083441|453|aaaaaaaaaaaaaaaabbbbbbbbbCCCCC123,signature:BF753EF32B89B4B6303C521F5482AA2A36DED27019BAEB64BCB7A60108EF4490
12/21/2016 08:34:47: :	NLogLogger.GetCalleeString 
	urlFull: http://sandbox1.vtcebank.vn/payportalv2/checkout.html?website_id=453&amount=50000&receiver_account=0983666999&reference_number=20161221083441&currency=VND&signature=BF753EF32B89B4B6303C521F5482AA2A36DED27019BAEB64BCB7A60108EF4490
12/21/2016 08:35:31: :	NLogLogger.GetCalleeString 
	Textsign: 50000|VND|0983666999|20161221083515|453|aaaaaaaaaaaaaaaabbbbbbbbbCCCCC123,signature:2385F3FBDE8629366CD8A8E67D0912F4206BA4AAA6944E739A7ABC0A3CFE1A98
12/21/2016 08:35:31: :	NLogLogger.GetCalleeString 
	urlFull: http://sandbox1.vtcebank.vn/payportalv2/checkout.html?website_id=453&amount=50000&receiver_account=0983666999&reference_number=20161221083515&currency=VND&signature=2385F3FBDE8629366CD8A8E67D0912F4206BA4AAA6944E739A7ABC0A3CFE1A98
12/21/2016 09:16:35: :	NLogLogger.GetCalleeString 
	Textsign: 50000|VND|0983666999|20161221091628|453|aaaaaaaaaaaaaaaabbbbbbbbbCCCCC123,signature:68DFB184F2666BA0D75F5C25691EC280763A0C917FA23079575ABC20A2F40EA9
12/21/2016 09:16:35: :	NLogLogger.GetCalleeString 
	urlFull: http://sandbox1.vtcebank.vn/payportalv2/checkout.html?website_id=453&amount=50000&receiver_account=0983666999&reference_number=20161221091628&currency=VND&signature=68DFB184F2666BA0D75F5C25691EC280763A0C917FA23079575ABC20A2F40EA9
12/21/2016 09:34:51: :	NLogLogger.GetCalleeString 
	Textsign: 50000|VND|0983666999|20161221093449|453|aaaaaaaaaaaaaaaabbbbbbbbbCCCCC123,signature:B6A11A0E4B70DF815D812167A5426FAAC3C1B60BEC3D91925FB54CFE7E2A6A77
12/21/2016 09:34:51: :	NLogLogger.GetCalleeString 
	urlFull: http://sandbox1.vtcebank.vn/payportalv2/checkout.html?website_id=453&amount=50000&receiver_account=0983666999&reference_number=20161221093449&currency=VND&signature=B6A11A0E4B70DF815D812167A5426FAAC3C1B60BEC3D91925FB54CFE7E2A6A77
12/21/2016 10:02:03: :	NLogLogger.GetCalleeString 
	Textsign: 50000|VND|0983666999|20161221100200|453|aaaaaaaaaaaaaaaabbbbbbbbbCCCCC123,signature:CE4679E4E83369465274A59FEA0F1ED7BD38E43B06E852E5C66C524A556543F3
12/21/2016 10:02:03: :	NLogLogger.GetCalleeString 
	urlFull: http://sandbox1.vtcebank.vn/payportalv2/checkout.html?website_id=453&amount=50000&receiver_account=0983666999&reference_number=20161221100200&currency=VND&signature=CE4679E4E83369465274A59FEA0F1ED7BD38E43B06E852E5C66C524A556543F3
12/21/2016 11:49:07: :	NLogLogger.GetCalleeString 
	Ket qua POST. Data: 20161221100200|7|50000|453
sign: 7EFE078E5E03FAD4BB8E851C833471474BBB673EFC06CC405E65B129F5981C56
Vefify: True
12/21/2016 11:52:52: :	NLogLogger.GetCalleeString 
	Textsign: 50000|VND|0983666999|20161221115250|453|aaaaaaaaaaaaaaaabbbbbbbbbCCCCC123,signature:459239A58997E5945E0732C8985C90D9790E025E33D5D54C41D48C444EDD81C3
12/21/2016 11:52:52: :	NLogLogger.GetCalleeString 
	urlFull: http://sandbox1.vtcebank.vn/payportalv2/checkout.html?website_id=453&amount=50000&receiver_account=0983666999&reference_number=20161221115250&currency=VND&signature=459239A58997E5945E0732C8985C90D9790E025E33D5D54C41D48C444EDD81C3
12/21/2016 11:55:32: :	NLogLogger.GetCalleeString 
	Ket qua POST. Data: 20161221115250|7|50000|453
sign: 480F89213183B8B27B7F3B35067F73BD5690B5E8498F5B95EDF5EE2E21089521
Vefify: True
12/21/2016 11:57:07: :	NLogLogger.GetCalleeString 
	Ket qua POST. Data: 20161221115250|7|50000|453
sign: 480F89213183B8B27B7F3B35067F73BD5690B5E8498F5B95EDF5EE2E21089521
Vefify: True
12/21/2016 13:15:19: :	NLogLogger.GetCalleeString 
	Textsign: 50000|VND|0983666999|20161221131515|453|aaaaaaaaaaaaaaaabbbbbbbbbCCCCC123,signature:878DA9B35E690C03EE9CC2AA93EDA3F1F6A4EAC721B32FEE2914032BFFFD4B3E
12/21/2016 13:15:20: :	NLogLogger.GetCalleeString 
	urlFull: http://sandbox1.vtcebank.vn/payportalv2/checkout.html?website_id=453&amount=50000&receiver_account=0983666999&reference_number=20161221131515&currency=VND&signature=878DA9B35E690C03EE9CC2AA93EDA3F1F6A4EAC721B32FEE2914032BFFFD4B3E
12/21/2016 13:18:47: :	NLogLogger.GetCalleeString 
	Ket qua POST. Data: 20161221131515|7|50000|453
sign: 79F4AC7A4B19817938503217170351412363F502549CAF20B6F44AEC47D916AA
Vefify: True
12/21/2016 17:05:29: :	NLogLogger.GetCalleeString 
	Textsign: 50000|VND|0983666999|20161221170527|453|aaaaaaaaaaaaaaaabbbbbbbbbCCCCC123,signature:A552AB14124E95E42C5B547B2860F8C24FB740D4FFE3BFC56B660BA6C2827F0E
12/21/2016 17:05:29: :	NLogLogger.GetCalleeString 
	urlFull: http://sandbox1.vtcebank.vn/payportalv2/checkout.html?website_id=453&amount=50000&receiver_account=0983666999&reference_number=20161221170527&currency=VND&signature=A552AB14124E95E42C5B547B2860F8C24FB740D4FFE3BFC56B660BA6C2827F0E
