11/18/2016 11:33:32: :	NLogLogger.GetCalleeString 
	Ket qua POST. Data: 50000||VTCPAY|20161118112520|1|10908|1284
sign: E2CE1C18D29E1F819D6C44F9169712C3FDDB34F86FBAEA691DD28586C9CD96EE
Vefify: False
11/18/2016 13:55:09: :	NLogLogger.GetCalleeString 
	Ket qua POST. Data: 100000|Giao d?ch thành công||20161118135350|1|1|1284
sign: D8F60EEEA85CAE7360A5CA1228E27A4EC954A087C2218D892E6666AAE8506881
Vefify: False
11/18/2016 14:00:49: :	NLogLogger.GetCalleeString 
	Ket qua POST. Data: 100000|Giao d?ch thành công||20161118135529|1|1|1284
sign: D9615CBC65A778C34E8C28B946B96B07D2051B663EFA75BE417F5A4395E808C9
Vefify: False
11/18/2016 14:00:50: :	NLogLogger.GetCalleeString 
	Ket qua POST. Data: 100000|||20161118135529|-21|11506|1284
sign: D48D965D394186A77AD082BB3C72657448B2992F745D9D280172AA72CB208206
Vefify: False
11/18/2016 14:04:49: :	NLogLogger.GetCalleeString 
	Textsign: 50000|VND|0983666999|20161118140444|627|aaaaaaaaaaaaaaaabbbbbbbbbCCCCC123,signature:531B7D3B77ACF9EB7026572F39F98B532C6B153227D54B1D9D2B55E7A668FC4D
11/18/2016 14:04:49: :	NLogLogger.GetCalleeString 
	urlFull: http://beta.pay.vtc.vn/cong-thanh-toan/checkout.html?website_id=627&amount=50000&receiver_account=0983666999&reference_number=20161118140444&currency=VND&signature=531B7D3B77ACF9EB7026572F39F98B532C6B153227D54B1D9D2B55E7A668FC4D
11/18/2016 14:04:59: :	NLogLogger.GetCalleeString 
	Textsign: 50000|VND|0983666999|20161118140444|627|aaaaaaaaaaaaaaaabbbbbbbbbCCCCC123,signature:531B7D3B77ACF9EB7026572F39F98B532C6B153227D54B1D9D2B55E7A668FC4D
11/18/2016 14:04:59: :	NLogLogger.GetCalleeString 
	urlFull: https://pay.vtc.vn/bank-gateway/checkout.html?website_id=627&amount=50000&receiver_account=0983666999&reference_number=20161118140444&currency=VND&signature=531B7D3B77ACF9EB7026572F39F98B532C6B153227D54B1D9D2B55E7A668FC4D
11/18/2016 14:31:52: :	NLogLogger.GetCalleeString 
	Ket qua POST. Data: 50000|Giao d?ch thành công||20161118143126|1|1|1284
sign: 545CC20B7B5AF2D383676656C770BF099039157C06E03EB73CE195990CFBEB2F
Vefify: False
11/18/2016 15:05:33: :	NLogLogger.GetCalleeString 
	Textsign: 50000|VND|0983666999|20161118150528|627|aaaaaaaaaaaaaaaabbbbbbbbbCCCCC123,signature:A1C0D0A43DF26FE822B7DCC430B8879FD9B40A5E93A1985022E6DCF4551BA4C5
11/18/2016 15:05:33: :	NLogLogger.GetCalleeString 
	urlFull: https://pay.vtc.vn/bank-gateway/checkout.html?website_id=627&amount=50000&receiver_account=0983666999&reference_number=20161118150528&currency=VND&signature=A1C0D0A43DF26FE822B7DCC430B8879FD9B40A5E93A1985022E6DCF4551BA4C5
11/18/2016 15:56:00: :	NLogLogger.GetCalleeString 
	Textsign: 50000|VND|0983666999|20161118155556|453|aaaaaaaaaaaaaaaabbbbbbbbbCCCCC123,signature:B0C8A6E3365736F7C45FEFC03D1D8578943061A5FC0314DCFB75475E1A8AE3FA
11/18/2016 15:56:00: :	NLogLogger.GetCalleeString 
	urlFull: http://sandbox1.vtcebank.vn/payportalv2/checkout.html?website_id=453&amount=50000&receiver_account=0983666999&reference_number=20161118155556&currency=VND&signature=B0C8A6E3365736F7C45FEFC03D1D8578943061A5FC0314DCFB75475E1A8AE3FA
11/18/2016 16:35:55: :	NLogLogger.GetCalleeString 
	Textsign: 50000|VND|0983666999|20161118163553|453|aaaaaaaaaaaaaaaabbbbbbbbbCCCCC123,signature:31C2B156B7FC7781075F6D00B9AFE7E94D52C93476535DDB555BDE4445DD8E3E
11/18/2016 16:35:55: :	NLogLogger.GetCalleeString 
	urlFull: http://sandbox1.vtcebank.vn/payportalv2/checkout.html?website_id=453&amount=50000&receiver_account=0983666999&reference_number=20161118163553&currency=VND&signature=31C2B156B7FC7781075F6D00B9AFE7E94D52C93476535DDB555BDE4445DD8E3E
11/18/2016 16:47:05: :	NLogLogger.GetCalleeString 
	Ket qua POST. Data: 20161118155556|-1|50000|453
sign: 82C32011B1C5ADAD68CAE48B92EA38D0E176D0B7B0752739128C9ECD3C64CD0F
Vefify: True
