11/22/2016 11:40:03: :	NLogLogger.GetCalleeString 
	Textsign: 50000|VND|0989748722|20161122113945|453|aaaaaaaaaaaaaaaabbbbbbbbbCCCCC123,signature:6F5F8C91F248488302A62990203794B898FBF3301DA6BDBB1C70D15F2E56FFA7
11/22/2016 11:40:03: :	NLogLogger.GetCalleeString 
	urlFull: http://sandbox1.vtcebank.vn/payportalv2/checkout.html?website_id=453&amount=50000&receiver_account=0989748722&reference_number=20161122113945&currency=VND&signature=6F5F8C91F248488302A62990203794B898FBF3301DA6BDBB1C70D15F2E56FFA7
11/22/2016 11:41:41: :	NLogLogger.GetCalleeString 
	Ket qua POST. Data: 20161122113945|1|50000|453
sign: FEB2E747F559FFE301FCD755122D3C7E063B31FA15D92056685F2DF8E49C8415
Vefify: True
11/22/2016 11:43:52: :	NLogLogger.GetCalleeString 
	Textsign: 50000|VND|0989748722|20161122114345|453|aaaaaaaaaaaaaaaabbbbbbbbbCCCCC123,signature:2B835D0EDAFAD12E0582A2C0AF40F26E01A344001B3F47060677DCC00DFDAC25
11/22/2016 11:43:52: :	NLogLogger.GetCalleeString 
	urlFull: http://sandbox1.vtcebank.vn/payportalv2/checkout.html?website_id=453&amount=50000&receiver_account=0989748722&reference_number=20161122114345&currency=VND&signature=2B835D0EDAFAD12E0582A2C0AF40F26E01A344001B3F47060677DCC00DFDAC25
11/22/2016 11:44:17: :	NLogLogger.GetCalleeString 
	Ket qua POST. Data: 20161122114345|7|50000|453
sign: CA952292E88C01291224CE33831BB6BD0D6787507CDB37886F295A16E9C2FB24
Vefify: True
11/22/2016 13:07:48: :	NLogLogger.GetCalleeString 
	Textsign: 50000|VND|0989748722|20161122130728|453|aaaaaaaaaaaaaaaabbbbbbbbbCCCCC123,signature:F3EBF129F740E137E6B49B2679088C17BD2B3EB3CA658B1F33765CD22F13FA53
11/22/2016 13:07:48: :	NLogLogger.GetCalleeString 
	urlFull: http://sandbox1.vtcebank.vn/payportalv2/checkout.html?website_id=453&amount=50000&receiver_account=0989748722&reference_number=20161122130728&currency=VND&signature=F3EBF129F740E137E6B49B2679088C17BD2B3EB3CA658B1F33765CD22F13FA53
11/22/2016 13:32:13: :	NLogLogger.GetCalleeString 
	Textsign: 50000|VND|0989748722|20161122132903|453|aaaaaaaaaaaaaaaabbbbbbbbbCCCCC123,signature:F5C6E618C6A4553DC6A9A522029FBDC73F9B59AD25895EB8B23C45151E7E8919
11/22/2016 13:32:14: :	NLogLogger.GetCalleeString 
	urlFull: http://sandbox1.vtcebank.vn/payportalv2/checkout.html?website_id=453&amount=50000&receiver_account=0989748722&reference_number=20161122132903&currency=VND&signature=F5C6E618C6A4553DC6A9A522029FBDC73F9B59AD25895EB8B23C45151E7E8919
11/22/2016 13:37:00: :	NLogLogger.GetCalleeString 
	Textsign: 50000|VND|0989748722|20161122133655|453|aaaaaaaaaaaaaaaabbbbbbbbbCCCCC123,signature:B4E884DDF708AFA5734331E69C1476AB03F3A120DAAFAF0261A6CFC653CC86AD
11/22/2016 13:37:00: :	NLogLogger.GetCalleeString 
	urlFull: http://sandbox1.vtcebank.vn/payportalv2/checkout.html?website_id=453&amount=50000&receiver_account=0989748722&reference_number=20161122133655&currency=VND&signature=B4E884DDF708AFA5734331E69C1476AB03F3A120DAAFAF0261A6CFC653CC86AD
11/22/2016 13:38:14: :	NLogLogger.GetCalleeString 
	Textsign: 50000|VND|0989748722|20161122133808|453|aaaaaaaaaaaaaaaabbbbbbbbbCCCCC123,signature:696A6B0E4302C928BD89610736E686B20BECE2525BA4030382E1781050363A39
11/22/2016 13:38:14: :	NLogLogger.GetCalleeString 
	urlFull: http://sandbox1.vtcebank.vn/payportalv2/checkout.html?website_id=453&amount=50000&receiver_account=0989748722&reference_number=20161122133808&currency=VND&signature=696A6B0E4302C928BD89610736E686B20BECE2525BA4030382E1781050363A39
11/22/2016 13:54:56: :	NLogLogger.GetCalleeString 
	Textsign: 50000|VND|0989748722|20161122134934|453|aaaaaaaaaaaaaaaabbbbbbbbbCCCCC123,signature:065ABF347DF61499413F434511CA8FF55D051322A832794A464E0EBCB72AE707
11/22/2016 13:54:56: :	NLogLogger.GetCalleeString 
	urlFull: http://sandbox1.vtcebank.vn/payportalv2/checkout.html?website_id=453&amount=50000&receiver_account=0989748722&reference_number=20161122134934&currency=VND&signature=065ABF347DF61499413F434511CA8FF55D051322A832794A464E0EBCB72AE707
11/22/2016 13:56:16: :	NLogLogger.GetCalleeString 
	Textsign: 50000|VND|0989748722|20161122135611|453|aaaaaaaaaaaaaaaabbbbbbbbbCCCCC123,signature:61490EDB7A1FB372A767651950ED714FD023D447DB92642B7E0565834D94E3C2
11/22/2016 13:56:16: :	NLogLogger.GetCalleeString 
	urlFull: http://sandbox1.vtcebank.vn/payportalv2/checkout.html?website_id=453&amount=50000&receiver_account=0989748722&reference_number=20161122135611&currency=VND&signature=61490EDB7A1FB372A767651950ED714FD023D447DB92642B7E0565834D94E3C2
11/22/2016 13:57:22: :	NLogLogger.GetCalleeString 
	Textsign: 50000|VND|0983666999|20161122135721|453|aaaaaaaaaaaaaaaabbbbbbbbbCCCCC123,signature:106FE36382D4ED4E0A3CFE7910EB1A6242525A1120D499982BDEC2C21B115B9B
11/22/2016 13:57:22: :	NLogLogger.GetCalleeString 
	urlFull: http://sandbox1.vtcebank.vn/payportalv2/checkout.html?website_id=453&amount=50000&receiver_account=0983666999&reference_number=20161122135721&currency=VND&signature=106FE36382D4ED4E0A3CFE7910EB1A6242525A1120D499982BDEC2C21B115B9B
11/22/2016 13:58:47: :	NLogLogger.GetCalleeString 
	Textsign: 50000|VND|0983666999|20161122135845|453|aaaaaaaaaaaaaaaabbbbbbbbbCCCCC123,signature:9D66B4F2E49B89031557CB2315BCE73AF80F307AC9EF115DA9CBD45D6716F621
11/22/2016 13:58:47: :	NLogLogger.GetCalleeString 
	urlFull: http://sandbox1.vtcebank.vn/payportalv2/checkout.html?website_id=453&amount=50000&receiver_account=0983666999&reference_number=20161122135845&currency=VND&signature=9D66B4F2E49B89031557CB2315BCE73AF80F307AC9EF115DA9CBD45D6716F621
11/22/2016 13:59:31: :	NLogLogger.GetCalleeString 
	Textsign: 50000|VND|0989748722|20161122135924|453|aaaaaaaaaaaaaaaabbbbbbbbbCCCCC123,signature:DB8FF56B5F3518A9B62A2EC99CBC6851C7BDFA8D150953C930F10EB76FD33DB5
11/22/2016 13:59:31: :	NLogLogger.GetCalleeString 
	urlFull: http://sandbox1.vtcebank.vn/payportalv2/checkout.html?website_id=453&amount=50000&receiver_account=0989748722&reference_number=20161122135924&currency=VND&signature=DB8FF56B5F3518A9B62A2EC99CBC6851C7BDFA8D150953C930F10EB76FD33DB5
11/22/2016 13:59:52: :	NLogLogger.GetCalleeString 
	Ket qua POST. Data: 20161122135924|7|50000|453
sign: 2B8941CC621B56153B669DF84BFE2B52ACE571FC63028C69A5C49CF0495840CD
Vefify: True
11/22/2016 13:59:53: :	NLogLogger.GetCalleeString 
	Ket qua POST. Data: 20161122135845|7|50000|453
sign: C82B930157001F0A9B17F053F76CE7A20E8467B7553A1E7F908E083C00458A5B
Vefify: True
11/22/2016 14:00:43: :	NLogLogger.GetCalleeString 
	Textsign: 50000|VND|0989748722|20161122140037|453|aaaaaaaaaaaaaaaabbbbbbbbbCCCCC123,signature:8B66CD56DD0FDBA9C0C214C16C0DF4665649539BF78FCCDD22772939F8B3D9F6
11/22/2016 14:00:43: :	NLogLogger.GetCalleeString 
	urlFull: http://sandbox1.vtcebank.vn/payportalv2/checkout.html?website_id=453&amount=50000&receiver_account=0989748722&reference_number=20161122140037&currency=VND&signature=8B66CD56DD0FDBA9C0C214C16C0DF4665649539BF78FCCDD22772939F8B3D9F6
11/22/2016 14:01:10: :	NLogLogger.GetCalleeString 
	Ket qua POST. Data: 20161122140037|7|50000|453
sign: 7C3C305EF0711CB9331DEB255F5382E95CD36712232CF9E6DC07C54CD4AF58C6
Vefify: True
11/22/2016 14:03:19: :	NLogLogger.GetCalleeString 
	Textsign: 50000|VND|0989748722|20161122140313|453|aaaaaaaaaaaaaaaabbbbbbbbbCCCCC123,signature:8F17857AC0A45E34C22298C2A18F9A2A1C2CEA241E43E6018E1CDB8F4C5A4E64
11/22/2016 14:03:19: :	NLogLogger.GetCalleeString 
	urlFull: http://sandbox1.vtcebank.vn/payportalv2/checkout.html?website_id=453&amount=50000&receiver_account=0989748722&reference_number=20161122140313&currency=VND&signature=8F17857AC0A45E34C22298C2A18F9A2A1C2CEA241E43E6018E1CDB8F4C5A4E64
11/22/2016 14:03:43: :	NLogLogger.GetCalleeString 
	Ket qua POST. Data: 20161122140313|1|50000|453
sign: B33E98130D0BC4CF596C0955F01F7F10188FF64FBDED9BCDC3AD74A1A83BF99C
Vefify: True
11/22/2016 14:04:24: :	NLogLogger.GetCalleeString 
	Textsign: 50000|VND|0989748722|20161122140415|453|aaaaaaaaaaaaaaaabbbbbbbbbCCCCC123,signature:8843BF5BE7091BEF8DC5A1413B63FFAB7232706277C4D5910B5AF989EB3D98A1
11/22/2016 14:04:24: :	NLogLogger.GetCalleeString 
	urlFull: http://sandbox1.vtcebank.vn/payportalv2/checkout.html?website_id=453&amount=50000&receiver_account=0989748722&reference_number=20161122140415&currency=VND&signature=8843BF5BE7091BEF8DC5A1413B63FFAB7232706277C4D5910B5AF989EB3D98A1
11/22/2016 14:04:54: :	NLogLogger.GetCalleeString 
	Ket qua POST. Data: 20161122140415|1|50000|453
sign: 71E1278CB05BD0EF404F74A88E09EB97CC86CD4C3E42E801683B0B7FE4374B8B
Vefify: True
