12/03/2016 16:19:42: :	NLogLogger.GetCalleeString 
	Ket qua POST. Data: 20161203161643|1|300000|453
sign: AD88BFDB67E4FB46A03BA18188E525B1FF4B40304A82311B5CF63120DAA07033
Vefify: True
12/03/2016 16:29:43: :	NLogLogger.GetCalleeString 
	Ket qua POST. Data: 20161203162800|-1|350000|453
sign: AD2557B264134E30302096159F224E20D48E5C7F2AB713833B975436DFB2A2E6
Vefify: True
12/03/2016 16:32:15: :	NLogLogger.GetCalleeString 
	Ket qua POST. Data: 20161203163110|1|30000|453
sign: CFC51C03562AC1E428374E2B7FBE52A8E150C1B96162A4643A83945E07C8CFF0
Vefify: True
12/03/2016 16:54:53: :	NLogLogger.GetCalleeString 
	Ket qua POST. Data: 20161203165324|404|30000|453
sign: 23C8570CA54D39A0202DA7D2396C83956030BA37A57878D41E946E81AA90FC74
Vefify: True
12/03/2016 16:58:22: :	NLogLogger.GetCalleeString 
	Ket qua POST. Data: 20161202|404|300000|453
sign: 1310FA849156CC21D514C9F3F026E7E693E879153C1D635BE58D51885AE43004
Vefify: True
