11/21/2016 10:04:15: :	NLogLogger.GetCalleeString 
	Textsign: 50000|VND|0983666999|20161121100412|453|aaaaaaaaaaaaaaaabbbbbbbbbCCCCC123,signature:A7FB3C26097D239A774C741C34F5B4FF9D95769A54F401F34276E02265D9C9E6
11/21/2016 10:04:15: :	NLogLogger.GetCalleeString 
	urlFull: http://sandbox1.vtcebank.vn/payportalv2/checkout.html?website_id=453&amount=50000&receiver_account=0983666999&reference_number=20161121100412&currency=VND&signature=A7FB3C26097D239A774C741C34F5B4FF9D95769A54F401F34276E02265D9C9E6
11/21/2016 11:35:22: :	NLogLogger.GetCalleeString 
	Textsign: 13|USD|0983666999|20161121113500|627|aaaaaaaaaaaaaaaabbbbbbbbbCCCCC123,signature:3F252B3F43E8D5C65F9D194815B41347475B81FBA6A62F32A52CB7D8734AEE61
11/21/2016 11:35:22: :	NLogLogger.GetCalleeString 
	urlFull: https://pay.vtc.vn/bank-gateway/checkout.html?website_id=627&amount=13&receiver_account=0983666999&reference_number=20161121113500&currency=USD&signature=3F252B3F43E8D5C65F9D194815B41347475B81FBA6A62F32A52CB7D8734AEE61
11/21/2016 13:35:21: :	NLogLogger.GetCalleeString 
	Textsign: 50000|VND|0983666999|20161121133519|453|aaaaaaaaaaaaaaaabbbbbbbbbCCCCC123,signature:B4DE5DF0DB0BB26A5AAF116DD15796C8495F59687FB775E15F0F17E76CE6D4F4
11/21/2016 13:35:21: :	NLogLogger.GetCalleeString 
	urlFull: http://sandbox1.vtcebank.vn/payportalv2/checkout.html?website_id=453&amount=50000&receiver_account=0983666999&reference_number=20161121133519&currency=VND&signature=B4DE5DF0DB0BB26A5AAF116DD15796C8495F59687FB775E15F0F17E76CE6D4F4
11/21/2016 13:53:57: :	NLogLogger.GetCalleeString 
	Textsign: 50000|VND|0983666999|20161121135355|453|aaaaaaaaaaaaaaaabbbbbbbbbCCCCC123,signature:AE910A9F7515F3E3A020BFE2FB20CEB8EEFB216EE6F8FCED848CBD141293E946
11/21/2016 13:53:57: :	NLogLogger.GetCalleeString 
	urlFull: http://sandbox1.vtcebank.vn/payportalv2/checkout.html?website_id=453&amount=50000&receiver_account=0983666999&reference_number=20161121135355&currency=VND&signature=AE910A9F7515F3E3A020BFE2FB20CEB8EEFB216EE6F8FCED848CBD141293E946
11/21/2016 13:54:02: :	NLogLogger.GetCalleeString 
	Ket qua POST. Data: 20161121135355|-1|50000|453
sign: A1523513B75B0AB8479FA9AD80C0B878065582F8CAF71C53F284B609F3E2F79F
Vefify: True
11/21/2016 13:55:56: :	NLogLogger.GetCalleeString 
	Textsign: 50000|VND|0983666999|20161121135553|453|aaaaaaaaaaaaaaaabbbbbbbbbCCCCC123,signature:8731788062E895CD8A111DAD277C3FFE615A13B38C6427A576A2118A16AD494E
11/21/2016 13:55:56: :	NLogLogger.GetCalleeString 
	urlFull: http://sandbox1.vtcebank.vn/payportalv2/checkout.html?website_id=453&amount=50000&receiver_account=0983666999&reference_number=20161121135553&currency=VND&signature=8731788062E895CD8A111DAD277C3FFE615A13B38C6427A576A2118A16AD494E
11/21/2016 13:56:00: :	NLogLogger.GetCalleeString 
	Ket qua POST. Data: 20161121135553|-1|50000|453
sign: F18DC4AA3A7B7C1D3C91FD4D1FB7BFD762660EE54535372030931249C0EA1501
Vefify: True
11/21/2016 16:34:28: :	NLogLogger.GetCalleeString 
	Textsign: 50000|VND|0983666999|20161121163423|627|aaaaaaaaaaaaaaaabbbbbbbbbCCCCC123,signature:D2530348D992E6EBDE3679452F69C9988C58A3D067F1DC72D168BC7CEEE75700
11/21/2016 16:34:28: :	NLogLogger.GetCalleeString 
	urlFull: https://pay.vtc.vn/bank-gateway/checkout.html?website_id=627&amount=50000&receiver_account=0983666999&reference_number=20161121163423&currency=VND&signature=D2530348D992E6EBDE3679452F69C9988C58A3D067F1DC72D168BC7CEEE75700
