11/03/2016 01:30:57: :	NLogLogger.GetCalleeString 
	Textsign: 50000|VND|0983666999|20161103013054|453|aaaaaaaaaaaaaaaabbbbbbbbbCCCCC123,signature:A9B0310728B85C215471F2A568A21755FF3D2D5C4481F0C8AB79540154A589DE
11/03/2016 01:30:57: :	NLogLogger.GetCalleeString 
	urlFull: http://sandbox1.vtcebank.vn/payportalv2/checkout.html?website_id=453&amount=50000&receiver_account=0983666999&reference_number=20161103013054&currency=VND&signature=A9B0310728B85C215471F2A568A21755FF3D2D5C4481F0C8AB79540154A589DE
11/03/2016 08:41:18: :	NLogLogger.GetCalleeString 
	Textsign: 50000|VND|0983666999|20161103084114|453|aaaaaaaaaaaaaaaabbbbbbbbbCCCCC123,signature:AC3F1A7049F2D6D0060EEF344CA2899F06EDDE689EF771B706CD035E90FCD011
11/03/2016 08:41:18: :	NLogLogger.GetCalleeString 
	urlFull: http://sandbox1.vtcebank.vn/payportalv2/checkout.html?website_id=453&amount=50000&receiver_account=0983666999&reference_number=20161103084114&currency=VND&signature=AC3F1A7049F2D6D0060EEF344CA2899F06EDDE689EF771B706CD035E90FCD011
11/03/2016 08:41:53: :	NLogLogger.GetCalleeString 
	Ket qua POST. Data: 20161103084114|1|50000|453
sign: 478B87ED754EAFC50E4D1B431FE4E3478893FF323A833642F46BC7056AA42F6D
Vefify: True
11/03/2016 08:52:20: :	NLogLogger.GetCalleeString 
	Textsign: 60000|VND|0983666999|20161103085213|453|aaaaaaaaaaaaaaaabbbbbbbbbCCCCC123,signature:71C5D32D825A5AA252ED7BA0BD59EE36CE908BDA6DA4945505D3B4B61CBD1B5B
11/03/2016 08:52:20: :	NLogLogger.GetCalleeString 
	urlFull: http://sandbox1.vtcebank.vn/payportalv2/checkout.html?website_id=453&amount=60000&receiver_account=0983666999&reference_number=20161103085213&currency=VND&signature=71C5D32D825A5AA252ED7BA0BD59EE36CE908BDA6DA4945505D3B4B61CBD1B5B
11/03/2016 08:53:22: :	NLogLogger.GetCalleeString 
	Ket qua POST. Data: 20161103085213|1|60000|453
sign: 11F68270E869F1AB87A3BEB55EC726B617542A390E1E260D94CF0252E6443947
Vefify: True
11/03/2016 09:08:26: :	NLogLogger.GetCalleeString 
	Ket qua POST. Data: 20161103090832|404|30000|453
sign: C9A6BE0148A63623074198A8CA7BACE8A4F1A9E11D81EDF7F8C2684E9318D20E
Vefify: True
11/03/2016 09:21:22: :	NLogLogger.GetCalleeString 
	Textsign: 50000|VND|0904646496|20161103085732|453|aaaaaaaaaaaaaaaabbbbbbbbbCCCCC123,signature:C42A3BEB1BCA09644C1B6F03D669AB8F44475797809B1BC49D1ED55D91AE6C2A
11/03/2016 09:21:22: :	NLogLogger.GetCalleeString 
	urlFull: http://sandbox1.vtcebank.vn/payportalv2/checkout.html?website_id=453&amount=50000&receiver_account=0904646496&reference_number=20161103085732&currency=VND&signature=C42A3BEB1BCA09644C1B6F03D669AB8F44475797809B1BC49D1ED55D91AE6C2A
11/03/2016 09:28:39: :	NLogLogger.GetCalleeString 
	Textsign: 50000|VND|0904646496|20161103092833|453|aaaaaaaaaaaaaaaabbbbbbbbbCCCCC123,signature:BD063EFB281E6E56D05237D6B059CAC4E221169A50EB6000F29B569E763855CD
11/03/2016 09:28:39: :	NLogLogger.GetCalleeString 
	urlFull: http://sandbox1.vtcebank.vn/payportalv2/checkout.html?website_id=453&amount=50000&receiver_account=0904646496&reference_number=20161103092833&currency=VND&signature=BD063EFB281E6E56D05237D6B059CAC4E221169A50EB6000F29B569E763855CD
11/03/2016 09:35:48: :	NLogLogger.GetCalleeString 
	Textsign: 50000|VND|0983666999|20161103093545|453|aaaaaaaaaaaaaaaabbbbbbbbbCCCCC123,signature:E78F53B5B41A29717511215EE1747EBF068195F6863DC4DA4E9BDE1FE402327B
11/03/2016 09:35:48: :	NLogLogger.GetCalleeString 
	urlFull: http://sandbox1.vtcebank.vn/payportalv2/checkout.html?website_id=453&amount=50000&receiver_account=0983666999&reference_number=20161103093545&currency=VND&signature=E78F53B5B41A29717511215EE1747EBF068195F6863DC4DA4E9BDE1FE402327B
11/03/2016 09:36:59: :	NLogLogger.GetCalleeString 
	Ket qua POST. Data: |-1|50000|453
sign: DBE9D8C55454BED524A93D957FD43BECEC47CE9BB0076CE8EFF3D5F1621FC558
Vefify: True
11/03/2016 09:37:47: :	NLogLogger.GetCalleeString 
	Textsign: 50000|VND|0983666999|20161103093742|453|aaaaaaaaaaaaaaaabbbbbbbbbCCCCC123,signature:83D69805CB4EA9C3E67F29C4684F4CA98450BB13170A3F814736A1DBA9F0CC24
11/03/2016 09:37:47: :	NLogLogger.GetCalleeString 
	urlFull: http://sandbox1.vtcebank.vn/payportalv2/checkout.html?website_id=453&amount=50000&receiver_account=0983666999&reference_number=20161103093742&currency=VND&signature=83D69805CB4EA9C3E67F29C4684F4CA98450BB13170A3F814736A1DBA9F0CC24
11/03/2016 09:38:31: :	NLogLogger.GetCalleeString 
	Textsign: 50000|VND|0904646496|20161103093823|453|aaaaaaaaaaaaaaaabbbbbbbbbCCCCC123,signature:12C495A19B16CBBA50C10B3041BA68E8876038893D50606487F87D47E527296B
11/03/2016 09:38:31: :	NLogLogger.GetCalleeString 
	urlFull: http://sandbox1.vtcebank.vn/payportalv2/checkout.html?website_id=453&amount=50000&receiver_account=0904646496&reference_number=20161103093823&currency=VND&signature=12C495A19B16CBBA50C10B3041BA68E8876038893D50606487F87D47E527296B
11/03/2016 09:38:45: :	NLogLogger.GetCalleeString 
	Textsign: 50000|VND|0989748722|20161103093840|453|aaaaaaaaaaaaaaaabbbbbbbbbCCCCC123,signature:D74A46414CA0D324CFBDCD77D4DB15442F4F706C9708BB92B3A558A1D007C1C7
11/03/2016 09:38:45: :	NLogLogger.GetCalleeString 
	urlFull: http://sandbox1.vtcebank.vn/payportalv2/checkout.html?website_id=453&amount=50000&receiver_account=0989748722&reference_number=20161103093840&currency=VND&signature=D74A46414CA0D324CFBDCD77D4DB15442F4F706C9708BB92B3A558A1D007C1C7
11/03/2016 09:39:24: :	NLogLogger.GetCalleeString 
	Ket qua POST. Data: |-1|50000|453
sign: DBE9D8C55454BED524A93D957FD43BECEC47CE9BB0076CE8EFF3D5F1621FC558
Vefify: True
11/03/2016 09:39:28: :	NLogLogger.GetCalleeString 
	Ket qua POST. Data: |-1|50000|453
sign: DBE9D8C55454BED524A93D957FD43BECEC47CE9BB0076CE8EFF3D5F1621FC558
Vefify: True
11/03/2016 09:39:49: :	NLogLogger.GetCalleeString 
	Textsign: 50000|VND|0904646496|20161103093937|453|aaaaaaaaaaaaaaaabbbbbbbbbCCCCC123,signature:91868104637B4AF961EB6AE3B24173F5CD198AB59CF4B93E049DCA5B5453E130
11/03/2016 09:39:49: :	NLogLogger.GetCalleeString 
	urlFull: http://sandbox1.vtcebank.vn/payportalv2/checkout.html?website_id=453&amount=50000&receiver_account=0904646496&reference_number=20161103093937&currency=VND&signature=91868104637B4AF961EB6AE3B24173F5CD198AB59CF4B93E049DCA5B5453E130
11/03/2016 09:40:16: :	NLogLogger.GetCalleeString 
	Ket qua POST. Data: |-1|50000|453
sign: DBE9D8C55454BED524A93D957FD43BECEC47CE9BB0076CE8EFF3D5F1621FC558
Vefify: True
11/03/2016 09:40:53: :	NLogLogger.GetCalleeString 
	Textsign: 50000|VND|0983666999|20161103093954|453|aaaaaaaaaaaaaaaabbbbbbbbbCCCCC123,signature:3D70CCA019CC89FADECB3E01981DA8EAF8CB3F916986657E43F88111E2148280
11/03/2016 09:40:53: :	NLogLogger.GetCalleeString 
	urlFull: http://sandbox1.vtcebank.vn/payportalv2/checkout.html?website_id=453&amount=50000&receiver_account=0983666999&reference_number=20161103093954&currency=VND&signature=3D70CCA019CC89FADECB3E01981DA8EAF8CB3F916986657E43F88111E2148280
11/03/2016 09:41:14: :	NLogLogger.GetCalleeString 
	Ket qua POST. Data: |-1|50000|453
sign: DBE9D8C55454BED524A93D957FD43BECEC47CE9BB0076CE8EFF3D5F1621FC558
Vefify: True
11/03/2016 09:47:17: :	NLogLogger.GetCalleeString 
	Ket qua POST. Data: |-1|50000|453
sign: DBE9D8C55454BED524A93D957FD43BECEC47CE9BB0076CE8EFF3D5F1621FC558
Vefify: True
11/03/2016 09:47:27: :	NLogLogger.GetCalleeString 
	Ket qua POST. Data: |-1|50000|453
sign: DBE9D8C55454BED524A93D957FD43BECEC47CE9BB0076CE8EFF3D5F1621FC558
Vefify: True
11/03/2016 09:48:58: :	NLogLogger.GetCalleeString 
	Ket qua POST. Data: |-1|50000|453
sign: DBE9D8C55454BED524A93D957FD43BECEC47CE9BB0076CE8EFF3D5F1621FC558
Vefify: True
11/03/2016 10:04:19: :	NLogLogger.GetCalleeString 
	Textsign: 50000|VND|0983666999|20161103100417|453|aaaaaaaaaaaaaaaabbbbbbbbbCCCCC123,signature:DCB2A6378203B9FE59EFC2CF8A3A2E5C394161D6CE1DB2340839BF9A2B0EC936
11/03/2016 10:04:19: :	NLogLogger.GetCalleeString 
	urlFull: http://sandbox1.vtcebank.vn/payportalv2/checkout.html?website_id=453&amount=50000&receiver_account=0983666999&reference_number=20161103100417&currency=VND&signature=DCB2A6378203B9FE59EFC2CF8A3A2E5C394161D6CE1DB2340839BF9A2B0EC936
11/03/2016 10:04:43: :	NLogLogger.GetCalleeString 
	Ket qua POST. Data: |-1|50000|453
sign: DBE9D8C55454BED524A93D957FD43BECEC47CE9BB0076CE8EFF3D5F1621FC558
Vefify: True
11/03/2016 10:06:41: :	NLogLogger.GetCalleeString 
	Textsign: 50000|VND|0983666999|20161103100640|453|aaaaaaaaaaaaaaaabbbbbbbbbCCCCC123,signature:D9AE27D203442EAE7E029866C002132AE755765B21C5CC221133BDB6D2A468A3
11/03/2016 10:06:41: :	NLogLogger.GetCalleeString 
	urlFull: http://sandbox1.vtcebank.vn/payportalv2/checkout.html?website_id=453&amount=50000&receiver_account=0983666999&reference_number=20161103100640&currency=VND&signature=D9AE27D203442EAE7E029866C002132AE755765B21C5CC221133BDB6D2A468A3
11/03/2016 10:06:47: :	NLogLogger.GetCalleeString 
	Textsign: 50000|VND|0983666999|20161103100643|453|aaaaaaaaaaaaaaaabbbbbbbbbCCCCC123,signature:90FDAE5A386D430BDA4224274642E074D05FC53FED38EAC122C871A93A3F3B52
11/03/2016 10:06:47: :	NLogLogger.GetCalleeString 
	urlFull: http://sandbox1.vtcebank.vn/payportalv2/checkout.html?website_id=453&amount=50000&receiver_account=0983666999&reference_number=20161103100643&currency=VND&signature=90FDAE5A386D430BDA4224274642E074D05FC53FED38EAC122C871A93A3F3B52
11/03/2016 10:07:17: :	NLogLogger.GetCalleeString 
	Textsign: 50000|VND|0983666999|20161103100651|627|aaaaaaaaaaaaaaaabbbbbbbbbCCCCC123,signature:EE86AC5D5CEA9AC8023C2DBECB193D113CB56043A8B51E039A6E08F634D7F756
11/03/2016 10:07:17: :	NLogLogger.GetCalleeString 
	urlFull: https://pay.vtc.vn/bank-gateway/checkout.html?website_id=627&amount=50000&receiver_account=0983666999&reference_number=20161103100651&currency=VND&signature=EE86AC5D5CEA9AC8023C2DBECB193D113CB56043A8B51E039A6E08F634D7F756
11/03/2016 10:16:37: :	NLogLogger.GetCalleeString 
	Textsign: 50000|VND|0983666999|20161103101634|453|aaaaaaaaaaaaaaaabbbbbbbbbCCCCC123,signature:D057D95C33C2C6F04411EA47DBA5DA5C60EBED35C70F1DDDA5FAFDD39EFB63EB
11/03/2016 10:16:37: :	NLogLogger.GetCalleeString 
	urlFull: http://sandbox1.vtcebank.vn/payportalv2/checkout.html?website_id=453&amount=50000&receiver_account=0983666999&reference_number=20161103101634&currency=VND&signature=D057D95C33C2C6F04411EA47DBA5DA5C60EBED35C70F1DDDA5FAFDD39EFB63EB
11/03/2016 10:17:17: :	NLogLogger.GetCalleeString 
	Ket qua POST. Data: 20161103101634|0|50000|453
sign: 915CE0280684456675AB6F216C2EB3DA5A298A1ABB51A8A047A8B96B5F824BD4
Vefify: True
11/03/2016 10:32:47: :	NLogLogger.GetCalleeString 
	Textsign: 50000|VND|0983666999|20161103103246|453|aaaaaaaaaaaaaaaabbbbbbbbbCCCCC123,signature:AE599CF35F98E6F81DFF45CC09D4ACC57DE91E239871F4F10F39B4365D62D274
11/03/2016 10:32:47: :	NLogLogger.GetCalleeString 
	urlFull: http://sandbox1.vtcebank.vn/payportalv2/checkout.html?website_id=453&amount=50000&receiver_account=0983666999&reference_number=20161103103246&currency=VND&signature=AE599CF35F98E6F81DFF45CC09D4ACC57DE91E239871F4F10F39B4365D62D274
11/03/2016 10:32:53: :	NLogLogger.GetCalleeString 
	Ket qua POST. Data: 20161103103246|0|50000|453
sign: 6975BA21675338B08D6AB1C106FC1CC08FAD9EB80066F4D4066184634B228C85
Vefify: True
11/03/2016 11:08:49: :	NLogLogger.GetCalleeString 
	Textsign: 50000|VND|0983666999|20161103110844|627|aaaaaaaaaaaaaaaabbbbbbbbbCCCCC123,signature:D8B487B90B219513C7EFADFFB01CB93157217A003D7933144D9AD33DC318E54B
11/03/2016 11:08:49: :	NLogLogger.GetCalleeString 
	urlFull: https://pay.vtc.vn/bank-gateway/checkout.html?website_id=627&amount=50000&receiver_account=0983666999&reference_number=20161103110844&currency=VND&signature=D8B487B90B219513C7EFADFFB01CB93157217A003D7933144D9AD33DC318E54B
11/03/2016 11:08:53: :	NLogLogger.GetCalleeString 
	Textsign: 50000|VND|0983666999|20161103110832|453|aaaaaaaaaaaaaaaabbbbbbbbbCCCCC123,signature:5DE325BDB9BDBC4AB103435CF17D41A9BA93724D767F6FBCE5BBC004890E71ED
11/03/2016 11:08:53: :	NLogLogger.GetCalleeString 
	urlFull: http://sandbox1.vtcebank.vn/payportalv2/checkout.html?website_id=453&amount=50000&receiver_account=0983666999&reference_number=20161103110832&currency=VND&signature=5DE325BDB9BDBC4AB103435CF17D41A9BA93724D767F6FBCE5BBC004890E71ED
11/03/2016 11:12:48: :	NLogLogger.GetCalleeString 
	Textsign: 50000|VND|0983666999|20161103111246|453|aaaaaaaaaaaaaaaabbbbbbbbbCCCCC123,signature:48F1126B5011C456A73E52FFC31DFEED473A57B23D6F2DBC3BF73F73F3006746
11/03/2016 11:12:48: :	NLogLogger.GetCalleeString 
	urlFull: http://sandbox1.vtcebank.vn/payportalv2/checkout.html?website_id=453&amount=50000&receiver_account=0983666999&reference_number=20161103111246&currency=VND&signature=48F1126B5011C456A73E52FFC31DFEED473A57B23D6F2DBC3BF73F73F3006746
11/03/2016 11:13:17: :	NLogLogger.GetCalleeString 
	Ket qua POST. Data: 20161103111246|1|50000|453
sign: 0A43974FF11F7E4B96D1172FC65F90C55F6DB9FDF13BCA41B9FCD4C925D5C11E
Vefify: True
11/03/2016 11:18:47: :	NLogLogger.GetCalleeString 
	Textsign: 50000|VND|0904646496|20161103111840|453|aaaaaaaaaaaaaaaabbbbbbbbbCCCCC123,signature:5CB71DD821834AC74561094DFB49B4F0691857FACB698843F567B8AB3F04B2BB
11/03/2016 11:18:47: :	NLogLogger.GetCalleeString 
	urlFull: http://sandbox1.vtcebank.vn/payportalv2/checkout.html?website_id=453&amount=50000&receiver_account=0904646496&reference_number=20161103111840&currency=VND&signature=5CB71DD821834AC74561094DFB49B4F0691857FACB698843F567B8AB3F04B2BB
11/03/2016 11:18:53: :	NLogLogger.GetCalleeString 
	Textsign: 50000|VND|0983666999|20161103111851|453|aaaaaaaaaaaaaaaabbbbbbbbbCCCCC123,signature:E6B8880E87F260005C4441695D98D36543FB75041256D58F900B75206044D2D8
11/03/2016 11:18:53: :	NLogLogger.GetCalleeString 
	urlFull: http://sandbox1.vtcebank.vn/payportalv2/checkout.html?website_id=453&amount=50000&receiver_account=0983666999&reference_number=20161103111851&currency=VND&signature=E6B8880E87F260005C4441695D98D36543FB75041256D58F900B75206044D2D8
11/03/2016 11:19:13: :	NLogLogger.GetCalleeString 
	Textsign: 50000|VND|0983666999|20161103111906|453|aaaaaaaaaaaaaaaabbbbbbbbbCCCCC123,signature:C0FFA1DA7A0E4E37751A7078FAE51F21448ACCF11AE319070FF96B90E80DC25E
11/03/2016 11:19:13: :	NLogLogger.GetCalleeString 
	urlFull: http://sandbox.vtcpay.vn/pay2.0/portalgateway/checkout.html?website_id=453&amount=50000&receiver_account=0983666999&reference_number=20161103111906&currency=VND&signature=C0FFA1DA7A0E4E37751A7078FAE51F21448ACCF11AE319070FF96B90E80DC25E
11/03/2016 11:19:19: :	NLogLogger.GetCalleeString 
	Ket qua POST. Data: 20161103111851|1|50000|453
sign: C92B62C3F12F7A684EEA098962F862F24F1BD35F825ADA5A4AE48AAD0DA5063C
Vefify: True
11/03/2016 11:21:53: :	NLogLogger.GetCalleeString 
	Textsign: 50000|VND|0983666999|20161103112150|627|aaaaaaaaaaaaaaaabbbbbbbbbCCCCC123,signature:D669BEE53BD6ABB6F3450187859E1EACF4A9FF6EB861BEDEE213602CD256C261
11/03/2016 11:21:53: :	NLogLogger.GetCalleeString 
	urlFull: https://pay.vtc.vn/bank-gateway/checkout.html?website_id=627&amount=50000&receiver_account=0983666999&reference_number=20161103112150&currency=VND&signature=D669BEE53BD6ABB6F3450187859E1EACF4A9FF6EB861BEDEE213602CD256C261
11/03/2016 11:23:38: :	NLogLogger.GetCalleeString 
	Textsign: 50000|VND|0983666999|20161103112015|453|aaaaaaaaaaaaaaaabbbbbbbbbCCCCC123,signature:A25AFBB047672A8F3801717718B342769A457398C0328E5D3A5182D8A8B1D0D7
11/03/2016 11:23:38: :	NLogLogger.GetCalleeString 
	urlFull: http://sandbox1.vtcebank.vn/payportalv2/checkout.html?website_id=453&amount=50000&receiver_account=0983666999&reference_number=20161103112015&currency=VND&signature=A25AFBB047672A8F3801717718B342769A457398C0328E5D3A5182D8A8B1D0D7
11/03/2016 11:37:31: :	NLogLogger.GetCalleeString 
	Textsign: 50000|VND|0977459061|20161103113725|453|aaaaaaaaaaaaaaaabbbbbbbbbCCCCC123,signature:ECD40E88067EF77034D316EEF365D86E892545485F8DD4A4BB840352285B2EBD
11/03/2016 11:37:31: :	NLogLogger.GetCalleeString 
	urlFull: http://sandbox1.vtcebank.vn/payportalv2/checkout.html?website_id=453&amount=50000&receiver_account=0977459061&reference_number=20161103113725&currency=VND&signature=ECD40E88067EF77034D316EEF365D86E892545485F8DD4A4BB840352285B2EBD
11/03/2016 11:38:39: :	NLogLogger.GetCalleeString 
	Textsign: 50000|VND|0977459061|20161103113831|453|aaaaaaaaaaaaaaaabbbbbbbbbCCCCC123,signature:6D42B6A4931F636848EF3B3EF5B27ED6789BBA07E616FC06D68F1B8C48C13A7F
11/03/2016 11:38:39: :	NLogLogger.GetCalleeString 
	urlFull: http://sandbox.vtcpay.vn/pay2.0/portalgateway/checkout.html?website_id=453&amount=50000&receiver_account=0977459061&reference_number=20161103113831&currency=VND&signature=6D42B6A4931F636848EF3B3EF5B27ED6789BBA07E616FC06D68F1B8C48C13A7F
11/03/2016 11:41:14: :	NLogLogger.GetCalleeString 
	Textsign: 500000|VND|0977459061|20161103114053|453|aaaaaaaaaaaaaaaabbbbbbbbbCCCCC123,signature:774737F1DAC1FB2BF8EC254F6A4F713D0707870BB9EB68BC4A515BE8E103E81F
11/03/2016 11:41:14: :	NLogLogger.GetCalleeString 
	urlFull: http://sandbox.vtcpay.vn/pay2.0/portalgateway/checkout.html?website_id=453&amount=500000&receiver_account=0977459061&reference_number=20161103114053&currency=VND&signature=774737F1DAC1FB2BF8EC254F6A4F713D0707870BB9EB68BC4A515BE8E103E81F
11/03/2016 11:48:02: :	NLogLogger.GetCalleeString 
	Textsign: 50000|VND|0977459061|20161103113831|453|aaaaaaaaaaaaaaaabbbbbbbbbCCCCC123,signature:6D42B6A4931F636848EF3B3EF5B27ED6789BBA07E616FC06D68F1B8C48C13A7F
11/03/2016 11:48:02: :	NLogLogger.GetCalleeString 
	urlFull: http://sandbox.vtcpay.vn/pay2.0/portalgateway/checkout.html?website_id=453&amount=50000&receiver_account=0977459061&reference_number=20161103113831&currency=VND&signature=6D42B6A4931F636848EF3B3EF5B27ED6789BBA07E616FC06D68F1B8C48C13A7F
11/03/2016 11:53:04: :	NLogLogger.GetCalleeString 
	Textsign: 50000|VND|0983666999|20161103115258|453|aaaaaaaaaaaaaaaabbbbbbbbbCCCCC123,signature:E9FA43B6116A5B45964D9C1DCE7E9BB82489226BD645FE25BEABB7DA40D5E8D8
11/03/2016 11:53:04: :	NLogLogger.GetCalleeString 
	urlFull: http://sandbox1.vtcebank.vn/payportalv2/checkout.html?website_id=453&amount=50000&receiver_account=0983666999&reference_number=20161103115258&currency=VND&signature=E9FA43B6116A5B45964D9C1DCE7E9BB82489226BD645FE25BEABB7DA40D5E8D8
11/03/2016 11:53:48: :	NLogLogger.GetCalleeString 
	Textsign: 50000|VND|0983666999|20161103115345|453|aaaaaaaaaaaaaaaabbbbbbbbbCCCCC123,signature:B8AC2B51C63DB9162E6D804AADFDA3C87C7F4A6D6B4CAB6BE1979E6B1D00BD04
11/03/2016 11:53:48: :	NLogLogger.GetCalleeString 
	urlFull: http://sandbox1.vtcebank.vn/payportalv2/checkout.html?website_id=453&amount=50000&receiver_account=0983666999&reference_number=20161103115345&currency=VND&signature=B8AC2B51C63DB9162E6D804AADFDA3C87C7F4A6D6B4CAB6BE1979E6B1D00BD04
11/03/2016 11:59:05: :	NLogLogger.GetCalleeString 
	Ket qua POST. Data: 500000||VTCPAY|20161103114053|1|663|453
sign: 1A6EE1DAA8D07C24FFD4E202E67DCDFD598830CB914F35D8FDC13D3637DD724E
Vefify: False
11/03/2016 11:59:33: :	NLogLogger.GetCalleeString 
	Textsign: 50000|VND|0977459061|20161103113831|453|aaaaaaaaaaaaaaaabbbbbbbbbCCCCC123,signature:6D42B6A4931F636848EF3B3EF5B27ED6789BBA07E616FC06D68F1B8C48C13A7F
11/03/2016 11:59:33: :	NLogLogger.GetCalleeString 
	urlFull: http://sandbox.vtcpay.vn/pay2.0/portalgateway/checkout.html?website_id=453&amount=50000&receiver_account=0977459061&reference_number=20161103113831&currency=VND&signature=6D42B6A4931F636848EF3B3EF5B27ED6789BBA07E616FC06D68F1B8C48C13A7F
11/03/2016 11:59:53: :	NLogLogger.GetCalleeString 
	Ket qua POST. Data: 50000|||20161103113831|-21||453
sign: 3759A9FC9AED383AF01A8C03ADF46EB0F4299E831CB5C657D02864E8F9429174
Vefify: False
11/03/2016 12:00:13: :	NLogLogger.GetCalleeString 
	Textsign: 50000|VND|0977459061|20161103113832|453|aaaaaaaaaaaaaaaabbbbbbbbbCCCCC123,signature:C676448EF1E3C2E9B782F2F1A0403390A2741EEDB95E662624DAD435DED22D80
11/03/2016 12:00:13: :	NLogLogger.GetCalleeString 
	urlFull: http://sandbox.vtcpay.vn/pay2.0/portalgateway/checkout.html?website_id=453&amount=50000&receiver_account=0977459061&reference_number=20161103113832&currency=VND&signature=C676448EF1E3C2E9B782F2F1A0403390A2741EEDB95E662624DAD435DED22D80
11/03/2016 12:00:21: :	NLogLogger.GetCalleeString 
	Ket qua POST. Data: 50000||VTCPAY|20161103113832|1|666|453
sign: 5F5B3F7C36A8ADF4F9B0F029E9463B8B4D147174ABC992C9DE728C820B678C96
Vefify: False
11/03/2016 12:01:25: :	NLogLogger.GetCalleeString 
	Ket qua POST. Data: 50000|||20161103113832|-21||453
sign: 361B03B1304BB204C3991590202509F916FC94B74B1CF5C3228D315090921294
Vefify: False
11/03/2016 12:01:32: :	NLogLogger.GetCalleeString 
	Textsign: 50000|VND|0977459061|20161103113833|453|aaaaaaaaaaaaaaaabbbbbbbbbCCCCC123,signature:8B1EDF54BCE6B75044BBFD99BCDA976A83B6A28777AB5460B79D7B6E778B3AC2
11/03/2016 12:01:32: :	NLogLogger.GetCalleeString 
	urlFull: http://sandbox.vtcpay.vn/pay2.0/portalgateway/checkout.html?website_id=453&amount=50000&receiver_account=0977459061&reference_number=20161103113833&currency=VND&signature=8B1EDF54BCE6B75044BBFD99BCDA976A83B6A28777AB5460B79D7B6E778B3AC2
11/03/2016 13:28:37: :	NLogLogger.GetCalleeString 
	Textsign: 50000|VND|0983666999|20161103132836|453|aaaaaaaaaaaaaaaabbbbbbbbbCCCCC123,signature:2BC6D4E19C123BA2F9ED53F7DC82F1B7A03982AB4E7DCCA85753B801CC0DEAA0
11/03/2016 13:28:37: :	NLogLogger.GetCalleeString 
	urlFull: http://sandbox1.vtcebank.vn/payportalv2/checkout.html?website_id=453&amount=50000&receiver_account=0983666999&reference_number=20161103132836&currency=VND&signature=2BC6D4E19C123BA2F9ED53F7DC82F1B7A03982AB4E7DCCA85753B801CC0DEAA0
11/03/2016 13:28:49: :	NLogLogger.GetCalleeString 
	Ket qua POST. Data: 20161103132836|-1|50000|453
sign: F6151883E661ED4AFA06ABA6B7AE86DA883D3AF9663C88DA4B992B55E0B84167
Vefify: True
11/03/2016 13:30:10: :	NLogLogger.GetCalleeString 
	Textsign: 50000|VND|0983666999|20161103133009|453|aaaaaaaaaaaaaaaabbbbbbbbbCCCCC123,signature:3D3D1F1AC2CC075EAC00D42494E9FD2A9E9BB79CB9CAA7CEC48591D18358BD35
11/03/2016 13:30:10: :	NLogLogger.GetCalleeString 
	urlFull: http://sandbox1.vtcebank.vn/payportalv2/checkout.html?website_id=453&amount=50000&receiver_account=0983666999&reference_number=20161103133009&currency=VND&signature=3D3D1F1AC2CC075EAC00D42494E9FD2A9E9BB79CB9CAA7CEC48591D18358BD35
11/03/2016 13:30:42: :	NLogLogger.GetCalleeString 
	Ket qua POST. Data: 20161103133009|1|50000|453
sign: A03B61567F90CAC8ED76EE9576A11CB3519A9AC8529B25D9F099FDDE0CF7F561
Vefify: True
11/03/2016 13:57:05: :	NLogLogger.GetCalleeString 
	Textsign: 50000|VND|0983666999|20161103135701|627|aaaaaaaaaaaaaaaabbbbbbbbbCCCCC123,signature:5D0BC2BB97FDF936D6A03577E216AC290ABE8459A6FA70B29C03E0FC3FF9FEA8
11/03/2016 13:57:05: :	NLogLogger.GetCalleeString 
	urlFull: https://pay.vtc.vn/bank-gateway/checkout.html?website_id=627&amount=50000&receiver_account=0983666999&reference_number=20161103135701&currency=VND&signature=5D0BC2BB97FDF936D6A03577E216AC290ABE8459A6FA70B29C03E0FC3FF9FEA8
11/03/2016 14:16:36: :	NLogLogger.GetCalleeString 
	Textsign: 50000|VND|0904646496|20161103141625|627|aaaaaaaaaaaaaaaabbbbbbbbbCCCCC123,signature:17E094B4C774F47B6365B6066954E1A03516795B9F6C3D79130CF256980E4285
11/03/2016 14:16:36: :	NLogLogger.GetCalleeString 
	urlFull: https://pay.vtc.vn/bank-gateway/checkout.html?website_id=627&amount=50000&receiver_account=0904646496&reference_number=20161103141625&currency=VND&signature=17E094B4C774F47B6365B6066954E1A03516795B9F6C3D79130CF256980E4285
11/03/2016 14:16:57: :	NLogLogger.GetCalleeString 
	Textsign: 10000|VND|0989748722|20161103141646|627|aaaaaaaaaaaaaaaabbbbbbbbbCCCCC123,signature:1920D08E0C31837455E735D9A862B23B41900D4BFB4142EC7646339002E080E0
11/03/2016 14:16:57: :	NLogLogger.GetCalleeString 
	urlFull: https://pay.vtc.vn/bank-gateway/checkout.html?website_id=627&amount=10000&receiver_account=0989748722&reference_number=20161103141646&currency=VND&signature=1920D08E0C31837455E735D9A862B23B41900D4BFB4142EC7646339002E080E0
11/03/2016 14:19:16: :	NLogLogger.GetCalleeString 
	Textsign: 10000|VND|0904646496|20161103141905|627|aaaaaaaaaaaaaaaabbbbbbbbbCCCCC123,signature:F2248228FC9995F21F373C4ED01FDFC80E43AAC9983FBB1C59055E8A6D945089
11/03/2016 14:19:16: :	NLogLogger.GetCalleeString 
	urlFull: https://pay.vtc.vn/bank-gateway/checkout.html?website_id=627&amount=10000&receiver_account=0904646496&reference_number=20161103141905&currency=VND&signature=F2248228FC9995F21F373C4ED01FDFC80E43AAC9983FBB1C59055E8A6D945089
11/03/2016 14:38:15: :	NLogLogger.GetCalleeString 
	Textsign: 500000|VND|01635055068|20161103143757|453|aaaaaaaaaaaaaaaabbbbbbbbbCCCCC123,signature:41B2392664386DAF24EBB465C9B3B197C1F0992EF6534536BB4ECDC543A47E85
11/03/2016 14:38:15: :	NLogLogger.GetCalleeString 
	urlFull: http://sandbox.vtcpay.vn/pay2.0/portalgateway/checkout.html?website_id=453&amount=500000&receiver_account=01635055068&reference_number=20161103143757&currency=VND&signature=41B2392664386DAF24EBB465C9B3B197C1F0992EF6534536BB4ECDC543A47E85
11/03/2016 14:38:35: :	NLogLogger.GetCalleeString 
	Ket qua POST. Data: 500000||VTCPAY|20161103143757|1|677|453
sign: 217C1E94AA746D4A505611514BCF5C852C9293A37DEC5907FFFCD19A84CCF378
Vefify: False
11/03/2016 15:53:09: :	NLogLogger.GetCalleeString 
	Textsign: 50000|VND|0977459061|20161103113833|453|aaaaaaaaaaaaaaaabbbbbbbbbCCCCC123,signature:8B1EDF54BCE6B75044BBFD99BCDA976A83B6A28777AB5460B79D7B6E778B3AC2
11/03/2016 15:53:09: :	NLogLogger.GetCalleeString 
	urlFull: http://sandbox.vtcpay.vn/pay2.0/portalgateway/checkout.html?website_id=453&amount=50000&receiver_account=0977459061&reference_number=20161103113833&currency=VND&signature=8B1EDF54BCE6B75044BBFD99BCDA976A83B6A28777AB5460B79D7B6E778B3AC2
11/03/2016 15:53:19: :	NLogLogger.GetCalleeString 
	Textsign: 60000|VND|0977459061|20161103113833|453|aaaaaaaaaaaaaaaabbbbbbbbbCCCCC123,signature:B7458D339032B70EB433CEBF93BEB80837D0442679615DB0D708793835BEB327
11/03/2016 15:53:19: :	NLogLogger.GetCalleeString 
	urlFull: http://sandbox.vtcpay.vn/pay2.0/portalgateway/checkout.html?website_id=453&amount=60000&receiver_account=0977459061&reference_number=20161103113833&currency=VND&signature=B7458D339032B70EB433CEBF93BEB80837D0442679615DB0D708793835BEB327
11/03/2016 15:54:22: :	NLogLogger.GetCalleeString 
	Ket qua POST. Data: 60000|||20161103113833|-21||453
sign: 3EEED2C79EF27035BEA5A0753AB4D3A3B8BD4C424FA46D6F8656B2AE2C10193A
Vefify: False
11/03/2016 15:54:32: :	NLogLogger.GetCalleeString 
	Textsign: 60000|VND|0977459061|20161103113834|453|aaaaaaaaaaaaaaaabbbbbbbbbCCCCC123,signature:655E004FF07E6D3A4728685A061D9009B97D37B797C6FF6549B139C9899704CB
11/03/2016 15:54:32: :	NLogLogger.GetCalleeString 
	urlFull: http://sandbox.vtcpay.vn/pay2.0/portalgateway/checkout.html?website_id=453&amount=60000&receiver_account=0977459061&reference_number=20161103113834&currency=VND&signature=655E004FF07E6D3A4728685A061D9009B97D37B797C6FF6549B139C9899704CB
11/03/2016 15:54:39: :	NLogLogger.GetCalleeString 
	Ket qua POST. Data: 60000||VTCPAY|20161103113834|1|10446|453
sign: FC13A065BAF1934971263E67D3E40FD05F551BE5CF5C8782767D5E68E1BB7F40
Vefify: False
11/03/2016 16:01:33: :	NLogLogger.GetCalleeString 
	Textsign: 50000|VND|0983666999|20161103160125|627|aaaaaaaaaaaaaaaabbbbbbbbbCCCCC123,signature:AECC276CA2E7351D182726D6262B65BD2013377EEEEC9480EC9341F0E3C0BBCE
11/03/2016 16:01:33: :	NLogLogger.GetCalleeString 
	urlFull: https://pay.vtc.vn/bank-gateway/checkout.html?website_id=627&amount=50000&receiver_account=0983666999&reference_number=20161103160125&currency=VND&signature=AECC276CA2E7351D182726D6262B65BD2013377EEEEC9480EC9341F0E3C0BBCE
11/03/2016 16:29:14: :	NLogLogger.GetCalleeString 
	Textsign: 60000|VND|01213268525|20161103113835|453|aaaaaaaaaaaaaaaabbbbbbbbbCCCCC123,signature:9F20AFB1D934CC73AADFCABD6C7C6D6C6D45970C307F6E2D1B5B58ECDC7F0584
11/03/2016 16:29:14: :	NLogLogger.GetCalleeString 
	urlFull: http://sandbox.vtcpay.vn/pay2.0/portalgateway/checkout.html?website_id=453&amount=60000&receiver_account=01213268525&reference_number=20161103113835&currency=VND&signature=9F20AFB1D934CC73AADFCABD6C7C6D6C6D45970C307F6E2D1B5B58ECDC7F0584
11/03/2016 16:31:10: :	NLogLogger.GetCalleeString 
	Ket qua POST. Data: 60000||VTCPAY|20161103113835|1|10453|453
sign: EF84B6A5F2F5977EACABB156A4D62381C6C4E961DAA5CE6038443721D70FF6C6
Vefify: False
11/03/2016 16:32:07: :	NLogLogger.GetCalleeString 
	Ket qua POST. Data: 60000|||20161103113835|-21||453
sign: 442C645F9B80EE3920E25763485872EB604E9FF9A216F24311D675CBC9266073
Vefify: False
11/03/2016 17:02:38: :	NLogLogger.GetCalleeString 
	Textsign: 50000|VND|0983666999|20161103170233|627|aaaaaaaaaaaaaaaabbbbbbbbbCCCCC123,signature:3A8ADE1CC41EA3F2B7A586490B7CCD3A172388D95BE901DD74D6CD2E72D8D065
11/03/2016 17:02:38: :	NLogLogger.GetCalleeString 
	urlFull: https://pay.vtc.vn/bank-gateway/checkout.html?website_id=627&amount=50000&receiver_account=0983666999&reference_number=20161103170233&currency=VND&signature=3A8ADE1CC41EA3F2B7A586490B7CCD3A172388D95BE901DD74D6CD2E72D8D065
