11/09/2016 09:13:00: :	NLogLogger.GetCalleeString 
	Ket qua POST. Data: 50000|Giao d?ch thành công||20161109085032|1|1|1284
sign: 920E01209EE164831A9012C8D749BC81319655D9AF82957093F39039A6951BEC
Vefify: False
11/09/2016 09:13:00: :	NLogLogger.GetCalleeString 
	Ket qua POST. Data: 50000|||20161109085032|-21|11300|1284
sign: 7F8610CABE3C7BD27B1B6583A7500F8EF054FEA85D382CE48F8E8750B79CBE64
Vefify: False
11/09/2016 09:54:37: :	NLogLogger.GetCalleeString 
	Textsign: 50000|VND|0983666999|20161109095435|453|aaaaaaaaaaaaaaaabbbbbbbbbCCCCC123,signature:C17C5F92541F6CD624A1285278F4BBABFB14EC033FE037D6B5D18BC049C23E26
11/09/2016 09:54:37: :	NLogLogger.GetCalleeString 
	urlFull: http://sandbox1.vtcebank.vn/payportalv2/checkout.html?website_id=453&amount=50000&receiver_account=0983666999&reference_number=20161109095435&currency=VND&signature=C17C5F92541F6CD624A1285278F4BBABFB14EC033FE037D6B5D18BC049C23E26
11/09/2016 11:10:39: :	NLogLogger.GetCalleeString 
	Ket qua POST. Data: 50000||VTCPAY|20161109110843|1|10703|1284
sign: F6694314E3A5147D9F7586491DF4351644FB67B2331EFC4C77A17E05D0E32302
Vefify: False
11/09/2016 11:12:23: :	NLogLogger.GetCalleeString 
	Ket qua POST. Data: 50000||VTCPAY|20161109111158|1|10707|1284
sign: 7B133DCF60CDFCDEDC1A6CAEDF2A4D36AF0C2696889701426E896016A0DE6654
Vefify: False
11/09/2016 11:36:34: :	NLogLogger.GetCalleeString 
	Ket qua POST. Data: 100000||VTCPAY|20161109113603|1|10711|1284
sign: C8F5BB1541C85E2C15C2AD54E180D513722C699C4663636DF632D322894B72B7
Vefify: False
11/09/2016 14:28:46: :	NLogLogger.GetCalleeString 
	Ket qua POST. Data: 50000|Giao d?ch thành công||20161109142737|1|1|1284
sign: D86B1A9C000AF160820605EDD156938354A677C8FCF98C6D6B1EE017BCCF3928
Vefify: False
11/09/2016 14:38:01: :	NLogLogger.GetCalleeString 
	Ket qua POST. Data: 100000|Giao d?ch thành công||20161109143651|1|1|1284
sign: 2B7B1D3F1A21E96E756343A80B22AA02DD9EACD29C95A43EB8366DBE2130D31C
Vefify: False
11/09/2016 14:46:17: :	NLogLogger.GetCalleeString 
	Ket qua POST. Data: 100000|Giao d?ch thành công||20161109144337|1|1|1284
sign: 70F240900C2D13F3BD9925DBCA98DE1EC32E9E659AA431D3C5B1B2CC562759C7
Vefify: False
11/09/2016 14:47:57: :	NLogLogger.GetCalleeString 
	Ket qua POST. Data: 50000|Giao d?ch thành công||20161109144712|1|1|1284
sign: 612F3578ECD25BB533B0FCC794FEF39E60A298979A92407DF3E157C159EEEEBF
Vefify: False
11/09/2016 15:03:37: :	NLogLogger.GetCalleeString 
	Ket qua POST. Data: 50000|Giao d?ch thành công||20161109150252|1|1|1284
sign: E56F58129EF0D2CB128D6B911CB41A29C56F9D0DBA7A96F873BF3B0E57F85FDC
Vefify: False
11/09/2016 15:41:53: :	NLogLogger.GetCalleeString 
	Ket qua POST. Data: 100000|Giao d?ch thành công||20161109153957|1|1|1284
sign: 7A4A0A7AEFA90E5E8FA5AF186A468F4C1D3FCC3E28C7F216F5B8A8CE4FFB22DB
Vefify: False
11/09/2016 15:46:38: :	NLogLogger.GetCalleeString 
	Ket qua POST. Data: 1000000|Giao d?ch thành công||20161109154517|1|1|1284
sign: 5996E94A7F2898B8FF11D84A02421897D7FD3B51FAC0BB077BD4E7675B5B07EF
Vefify: False
