11/02/2016 08:58:54: :	NLogLogger.GetCalleeString 
	Textsign: 50000|VND|01635055068|20161102085839|453|,signature:F4B50872DC51A231B407E64C01EA11B2DFDF1E5E593B02BC2EE02CDAC1AA2AA0
11/02/2016 08:58:54: :	NLogLogger.GetCalleeString 
	urlFull: http://sandbox.vtcpay.vn/pay2.0/portalgateway/checkout.html?website_id=453&amount=50000&receiver_account=01635055068&reference_number=20161102085839&currency=VND&signature=F4B50872DC51A231B407E64C01EA11B2DFDF1E5E593B02BC2EE02CDAC1AA2AA0
11/02/2016 09:00:02: :	NLogLogger.GetCalleeString 
	Textsign: 50000|VND|01635055068|20161102085839|453|aaaaaaaaaaaaaaaabbbbbbbbbCCCCC123,signature:F0E802B17CBBC3F83073FF64FD32AF39D48E13817D9BEEE3BF95008353EB967E
11/02/2016 09:00:02: :	NLogLogger.GetCalleeString 
	urlFull: http://sandbox1.vtcebank.vn/payportalv2/checkout.html?website_id=453&amount=50000&receiver_account=01635055068&reference_number=20161102085839&currency=VND&signature=F0E802B17CBBC3F83073FF64FD32AF39D48E13817D9BEEE3BF95008353EB967E
11/02/2016 09:00:13: :	NLogLogger.GetCalleeString 
	Textsign: 50000|VND|01635055068|20161102085839|453|,signature:F4B50872DC51A231B407E64C01EA11B2DFDF1E5E593B02BC2EE02CDAC1AA2AA0
11/02/2016 09:00:13: :	NLogLogger.GetCalleeString 
	urlFull: http://sandbox.vtcpay.vn/pay2.0/portalgateway/checkout.html?website_id=453&amount=50000&receiver_account=01635055068&reference_number=20161102085839&currency=VND&signature=F4B50872DC51A231B407E64C01EA11B2DFDF1E5E593B02BC2EE02CDAC1AA2AA0
11/02/2016 09:11:32: :	NLogLogger.GetCalleeString 
	Textsign: 50000|VND|0983666999|20161102091110|453|aaaaaaaaaaaaaaaabbbbbbbbbCCCCC123,signature:63C038B41CAF7D782F11F2AFD6A896E8C60B500099388DE2729A1C3E9C46284E
11/02/2016 09:11:32: :	NLogLogger.GetCalleeString 
	urlFull: http://sandbox1.vtcebank.vn/payportalv2/checkout.html?website_id=453&amount=50000&receiver_account=0983666999&reference_number=20161102091110&currency=VND&signature=63C038B41CAF7D782F11F2AFD6A896E8C60B500099388DE2729A1C3E9C46284E
11/02/2016 09:21:07: :	NLogLogger.GetCalleeString 
	Textsign: 50000|VND|0983666999|20161102092105|453|aaaaaaaaaaaaaaaabbbbbbbbbCCCCC123,signature:B2C09D876F4570F863AF42C95C26DD85EE9EFA9D61DC9281E098BB19C426D29C
11/02/2016 09:21:07: :	NLogLogger.GetCalleeString 
	urlFull: http://sandbox1.vtcebank.vn/payportalv2/checkout.html?website_id=453&amount=50000&receiver_account=0983666999&reference_number=20161102092105&currency=VND&signature=B2C09D876F4570F863AF42C95C26DD85EE9EFA9D61DC9281E098BB19C426D29C
11/02/2016 09:21:21: :	NLogLogger.GetCalleeString 
	Textsign: 50000|VND|0983666999|20161102092035|453|aaaaaaaaaaaaaaaabbbbbbbbbCCCCC123,signature:165D780C1C0781ED8575B7901DC1F54A4800197DB0586C0E71A765181086F4B1
11/02/2016 09:21:21: :	NLogLogger.GetCalleeString 
	urlFull: http://sandbox1.vtcebank.vn/payportalv2/checkout.html?website_id=453&amount=50000&receiver_account=0983666999&reference_number=20161102092035&currency=VND&signature=165D780C1C0781ED8575B7901DC1F54A4800197DB0586C0E71A765181086F4B1
11/02/2016 09:21:38: :	NLogLogger.GetCalleeString 
	Textsign: 50000|VND|0983666999|20161102092133|453|,signature:EB91811ADC60579F9D397B2BCB08EA30FEE7CFE55EBB1BE03168287E546A016A
11/02/2016 09:21:38: :	NLogLogger.GetCalleeString 
	urlFull: http://sandbox.vtcpay.vn/pay2.0/portalgateway/checkout.html?website_id=453&amount=50000&receiver_account=0983666999&reference_number=20161102092133&currency=VND&signature=EB91811ADC60579F9D397B2BCB08EA30FEE7CFE55EBB1BE03168287E546A016A
11/02/2016 09:21:54: :	NLogLogger.GetCalleeString 
	Textsign: 50000|VND|0983666999|20161102092151|453|,signature:2AC18DDBA6814FD9D554515AF4E4E3CEEC906CA51D372088B707280A1DF35ACF
11/02/2016 09:21:54: :	NLogLogger.GetCalleeString 
	urlFull: http://sandbox.vtcpay.vn/pay2.0/portalgateway/checkout.html?website_id=453&amount=50000&receiver_account=0983666999&reference_number=20161102092151&currency=VND&signature=2AC18DDBA6814FD9D554515AF4E4E3CEEC906CA51D372088B707280A1DF35ACF
11/02/2016 09:24:07: :	NLogLogger.GetCalleeString 
	Textsign: 50000|VND|0983666999|20161102092405|453|aaaaaaaaaaaaaaaabbbbbbbbbCCCCC123,signature:A0ADEA7724D83C55FAAD0BC75E2207822E2D213DFE7581BD1AF6A81B49B3512B
11/02/2016 09:24:07: :	NLogLogger.GetCalleeString 
	urlFull: http://sandbox1.vtcebank.vn/payportalv2/checkout.html?website_id=453&amount=50000&receiver_account=0983666999&reference_number=20161102092405&currency=VND&signature=A0ADEA7724D83C55FAAD0BC75E2207822E2D213DFE7581BD1AF6A81B49B3512B
11/02/2016 09:25:28: :	NLogLogger.GetCalleeString 
	Textsign: 50000|VND|0983666999|20161102092525|453|aaaaaaaaaaaaaaaabbbbbbbbbCCCCC123,signature:7FDC5ECFB45EAC535E3F34828F8DBC127C87F58EF1BF6DF969F42C84E2490DB8
11/02/2016 09:25:28: :	NLogLogger.GetCalleeString 
	urlFull: http://sandbox.vtcpay.vn/pay2.0/portalgateway/checkout.html?website_id=453&amount=50000&receiver_account=0983666999&reference_number=20161102092525&currency=VND&signature=7FDC5ECFB45EAC535E3F34828F8DBC127C87F58EF1BF6DF969F42C84E2490DB8
11/02/2016 09:25:34: :	NLogLogger.GetCalleeString 
	Textsign: 50000|VND|0983666999|20161102092525|627|aaaaaaaaaaaaaaaabbbbbbbbbCCCCC123,signature:DDFA2E8188398FF7129DAB50465670F2C11F6555353BAB378072E7F7D1F4B6BF
11/02/2016 09:25:34: :	NLogLogger.GetCalleeString 
	urlFull: https://pay.vtc.vn/bank-gateway/checkout.html?website_id=627&amount=50000&receiver_account=0983666999&reference_number=20161102092525&currency=VND&signature=DDFA2E8188398FF7129DAB50465670F2C11F6555353BAB378072E7F7D1F4B6BF
11/02/2016 09:26:07: :	NLogLogger.GetCalleeString 
	Textsign: 50000|VND|01635055068|20161102092556|453|aaaaaaaaaaaaaaaabbbbbbbbbCCCCC123,signature:5F9FA3641284E15DAA4DA439B672A5294F200EB2801DE80F22D70B1AB1E1B167
11/02/2016 09:26:07: :	NLogLogger.GetCalleeString 
	urlFull: http://sandbox.vtcpay.vn/pay2.0/portalgateway/checkout.html?website_id=453&amount=50000&receiver_account=01635055068&reference_number=20161102092556&currency=VND&signature=5F9FA3641284E15DAA4DA439B672A5294F200EB2801DE80F22D70B1AB1E1B167
11/02/2016 09:27:32: :	NLogLogger.GetCalleeString 
	Textsign: 50000|VND|0983666999|20161102092712|627|aaaaaaaaaaaaaaaabbbbbbbbbCCCCC123,signature:9FCE6460DD2A751DBD1DD20EBA77CA90EAA06059A8D68D75E33F294097A7EBCF
11/02/2016 09:27:32: :	NLogLogger.GetCalleeString 
	urlFull: https://pay.vtc.vn/bank-gateway/checkout.html?website_id=627&amount=50000&receiver_account=0983666999&reference_number=20161102092712&currency=VND&signature=9FCE6460DD2A751DBD1DD20EBA77CA90EAA06059A8D68D75E33F294097A7EBCF
11/02/2016 09:27:59: :	NLogLogger.GetCalleeString 
	Textsign: 50000|VND|0983666999|20161102092758|453|aaaaaaaaaaaaaaaabbbbbbbbbCCCCC123,signature:13AFC7097DA387AB7752DF9A6C04536BFFA97F7F1AFB67CD30D7BF6C26303A6F
11/02/2016 09:27:59: :	NLogLogger.GetCalleeString 
	urlFull: http://sandbox1.vtcebank.vn/payportalv2/checkout.html?website_id=453&amount=50000&receiver_account=0983666999&reference_number=20161102092758&currency=VND&signature=13AFC7097DA387AB7752DF9A6C04536BFFA97F7F1AFB67CD30D7BF6C26303A6F
11/02/2016 09:28:12: :	NLogLogger.GetCalleeString 
	Textsign: 50000|VND|0983666999|20161102092806|627|aaaaaaaaaaaaaaaabbbbbbbbbCCCCC123,signature:EA58C9335541278AAB068B320FE0F13CCEABE431B838713653C948A1A7020959
11/02/2016 09:28:12: :	NLogLogger.GetCalleeString 
	urlFull: https://pay.vtc.vn/bank-gateway/checkout.html?website_id=627&amount=50000&receiver_account=0983666999&reference_number=20161102092806&currency=VND&signature=EA58C9335541278AAB068B320FE0F13CCEABE431B838713653C948A1A7020959
11/02/2016 09:40:22: :	NLogLogger.GetCalleeString 
	Textsign: 50000|VND|0983666999|20161102092151|453|aaaaaaaaaaaaaaaabbbbbbbbbCCCCC123,signature:9041F41B524BFF743FB549CAED766CB5FA5D3021D5C21A49713EE66560EA667E
11/02/2016 09:40:22: :	NLogLogger.GetCalleeString 
	urlFull: http://sandbox.vtcpay.vn/pay2.0/portalgateway/checkout.html?website_id=453&amount=50000&receiver_account=0983666999&reference_number=20161102092151&currency=VND&signature=9041F41B524BFF743FB549CAED766CB5FA5D3021D5C21A49713EE66560EA667E
11/02/2016 09:41:38: :	NLogLogger.GetCalleeString 
	Ket qua POST. Data: 50000|Giao d?ch thành công||20161102092151|1|1|453
sign: BCD37F4AFF47EFBCA1D832A3430BFBE016D497171040399A104CBA5CD4AC9B19
Vefify: False
11/02/2016 10:41:03: :	NLogLogger.GetCalleeString 
	Textsign: 50000|VND|0983666999|20161102104101|453|aaaaaaaaaaaaaaaabbbbbbbbbCCCCC123,signature:BC14AF6A2B8507142D34C001B91A1042C86E637CF866AC5879F25DCDADD80D3A
11/02/2016 10:41:03: :	NLogLogger.GetCalleeString 
	urlFull: http://sandbox1.vtcebank.vn/payportalv2/checkout.html?website_id=453&amount=50000&receiver_account=0983666999&reference_number=20161102104101&currency=VND&signature=BC14AF6A2B8507142D34C001B91A1042C86E637CF866AC5879F25DCDADD80D3A
11/02/2016 11:11:39: :	NLogLogger.GetCalleeString 
	Textsign: 50000|VND|0983666999|20161102111030|453|aaaaaaaaaaaaaaaabbbbbbbbbCCCCC123,signature:EDFAC5A380E32DF3F2248554E697954B57237E75303D13B28F500391702E3C83
11/02/2016 11:11:39: :	NLogLogger.GetCalleeString 
	urlFull: http://sandbox1.vtcebank.vn/payportalv2/checkout.html?website_id=453&amount=50000&receiver_account=0983666999&reference_number=20161102111030&currency=VND&signature=EDFAC5A380E32DF3F2248554E697954B57237E75303D13B28F500391702E3C83
11/02/2016 11:11:47: :	NLogLogger.GetCalleeString 
	Textsign: 50000|VND|0983666999|20161102111030|453|aaaaaaaaaaaaaaaabbbbbbbbbCCCCC123,signature:EDFAC5A380E32DF3F2248554E697954B57237E75303D13B28F500391702E3C83
11/02/2016 11:11:47: :	NLogLogger.GetCalleeString 
	urlFull: http://sandbox1.vtcebank.vn/payportalv2/checkout.html?website_id=453&amount=50000&receiver_account=0983666999&reference_number=20161102111030&currency=VND&signature=EDFAC5A380E32DF3F2248554E697954B57237E75303D13B28F500391702E3C83
11/02/2016 11:11:55: :	NLogLogger.GetCalleeString 
	Textsign: 50000|VND|0983666999|20161102111153|453|aaaaaaaaaaaaaaaabbbbbbbbbCCCCC123,signature:2D089558494825DBE7B858ED6DFF5153F3BCB6DAB9E78A85EBFAD54A75B9AE0F
11/02/2016 11:11:55: :	NLogLogger.GetCalleeString 
	urlFull: http://sandbox1.vtcebank.vn/payportalv2/checkout.html?website_id=453&amount=50000&receiver_account=0983666999&reference_number=20161102111153&currency=VND&signature=2D089558494825DBE7B858ED6DFF5153F3BCB6DAB9E78A85EBFAD54A75B9AE0F
11/02/2016 11:25:26: :	NLogLogger.GetCalleeString 
	Textsign: 50000|VND|0983666999|20161102112524|453|aaaaaaaaaaaaaaaabbbbbbbbbCCCCC123,signature:194B3BE430F59DB98D238A8D8D059EE3849944A007C4C91B3FCFE1C751B995D3
11/02/2016 11:25:26: :	NLogLogger.GetCalleeString 
	urlFull: http://sandbox1.vtcebank.vn/payportalv2/checkout.html?website_id=453&amount=50000&receiver_account=0983666999&reference_number=20161102112524&currency=VND&signature=194B3BE430F59DB98D238A8D8D059EE3849944A007C4C91B3FCFE1C751B995D3
11/02/2016 11:29:25: :	NLogLogger.GetCalleeString 
	Textsign: 50000|VND|0983666999|20161102112911|453|aaaaaaaaaaaaaaaabbbbbbbbbCCCCC123,signature:8902CE6D2205E54EE4C7EFD0905C760B13B1CA077FB996FB0CC8B109F8CE8DFB
11/02/2016 11:29:25: :	NLogLogger.GetCalleeString 
	urlFull: http://sandbox1.vtcebank.vn/payportalv2/checkout.html?website_id=453&amount=50000&receiver_account=0983666999&reference_number=20161102112911&currency=VND&signature=8902CE6D2205E54EE4C7EFD0905C760B13B1CA077FB996FB0CC8B109F8CE8DFB
11/02/2016 11:29:25: :	NLogLogger.GetCalleeString 
	Textsign: 50000|VND|0983666999|20161102112911|453|aaaaaaaaaaaaaaaabbbbbbbbbCCCCC123,signature:8902CE6D2205E54EE4C7EFD0905C760B13B1CA077FB996FB0CC8B109F8CE8DFB
11/02/2016 11:29:25: :	NLogLogger.GetCalleeString 
	urlFull: http://sandbox1.vtcebank.vn/payportalv2/checkout.html?website_id=453&amount=50000&receiver_account=0983666999&reference_number=20161102112911&currency=VND&signature=8902CE6D2205E54EE4C7EFD0905C760B13B1CA077FB996FB0CC8B109F8CE8DFB
11/02/2016 11:49:39: :	NLogLogger.GetCalleeString 
	Textsign: 50000|VND|0983666999|20161102114936|453|aaaaaaaaaaaaaaaabbbbbbbbbCCCCC123,signature:C6CFE0FE7D197DBB38EEFEDE6899838A1ABC9E4AD794BC798F7B11B084051209
11/02/2016 11:49:39: :	NLogLogger.GetCalleeString 
	urlFull: http://sandbox1.vtcebank.vn/payportalv2/checkout.html?website_id=453&amount=50000&receiver_account=0983666999&reference_number=20161102114936&currency=VND&signature=C6CFE0FE7D197DBB38EEFEDE6899838A1ABC9E4AD794BC798F7B11B084051209
11/02/2016 11:50:18: :	NLogLogger.GetCalleeString 
	Textsign: 50000|VND|0983666999|20161102115016|453|aaaaaaaaaaaaaaaabbbbbbbbbCCCCC123,signature:6DD306C040BBD8B63C387C57783C4C6FFC9202B8EC9A4A7930420BB18C15E55A
11/02/2016 11:50:18: :	NLogLogger.GetCalleeString 
	urlFull: http://sandbox1.vtcebank.vn/payportalv2/checkout.html?website_id=453&amount=50000&receiver_account=0983666999&reference_number=20161102115016&currency=VND&signature=6DD306C040BBD8B63C387C57783C4C6FFC9202B8EC9A4A7930420BB18C15E55A
11/02/2016 12:15:37: :	NLogLogger.GetCalleeString 
	Textsign: 50000|VND|0983666999|20161102121526|627|aaaaaaaaaaaaaaaabbbbbbbbbCCCCC123,signature:13539007D3F5387A63A6FEED4DA45DAE54112494769B3A224CE51E749CF2376B
11/02/2016 12:15:38: :	NLogLogger.GetCalleeString 
	urlFull: https://pay.vtc.vn/bank-gateway/checkout.html?website_id=627&amount=50000&receiver_account=0983666999&reference_number=20161102121526&currency=VND&signature=13539007D3F5387A63A6FEED4DA45DAE54112494769B3A224CE51E749CF2376B
11/02/2016 12:28:17: :	NLogLogger.GetCalleeString 
	Textsign: 50000|VND|0983666999|20161102122804|453|aaaaaaaaaaaaaaaabbbbbbbbbCCCCC123,signature:8C47A2ED2D294D985CEDDEAAE88F572195EB7132B1C1D3B78543419F5D9537DA
11/02/2016 12:28:17: :	NLogLogger.GetCalleeString 
	urlFull: http://sandbox1.vtcebank.vn/payportalv2/checkout.html?website_id=453&amount=50000&receiver_account=0983666999&reference_number=20161102122804&currency=VND&signature=8C47A2ED2D294D985CEDDEAAE88F572195EB7132B1C1D3B78543419F5D9537DA
11/02/2016 13:47:53: :	NLogLogger.GetCalleeString 
	Textsign: 500000|VND|01635055068|20161102134742|453|aaaaaaaaaaaaaaaabbbbbbbbbCCCCC123,signature:231ADF13E2149FAA8F9108C2D411E600A83A8C96F352407F27A450DE18EE71BF
11/02/2016 13:47:53: :	NLogLogger.GetCalleeString 
	urlFull: http://sandbox.vtcpay.vn/pay2.0/portalgateway/checkout.html?website_id=453&amount=500000&receiver_account=01635055068&reference_number=20161102134742&currency=VND&signature=231ADF13E2149FAA8F9108C2D411E600A83A8C96F352407F27A450DE18EE71BF
11/02/2016 14:05:26: :	NLogLogger.GetCalleeString 
	Textsign: 500000|VND|01635055068|20161102134742|453|aaaaaaaaaaaaaaaabbbbbbbbbCCCCC123,signature:231ADF13E2149FAA8F9108C2D411E600A83A8C96F352407F27A450DE18EE71BF
11/02/2016 14:05:26: :	NLogLogger.GetCalleeString 
	urlFull: http://sandbox.vtcpay.vn/pay2.0/portalgateway/checkout.html?website_id=453&amount=500000&receiver_account=01635055068&reference_number=20161102134742&currency=VND&signature=231ADF13E2149FAA8F9108C2D411E600A83A8C96F352407F27A450DE18EE71BF
11/02/2016 14:11:18: :	NLogLogger.GetCalleeString 
	Ket qua POST. Data: 500000||VTCPAY|20161102134742|1|624|453
sign: 525D688FD12C3EF6E3E396510DA6518654FF75629F9DFD358ECC0682246014F7
Vefify: False
11/02/2016 14:13:26: :	NLogLogger.GetCalleeString 
	Textsign: 50000|VND|0983666999|20161102141245|453|aaaaaaaaaaaaaaaabbbbbbbbbCCCCC123,signature:C279B02E999936CFEB87E883DE4F9F3D78A8FAD157584FC898BC3C04FBF74575
11/02/2016 14:13:26: :	NLogLogger.GetCalleeString 
	urlFull: http://sandbox1.vtcebank.vn/payportalv2/checkout.html?website_id=453&amount=50000&receiver_account=0983666999&reference_number=20161102141245&currency=VND&signature=C279B02E999936CFEB87E883DE4F9F3D78A8FAD157584FC898BC3C04FBF74575
11/02/2016 14:13:44: :	NLogLogger.GetCalleeString 
	Textsign: 50000|VND|0983666999|20161102141333|627|aaaaaaaaaaaaaaaabbbbbbbbbCCCCC123,signature:86A550DA126A5049BF368F65552FA71A66A954E43BFE034202387516659E2923
11/02/2016 14:13:44: :	NLogLogger.GetCalleeString 
	urlFull: https://pay.vtc.vn/bank-gateway/checkout.html?website_id=627&amount=50000&receiver_account=0983666999&reference_number=20161102141333&currency=VND&signature=86A550DA126A5049BF368F65552FA71A66A954E43BFE034202387516659E2923
11/02/2016 14:20:32: :	NLogLogger.GetCalleeString 
	Textsign: 333124|VND|01635055068|20161102142007|453|aaaaaaaaaaaaaaaabbbbbbbbbCCCCC123,signature:4A7416F062E329609F1CF3B095133A1800CC07D7E191AE81AFC21DA283D548EC
11/02/2016 14:20:32: :	NLogLogger.GetCalleeString 
	urlFull: http://sandbox.vtcpay.vn/pay2.0/portalgateway/checkout.html?website_id=453&amount=333124&receiver_account=01635055068&reference_number=20161102142007&currency=VND&signature=4A7416F062E329609F1CF3B095133A1800CC07D7E191AE81AFC21DA283D548EC
11/02/2016 14:21:29: :	NLogLogger.GetCalleeString 
	Textsign: 333124|VND|01635055068|20161102142007|453|aaaaaaaaaaaaaaaabbbbbbbbbCCCCC123,signature:4A7416F062E329609F1CF3B095133A1800CC07D7E191AE81AFC21DA283D548EC
11/02/2016 14:21:29: :	NLogLogger.GetCalleeString 
	urlFull: http://sandbox.vtcpay.vn/pay2.0/portalgateway/checkout.html?website_id=453&amount=333124&receiver_account=01635055068&reference_number=20161102142007&currency=VND&signature=4A7416F062E329609F1CF3B095133A1800CC07D7E191AE81AFC21DA283D548EC
11/02/2016 14:26:58: :	NLogLogger.GetCalleeString 
	Textsign: 50000|VND|0983666999|20161102142600|627|aaaaaaaaaaaaaaaabbbbbbbbbCCCCC123,signature:184DC2607429917F21BECFBA79A191B6DC387B346AD86DCF945177FF2AF95342
11/02/2016 14:26:58: :	NLogLogger.GetCalleeString 
	urlFull: https://pay.vtc.vn/bank-gateway/checkout.html?website_id=627&amount=50000&receiver_account=0983666999&reference_number=20161102142600&currency=VND&signature=184DC2607429917F21BECFBA79A191B6DC387B346AD86DCF945177FF2AF95342
11/02/2016 14:34:20: :	NLogLogger.GetCalleeString 
	Textsign: 50000|VND|0983666999|20161102142600|627|aaaaaaaaaaaaaaaabbbbbbbbbCCCCC123,signature:184DC2607429917F21BECFBA79A191B6DC387B346AD86DCF945177FF2AF95342
11/02/2016 14:34:20: :	NLogLogger.GetCalleeString 
	urlFull: https://pay.vtc.vn/bank-gateway/checkout.html?website_id=627&amount=50000&receiver_account=0983666999&reference_number=20161102142600&currency=VND&signature=184DC2607429917F21BECFBA79A191B6DC387B346AD86DCF945177FF2AF95342
11/02/2016 14:42:08: :	NLogLogger.GetCalleeString 
	Ket qua POST. Data: 333124||VTCPAY|20161102142007|1|626|453
sign: 967CF8D9F70C806BB62EE2D8091A92F6A3E5A262F330BC358B3F9BBCBA2E141A
Vefify: False
11/02/2016 15:24:56: :	NLogLogger.GetCalleeString 
	Textsign: 543546|VND|01635055068|20161102152438|453|aaaaaaaaaaaaaaaabbbbbbbbbCCCCC123,signature:406EC47CAE6CD249E32C370C852FB3A5C991D1B19BAA510F1A1FE74F694CE692
11/02/2016 15:24:56: :	NLogLogger.GetCalleeString 
	urlFull: http://sandbox.vtcpay.vn/pay2.0/portalgateway/checkout.html?website_id=453&amount=543546&receiver_account=01635055068&reference_number=20161102152438&currency=VND&signature=406EC47CAE6CD249E32C370C852FB3A5C991D1B19BAA510F1A1FE74F694CE692
11/02/2016 15:25:53: :	NLogLogger.GetCalleeString 
	Ket qua POST. Data: 543546||VTCPAY|20161102152438|1|632|453
sign: B0799CD5B37C350B4EA0EA9E548AB7A1F3879EE9E1473EA2E29A7C3D8186EC78
Vefify: False
11/02/2016 15:31:05: :	NLogLogger.GetCalleeString 
	Textsign: 500000|VND|01635055068|20161102153051|453|aaaaaaaaaaaaaaaabbbbbbbbbCCCCC123,signature:98979CA7BA0C64697844C082EC61404053C88EE20E447BAAC6CAA1C652DBE1EF
11/02/2016 15:31:05: :	NLogLogger.GetCalleeString 
	urlFull: http://sandbox.vtcpay.vn/pay2.0/portalgateway/checkout.html?website_id=453&amount=500000&receiver_account=01635055068&reference_number=20161102153051&currency=VND&signature=98979CA7BA0C64697844C082EC61404053C88EE20E447BAAC6CAA1C652DBE1EF
11/02/2016 15:31:07: :	NLogLogger.GetCalleeString 
	Textsign: 50000|VND|0983666999|20161102092806|627|aaaaaaaaaaaaaaaabbbbbbbbbCCCCC123,signature:EA58C9335541278AAB068B320FE0F13CCEABE431B838713653C948A1A7020959
11/02/2016 15:31:07: :	NLogLogger.GetCalleeString 
	urlFull: https://pay.vtc.vn/bank-gateway/checkout.html?website_id=627&amount=50000&receiver_account=0983666999&reference_number=20161102092806&currency=VND&signature=EA58C9335541278AAB068B320FE0F13CCEABE431B838713653C948A1A7020959
11/02/2016 15:31:20: :	NLogLogger.GetCalleeString 
	Ket qua POST. Data: 500000||VTCPAY|20161102153051|1|637|453
sign: 6D5FD033BF848A23C37CA4290D1E566E7177E63877C9EE5A1F37AB4938F19E48
Vefify: False
11/02/2016 15:31:33: :	NLogLogger.GetCalleeString 
	Textsign: 50000|VND|0983666999|20161102092806|627|aaaaaaaaaaaaaaaabbbbbbbbbCCCCC123,signature:EA58C9335541278AAB068B320FE0F13CCEABE431B838713653C948A1A7020959
11/02/2016 15:31:33: :	NLogLogger.GetCalleeString 
	urlFull: https://pay.vtc.vn/bank-gateway/checkout.html?website_id=627&amount=50000&receiver_account=0983666999&reference_number=20161102092806&currency=VND&signature=EA58C9335541278AAB068B320FE0F13CCEABE431B838713653C948A1A7020959
11/02/2016 15:31:42: :	NLogLogger.GetCalleeString 
	Textsign: 50000|VND|0983666999|20161102153138|453|aaaaaaaaaaaaaaaabbbbbbbbbCCCCC123,signature:F088E34A291A83A870C5287363676327CFFCE54A3D099905F670F1747C1A2DC9
11/02/2016 15:31:42: :	NLogLogger.GetCalleeString 
	urlFull: http://sandbox1.vtcebank.vn/payportalv2/checkout.html?website_id=453&amount=50000&receiver_account=0983666999&reference_number=20161102153138&currency=VND&signature=F088E34A291A83A870C5287363676327CFFCE54A3D099905F670F1747C1A2DC9
11/02/2016 15:53:17: :	NLogLogger.GetCalleeString 
	Textsign: 500000|VND|01635055068|20161102155303|453|aaaaaaaaaaaaaaaabbbbbbbbbCCCCC123,signature:0ACBF144CB7467418AF98806D8284BF5D5BCCBECFA4249FE62E86A5CEAA88826
11/02/2016 15:53:17: :	NLogLogger.GetCalleeString 
	urlFull: http://sandbox.vtcpay.vn/pay2.0/portalgateway/checkout.html?website_id=453&amount=500000&receiver_account=01635055068&reference_number=20161102155303&currency=VND&signature=0ACBF144CB7467418AF98806D8284BF5D5BCCBECFA4249FE62E86A5CEAA88826
11/02/2016 15:53:39: :	NLogLogger.GetCalleeString 
	Ket qua POST. Data: 500000||VTCPAY|20161102155303|1|640|453
sign: A0FD08A479C13A6E8502EA2263F0A3EF7B7C46D4ADF2432103BA7D2A84F1E306
Vefify: False
11/02/2016 16:34:47: :	NLogLogger.GetCalleeString 
	Textsign: 50000|VND|0983666999|20161102163401|453|aaaaaaaaaaaaaaaabbbbbbbbbCCCCC123,signature:62E06E6A8D695DBFBC9ADDB7BC9ED0270F6A2F6BAF52DFE464B6613EC8463963
11/02/2016 16:34:47: :	NLogLogger.GetCalleeString 
	urlFull: http://sandbox.vtcpay.vn/pay2.0/portalgateway/checkout.html?website_id=453&amount=50000&receiver_account=0983666999&reference_number=20161102163401&currency=VND&signature=62E06E6A8D695DBFBC9ADDB7BC9ED0270F6A2F6BAF52DFE464B6613EC8463963
11/02/2016 16:34:48: :	NLogLogger.GetCalleeString 
	Textsign: 50000|VND|0983666999|20161102163401|453|aaaaaaaaaaaaaaaabbbbbbbbbCCCCC123,signature:62E06E6A8D695DBFBC9ADDB7BC9ED0270F6A2F6BAF52DFE464B6613EC8463963
11/02/2016 16:34:48: :	NLogLogger.GetCalleeString 
	urlFull: http://sandbox.vtcpay.vn/pay2.0/portalgateway/checkout.html?website_id=453&amount=50000&receiver_account=0983666999&reference_number=20161102163401&currency=VND&signature=62E06E6A8D695DBFBC9ADDB7BC9ED0270F6A2F6BAF52DFE464B6613EC8463963
11/02/2016 22:01:01: :	NLogLogger.GetCalleeString 
	Ket qua POST. Data: 20161102215310|404|30000|453
sign: 174B9948ACEDEB83362E1E598ADA3F561E0C6D4E5043E68154A9B5A92C661279
Vefify: True
11/02/2016 22:31:43: :	NLogLogger.GetCalleeString 
	Textsign: 50000|VND|0983666999|20161102223140|453|aaaaaaaaaaaaaaaabbbbbbbbbCCCCC123,signature:EA4482BB0BA7BFC68183E0A7B4312CDB4A3C5D96D1B7E2075A3270C07AF58862
11/02/2016 22:31:43: :	NLogLogger.GetCalleeString 
	urlFull: http://sandbox1.vtcebank.vn/payportalv2/checkout.html?website_id=453&amount=50000&receiver_account=0983666999&reference_number=20161102223140&currency=VND&signature=EA4482BB0BA7BFC68183E0A7B4312CDB4A3C5D96D1B7E2075A3270C07AF58862
