10/21/2016 01:33:23: :	NLogLogger.GetCalleeString 
	Ket qua POST. Data: 20161021012951|404|2444442000000|453
sign: 5EB84A9B6E3CB4D08BBCA98F0E4B6194981B35AA16FB1D8746AA7A478D97757E
Vefify: True
10/21/2016 09:01:05: :	NLogLogger.GetCalleeString 
	Ket qua POST. Data: 20161021090028|404|30000|453
sign: 48903D747631A5368A0336FB2D0671E5DD4A1119E8A99448831FDCC93B5C594E
Vefify: True
10/21/2016 11:04:05: :	NLogLogger.GetCalleeString 
	Ket qua POST. Data: 20161021110354|404|30000|453
sign: 33293BB6F04ADDD2A01ADBA2770918B80A7078E78055073E492E4942CCF00106
Vefify: True
10/21/2016 11:08:30: :	NLogLogger.GetCalleeString 
	Ket qua POST. Data: 20161021110823|404|30000|453
sign: 13BC0EE2BFF0635F1AB30C785840D25513A75AE5ECA8E3497CA956A2D062F5F8
Vefify: True
10/21/2016 13:09:45: :	NLogLogger.GetCalleeString 
	Ket qua POST. Data: 20161021130916|404|30000|453
sign: 1981FFFE2DE2DA83C9BC3F74637B87984F9644D66E3792001C35098C1356BDFF
Vefify: True
10/21/2016 13:29:50: :	NLogLogger.GetCalleeString 
	Textsign: 50000|VND|0983666999|20161021132948|453|aaaaaaaaaaaaaaaabbbbbbbbbCCCCC123,signature:3DB2259635E9C0033F72E343223C25F024CF239303BF8F8DEAB7DDD19F5AFC73
10/21/2016 13:29:50: :	NLogLogger.GetCalleeString 
	urlFull: http://sandbox1.vtcebank.vn/payportalv2/checkout.html?website_id=453&amount=50000&receiver_account=0983666999&reference_number=20161021132948&currency=VND&signature=3DB2259635E9C0033F72E343223C25F024CF239303BF8F8DEAB7DDD19F5AFC73
10/21/2016 13:30:46: :	NLogLogger.GetCalleeString 
	Ket qua POST. Data: 20161021132948|1|50000|453
sign: 855D2C83B062A744496CA1E4F40AF29BB7E0E446A03396303E146F6A6D24F2EC
Vefify: True
10/21/2016 14:47:53: :	NLogLogger.GetCalleeString 
	Textsign: 50000|VND|0983666999|20161021144745|627|aaaaaaaaaaaaaaaabbbbbbbbbCCCCC123,signature:23151B420B7AC0CDBC5AFD4C585559D30846473A7570D42E6B8B0D2242C72958
10/21/2016 14:47:53: :	NLogLogger.GetCalleeString 
	urlFull: https://pay.vtc.vn/bank-gateway/checkout.html?website_id=627&amount=50000&receiver_account=0983666999&reference_number=20161021144745&currency=VND&signature=23151B420B7AC0CDBC5AFD4C585559D30846473A7570D42E6B8B0D2242C72958
