11/30/2016 13:24:01: :	NLogLogger.GetCalleeString 
	Textsign: 50000|VND|0983666999|20161130132357|627|aaaaaaaaaaaaaaaabbbbbbbbbCCCCC123,signature:F278B7A30D492B9B93BFB0509881074043E3AFBF8FB1EAC11A4074F02938DA39
11/30/2016 13:24:01: :	NLogLogger.GetCalleeString 
	urlFull: https://pay.vtc.vn/bank-gateway/checkout.html?website_id=627&amount=50000&receiver_account=0983666999&reference_number=20161130132357&currency=VND&signature=F278B7A30D492B9B93BFB0509881074043E3AFBF8FB1EAC11A4074F02938DA39
11/30/2016 14:26:35: :	NLogLogger.GetCalleeString 
	Textsign: 10000|VND|0904646496|20161130142555|453|aaaaaaaaaaaaaaaabbbbbbbbbCCCCC123,signature:846FAD9914DFCC55BC6D15902C0E99EDE151BFD64841C2CAD0F0D3659E7F417E
11/30/2016 14:26:35: :	NLogLogger.GetCalleeString 
	urlFull: http://sandbox.vtcpay.vn/pay2.0/portalgateway/checkout.html?website_id=453&amount=10000&receiver_account=0904646496&reference_number=20161130142555&currency=VND&signature=846FAD9914DFCC55BC6D15902C0E99EDE151BFD64841C2CAD0F0D3659E7F417E
11/30/2016 15:19:30: :	NLogLogger.GetCalleeString 
	Textsign: 50000|VND|0989748722|20161130151915|453|aaaaaaaaaaaaaaaabbbbbbbbbCCCCC123,signature:AA853139A7359D3946B2FB66CECAC5E5D1FA6B8FA7CEA00CCC27C1FC2FE62583
11/30/2016 15:19:30: :	NLogLogger.GetCalleeString 
	urlFull: http://sandbox.vtcpay.vn/pay2.0/portalgateway/checkout.html?website_id=453&amount=50000&receiver_account=0989748722&reference_number=20161130151915&currency=VND&signature=AA853139A7359D3946B2FB66CECAC5E5D1FA6B8FA7CEA00CCC27C1FC2FE62583
11/30/2016 15:19:40: :	NLogLogger.GetCalleeString 
	Textsign: 50000|VND|0983666999|20161130151938|453|aaaaaaaaaaaaaaaabbbbbbbbbCCCCC123,signature:56122191B806D2006EC9C5F68CBF97A5B43DA7BD13D8FCE1B21327A32A0A8802
11/30/2016 15:19:40: :	NLogLogger.GetCalleeString 
	urlFull: http://sandbox.vtcpay.vn/pay2.0/portalgateway/checkout.html?website_id=453&amount=50000&receiver_account=0983666999&reference_number=20161130151938&currency=VND&signature=56122191B806D2006EC9C5F68CBF97A5B43DA7BD13D8FCE1B21327A32A0A8802
11/30/2016 15:35:56: :	NLogLogger.GetCalleeString 
	Ket qua POST. Data: 50000||VTCPAY|20161130151938|1|11053|453
sign: BBFCB6CDC80034C15BD8621FA0FA57B69569DAE91998C83FED437CD8310AF1F2
Vefify: False
11/30/2016 15:41:50: :	NLogLogger.GetCalleeString 
	Textsign: 500000000|VND|0983666999|20161130154138|453|aaaaaaaaaaaaaaaabbbbbbbbbCCCCC123,signature:AF680543F5F4ECDB673C8947BCA78D79BA31FDD0B49CE72769A4FD0550DDB95A
11/30/2016 15:41:50: :	NLogLogger.GetCalleeString 
	urlFull: http://sandbox.vtcpay.vn/pay2.0/portalgateway/checkout.html?website_id=453&amount=500000000&receiver_account=0983666999&reference_number=20161130154138&currency=VND&signature=AF680543F5F4ECDB673C8947BCA78D79BA31FDD0B49CE72769A4FD0550DDB95A
11/30/2016 15:42:58: :	NLogLogger.GetCalleeString 
	Textsign: 50000|VND|0983666999|20161130154253|453|aaaaaaaaaaaaaaaabbbbbbbbbCCCCC123,signature:21DE91CEBA0C75C136CC32842C9EF49A0E9683A4DE86573132047FBEDFD3ADD0
11/30/2016 15:42:58: :	NLogLogger.GetCalleeString 
	urlFull: http://sandbox.vtcpay.vn/pay2.0/portalgateway/checkout.html?website_id=453&amount=50000&receiver_account=0983666999&reference_number=20161130154253&currency=VND&signature=21DE91CEBA0C75C136CC32842C9EF49A0E9683A4DE86573132047FBEDFD3ADD0
11/30/2016 15:44:34: :	NLogLogger.GetCalleeString 
	Ket qua POST. Data: 50000||VTCPAY|20161130154253|1|11055|453
sign: 9E0E97DDCED804795E34616926DDF1EA6FE8E147D8F9FDEC867568BBAE63B478
Vefify: False
11/30/2016 15:50:45: :	NLogLogger.GetCalleeString 
	Textsign: 50000|VND|0983666999|20161130155042|453|aaaaaaaaaaaaaaaabbbbbbbbbCCCCC123,signature:62AEF8EA0F3477C505E7F2CD3760D530C46FC78B7002022507B19A041A390150
11/30/2016 15:50:45: :	NLogLogger.GetCalleeString 
	urlFull: http://sandbox1.vtcebank.vn/payportalv2/checkout.html?website_id=453&amount=50000&receiver_account=0983666999&reference_number=20161130155042&currency=VND&signature=62AEF8EA0F3477C505E7F2CD3760D530C46FC78B7002022507B19A041A390150
11/30/2016 15:50:56: :	NLogLogger.GetCalleeString 
	Textsign: 50000|VND|0983666999|20161130155054|453|aaaaaaaaaaaaaaaabbbbbbbbbCCCCC123,signature:990F239EB21140388BC6F4076ADEF3B6C51BDA7DC1A4042066FC66BB7BCDEC60
11/30/2016 15:50:56: :	NLogLogger.GetCalleeString 
	urlFull: http://sandbox1.vtcebank.vn/payportalv2/checkout.html?website_id=453&amount=50000&receiver_account=0983666999&reference_number=20161130155054&currency=VND&signature=990F239EB21140388BC6F4076ADEF3B6C51BDA7DC1A4042066FC66BB7BCDEC60
11/30/2016 15:51:48: :	NLogLogger.GetCalleeString 
	Textsign: 50000|VND|0983666999|20161130155146|453|aaaaaaaaaaaaaaaabbbbbbbbbCCCCC123,signature:CB51A346DFE5839247AC0462271F311DE98512F8622EF042C5FFB30DC5461A2C
11/30/2016 15:51:48: :	NLogLogger.GetCalleeString 
	urlFull: http://sandbox1.vtcebank.vn/payportalv2/checkout.html?website_id=453&amount=50000&receiver_account=0983666999&reference_number=20161130155146&currency=VND&signature=CB51A346DFE5839247AC0462271F311DE98512F8622EF042C5FFB30DC5461A2C
11/30/2016 16:49:45: :	NLogLogger.GetCalleeString 
	Textsign: 50000|VND|0983666999|20161130164939|453|aaaaaaaaaaaaaaaabbbbbbbbbCCCCC123,signature:9F265AAB4D1A616C8FD12DBC3874E724C2A2B336DB7DF647D2BBD3D0FE1CF079
11/30/2016 16:49:45: :	NLogLogger.GetCalleeString 
	urlFull: http://sandbox.vtcpay.vn/pay2.0/portalgateway/checkout.html?website_id=453&amount=50000&receiver_account=0983666999&reference_number=20161130164939&currency=VND&signature=9F265AAB4D1A616C8FD12DBC3874E724C2A2B336DB7DF647D2BBD3D0FE1CF079
11/30/2016 16:50:02: :	NLogLogger.GetCalleeString 
	Ket qua POST. Data: 50000||VTCPAY|20161130164939|1|11059|453
sign: A8C3E733AE239F6D3DC83B2DEF34D530990F92B3C7E437902A51279FD7593EA5
Vefify: False
11/30/2016 17:02:00: :	NLogLogger.GetCalleeString 
	Textsign: 50000|VND|0983666999|20161130170157|453|aaaaaaaaaaaaaaaabbbbbbbbbCCCCC123,signature:1E2290206145BAC5BA7626BE4FB9217AE1B8870F531E9816E4C1CE1781094195
11/30/2016 17:02:00: :	NLogLogger.GetCalleeString 
	urlFull: http://sandbox.vtcpay.vn/pay2.0/portalgateway/checkout.html?website_id=453&amount=50000&receiver_account=0983666999&reference_number=20161130170157&currency=VND&signature=1E2290206145BAC5BA7626BE4FB9217AE1B8870F531E9816E4C1CE1781094195
11/30/2016 17:02:41: :	NLogLogger.GetCalleeString 
	Ket qua POST. Data: 50000||VTCPAY|20161130170157|1|11062|453
sign: B99678DF79209533DA739793ABEF316458F96C98932C8708667974581EAC06CF
Vefify: False
11/30/2016 17:24:47: :	NLogLogger.GetCalleeString 
	Textsign: 50000|VND|0983666999|20161130172444|453|aaaaaaaaaaaaaaaabbbbbbbbbCCCCC123,signature:BE343126250BE27D4841D0A432144EC82903B7CC0E21B510A1C8A7E6756AA3A7
11/30/2016 17:24:47: :	NLogLogger.GetCalleeString 
	urlFull: http://sandbox.vtcpay.vn/pay2.0/portalgateway/checkout.html?website_id=453&amount=50000&receiver_account=0983666999&reference_number=20161130172444&currency=VND&signature=BE343126250BE27D4841D0A432144EC82903B7CC0E21B510A1C8A7E6756AA3A7
11/30/2016 17:25:01: :	NLogLogger.GetCalleeString 
	Ket qua POST. Data: 50000||VTCPAY|20161130172444|1|11066|453
sign: E318F3B3702563E5837EE394EC4E2D32D74A690649F27E40BA58E44E9888C30F
Vefify: False
11/30/2016 17:25:51: :	NLogLogger.GetCalleeString 
	Ket qua POST. Data: 50000|||20161130172444|-21||453
sign: 974604EB2185BAF54F705800AC4BB21BEEEA7D950A42FF4F7F9A3AADF4BA9BBE
Vefify: False
11/30/2016 17:25:53: :	NLogLogger.GetCalleeString 
	Ket qua POST. Data: 50000|||20161130172444|-21||453
sign: 974604EB2185BAF54F705800AC4BB21BEEEA7D950A42FF4F7F9A3AADF4BA9BBE
Vefify: False
11/30/2016 17:26:00: :	NLogLogger.GetCalleeString 
	Textsign: 50000|VND|0983666999|20161130172558|453|aaaaaaaaaaaaaaaabbbbbbbbbCCCCC123,signature:3531D3EA8649D58F199EC8412A60FCA9E4625AE859A8044C7340EC921BDA6D38
11/30/2016 17:26:00: :	NLogLogger.GetCalleeString 
	urlFull: http://sandbox1.vtcebank.vn/payportalv2/checkout.html?website_id=453&amount=50000&receiver_account=0983666999&reference_number=20161130172558&currency=VND&signature=3531D3EA8649D58F199EC8412A60FCA9E4625AE859A8044C7340EC921BDA6D38
11/30/2016 17:26:05: :	NLogLogger.GetCalleeString 
	Textsign: 50000|VND|0983666999|20161130172603|453|aaaaaaaaaaaaaaaabbbbbbbbbCCCCC123,signature:F5851160EE8A0A8774230B41E71F1BF805A808B60105ABAB83B9A96024AFD9BB
11/30/2016 17:26:05: :	NLogLogger.GetCalleeString 
	urlFull: http://sandbox.vtcpay.vn/pay2.0/portalgateway/checkout.html?website_id=453&amount=50000&receiver_account=0983666999&reference_number=20161130172603&currency=VND&signature=F5851160EE8A0A8774230B41E71F1BF805A808B60105ABAB83B9A96024AFD9BB
11/30/2016 17:26:44: :	NLogLogger.GetCalleeString 
	Ket qua POST. Data: 50000||VTCPAY|20161130172603|1|11069|453
sign: B903735342A6EB8FC7F8E6F951E0668BC15389645E0E64D52076E705C30F6D55
Vefify: False
11/30/2016 17:30:30: :	NLogLogger.GetCalleeString 
	Textsign: 50000|VND|0983666999|20161130173028|453|aaaaaaaaaaaaaaaabbbbbbbbbCCCCC123,signature:71711884AFB0188EA09E9A9F769C3B134A53D1F326B307813AE1556A8031FC7C
11/30/2016 17:30:30: :	NLogLogger.GetCalleeString 
	urlFull: http://sandbox.vtcpay.vn/pay2.0/portalgateway/checkout.html?website_id=453&amount=50000&receiver_account=0983666999&reference_number=20161130173028&currency=VND&signature=71711884AFB0188EA09E9A9F769C3B134A53D1F326B307813AE1556A8031FC7C
11/30/2016 17:30:42: :	NLogLogger.GetCalleeString 
	Ket qua POST. Data: 50000||VTCPAY|20161130173028|1|11072|453
sign: B56008A12FB6F1C18CCBDC0E9FAD0A82A9B9B814D931393CCFF564EFBA0F0FA7
Vefify: False
11/30/2016 17:36:09: :	NLogLogger.GetCalleeString 
	Textsign: 20000|VND|0983666999|20161130173605|453|aaaaaaaaaaaaaaaabbbbbbbbbCCCCC123,signature:C125F314AF9F3B5597DE6F63F2A99FCE39114D626AEA579589E2827EB690AFB0
11/30/2016 17:36:09: :	NLogLogger.GetCalleeString 
	urlFull: http://sandbox.vtcpay.vn/pay2.0/portalgateway/checkout.html?website_id=453&amount=20000&receiver_account=0983666999&reference_number=20161130173605&currency=VND&signature=C125F314AF9F3B5597DE6F63F2A99FCE39114D626AEA579589E2827EB690AFB0
11/30/2016 17:36:17: :	NLogLogger.GetCalleeString 
	Ket qua POST. Data: 20000||VTCPAY|20161130173605|1|11075|453
sign: 2804A4BF5AD5F8A2E6186D258ED5B92524FD024AEE64FF05F7B8268B0D8DFC33
Vefify: False
11/30/2016 17:38:39: :	NLogLogger.GetCalleeString 
	Textsign: 10000|VND|0983666999|20161130173702|453|aaaaaaaaaaaaaaaabbbbbbbbbCCCCC123,signature:1CC769C51DA7A85A82D25DCC7799C4A90C488690471A795F5511BEF2A5FE8413
11/30/2016 17:38:39: :	NLogLogger.GetCalleeString 
	urlFull: http://sandbox1.vtcebank.vn/payportalv2/checkout.html?website_id=453&amount=10000&receiver_account=0983666999&reference_number=20161130173702&currency=VND&signature=1CC769C51DA7A85A82D25DCC7799C4A90C488690471A795F5511BEF2A5FE8413
11/30/2016 17:39:56: :	NLogLogger.GetCalleeString 
	Textsign: 10000|VND|0983666999|20161130173952|453|aaaaaaaaaaaaaaaabbbbbbbbbCCCCC123,signature:6FA2BF1878D3D24FBCFA3E1919AD8E79DDB849E891725587D44FB438C19AEC64
11/30/2016 17:39:56: :	NLogLogger.GetCalleeString 
	urlFull: http://sandbox.vtcpay.vn/pay2.0/portalgateway/checkout.html?website_id=453&amount=10000&receiver_account=0983666999&reference_number=20161130173952&currency=VND&signature=6FA2BF1878D3D24FBCFA3E1919AD8E79DDB849E891725587D44FB438C19AEC64
11/30/2016 17:40:31: :	NLogLogger.GetCalleeString 
	Ket qua POST. Data: 10000||VTCPAY|20161130173952|1|11078|453
sign: 2A17AECA58CAA885C683B8BE09EC8E8F291921342177A05C6EA3506D7E593A56
Vefify: False
11/30/2016 17:46:29: :	NLogLogger.GetCalleeString 
	Textsign: 15000|VND|0983666999|20161130174624|453|aaaaaaaaaaaaaaaabbbbbbbbbCCCCC123,signature:89C76F6A56349A974CE29E4383FA929174745298233EC6485119893B0D144012
11/30/2016 17:46:29: :	NLogLogger.GetCalleeString 
	urlFull: http://sandbox.vtcpay.vn/pay2.0/portalgateway/checkout.html?website_id=453&amount=15000&receiver_account=0983666999&reference_number=20161130174624&currency=VND&signature=89C76F6A56349A974CE29E4383FA929174745298233EC6485119893B0D144012
11/30/2016 17:46:39: :	NLogLogger.GetCalleeString 
	Ket qua POST. Data: 15000||VTCPAY|20161130174624|1|11081|453
sign: 2D85BEBE9AC3B62577F52C968DC8BF6866169A753F878295CFE7141B66C95DA8
Vefify: False
11/30/2016 17:49:41: :	NLogLogger.GetCalleeString 
	Textsign: 10000|VND|0983666999|20161130174937|453|aaaaaaaaaaaaaaaabbbbbbbbbCCCCC123,signature:2F0EE34CEDFA6A2546D9638954B70BC60388DD5EFEF2FC0CBEC141B7D635E056
11/30/2016 17:49:41: :	NLogLogger.GetCalleeString 
	urlFull: http://sandbox.vtcpay.vn/pay2.0/portalgateway/checkout.html?website_id=453&amount=10000&receiver_account=0983666999&reference_number=20161130174937&currency=VND&signature=2F0EE34CEDFA6A2546D9638954B70BC60388DD5EFEF2FC0CBEC141B7D635E056
11/30/2016 17:50:16: :	NLogLogger.GetCalleeString 
	Ket qua POST. Data: 10000||VTCPAY|20161130174937|1|11084|453
sign: 356441E0DE1FF61F42C5CC9CB1756FBEF03D493AC67902036367556FDCFF3248
Vefify: False
