12/28/2016 10:35:56: :	NLogLogger.GetCalleeString 
	Textsign: 50000|VND|0983666999|20161228103553|453|aaaaaaaaaaaaaaaabbbbbbbbbCCCCC123,signature:61CB737903B83B41F27EA31DF29CE296C684C7EF6D36D0D4F438E07E60403B8C
12/28/2016 10:35:56: :	NLogLogger.GetCalleeString 
	urlFull: http://sandbox.vtcpay.vn/pay2.0/portalgateway/checkout.html?website_id=453&amount=50000&receiver_account=0983666999&reference_number=20161228103553&currency=VND&signature=61CB737903B83B41F27EA31DF29CE296C684C7EF6D36D0D4F438E07E60403B8C
12/28/2016 10:38:43: :	NLogLogger.GetCalleeString 
	Textsign: 50000|VND|0983666999|20161228103839|453|aaaaaaaaaaaaaaaabbbbbbbbbCCCCC123,signature:342D48F355EDD629816BC710AECCF4AFC277F46736E306C8C4354CB806517A30
12/28/2016 10:38:43: :	NLogLogger.GetCalleeString 
	urlFull: http://sandbox.vtcpay.vn/pay2.0/portalgateway/checkout.html?website_id=453&amount=50000&receiver_account=0983666999&reference_number=20161228103839&currency=VND&signature=342D48F355EDD629816BC710AECCF4AFC277F46736E306C8C4354CB806517A30
12/28/2016 10:50:44: :	NLogLogger.GetCalleeString 
	Textsign: 50000|VND|0983666999|20161228105035|453|aaaaaaaaaaaaaaaabbbbbbbbbCCCCC123,signature:C463EBF4F217D3DECA414B1EF16AA0A4623009F9DFD040D3564C95D3355AE357
12/28/2016 10:50:44: :	NLogLogger.GetCalleeString 
	urlFull: http://sandbox.vtcpay.vn/pay2.0/portalgateway/checkout.html?website_id=453&amount=50000&receiver_account=0983666999&reference_number=20161228105035&currency=VND&signature=C463EBF4F217D3DECA414B1EF16AA0A4623009F9DFD040D3564C95D3355AE357
12/28/2016 11:11:26: :	NLogLogger.GetCalleeString 
	Textsign: 50000|VND|0983666999|20161228111038|453|aaaaaaaaaaaaaaaabbbbbbbbbCCCCC123,signature:540151D393A84894810F84269D4FFB2C31C19E864951A2E400FAAF7EBCF0B7D9
12/28/2016 11:11:26: :	NLogLogger.GetCalleeString 
	urlFull: http://sandbox.vtcpay.vn/pay2.0/portalgateway/checkout.html?website_id=453&amount=50000&receiver_account=0983666999&reference_number=20161228111038&currency=VND&signature=540151D393A84894810F84269D4FFB2C31C19E864951A2E400FAAF7EBCF0B7D9
12/28/2016 13:23:31: :	NLogLogger.GetCalleeString 
	Ket qua POST. Data: 50000||VTCPAY|20161228105035|1|21390|453
sign: C13D90C26EA3E3B047AFE28951C1CF984E23C10EB07BF286ED4DD5CF695DDD00
Vefify: False
12/28/2016 13:42:49: :	NLogLogger.GetCalleeString 
	Textsign: 50000|VND|0983666999|20161228134047|453|aaaaaaaaaaaaaaaabbbbbbbbbCCCCC123,signature:2455E522515598E166697D3578114B2DA10DBB1BD8A96E361990277C71423270
12/28/2016 13:42:49: :	NLogLogger.GetCalleeString 
	urlFull: http://sandbox.vtcpay.vn/pay2.0/portalgateway/checkout.html?website_id=453&amount=50000&receiver_account=0983666999&reference_number=20161228134047&currency=VND&signature=2455E522515598E166697D3578114B2DA10DBB1BD8A96E361990277C71423270
12/28/2016 13:44:13: :	NLogLogger.GetCalleeString 
	Ket qua POST. Data: 50000||VTCPAY|20161228134047|1|21410|453
sign: AB38D113B2B9841D7557337A6F6A3BB7D0B3630CF5981AF3DC9103C3BE8C42A8
Vefify: False
12/28/2016 13:45:52: :	NLogLogger.GetCalleeString 
	Textsign: 50000|VND|0983666999|20161228134549|453|aaaaaaaaaaaaaaaabbbbbbbbbCCCCC123,signature:008F07E598270BDDA4540E8B5E161C4B4F818EE1827B23B0315DCF79E512DB07
12/28/2016 13:45:52: :	NLogLogger.GetCalleeString 
	urlFull: http://sandbox.vtcpay.vn/pay2.0/portalgateway/checkout.html?website_id=453&amount=50000&receiver_account=0983666999&reference_number=20161228134549&currency=VND&signature=008F07E598270BDDA4540E8B5E161C4B4F818EE1827B23B0315DCF79E512DB07
12/28/2016 13:46:48: :	NLogLogger.GetCalleeString 
	Ket qua POST. Data: 50000||VTCPAY|20161228134549|1|21393|453
sign: 69E9AB7C6EAA12655F56B4FC0FFF0FDAA346D6D52C037DBF99A7B6FE41777270
Vefify: False
12/28/2016 13:49:42: :	NLogLogger.GetCalleeString 
	Ket qua POST. Data: 50000|||20161228134549|-21||453
sign: A2E9E02F739081E8869090069D501BD6E396739C7E40A86B58F8EB9A5E6BF272
Vefify: False
