12/01/2016 13:55:17: :	NLogLogger.GetCalleeString 
	Textsign: 50000|VND|0983666999|20161201135505|453|aaaaaaaaaaaaaaaabbbbbbbbbCCCCC123,signature:2A5D7A02E8CA2F5B0F0AC9259A7931A97ECD0F7B095BEF6CE2E7564E86EA09A1
12/01/2016 13:55:17: :	NLogLogger.GetCalleeString 
	urlFull: http://sandbox.vtcpay.vn/pay2.0/portalgateway/checkout.html?website_id=453&amount=50000&receiver_account=0983666999&reference_number=20161201135505&currency=VND&signature=2A5D7A02E8CA2F5B0F0AC9259A7931A97ECD0F7B095BEF6CE2E7564E86EA09A1
12/01/2016 13:55:33: :	NLogLogger.GetCalleeString 
	Ket qua POST. Data: 50000||VTCPAY|20161201135505|1|11094|453
sign: C6A7605E76D8351476C3A941AB68C0E7E159B6DEE34E32107C6B8C23A0911482
Vefify: False
12/01/2016 14:07:35: :	NLogLogger.GetCalleeString 
	Textsign: 10000|VND|0983666999|20161201140731|453|aaaaaaaaaaaaaaaabbbbbbbbbCCCCC123,signature:4A221AA95F2E9B2836D7FED7D91026B30699AC0E037DE476435AA682AE431378
12/01/2016 14:07:35: :	NLogLogger.GetCalleeString 
	urlFull: http://sandbox.vtcpay.vn/pay2.0/portalgateway/checkout.html?website_id=453&amount=10000&receiver_account=0983666999&reference_number=20161201140731&currency=VND&signature=4A221AA95F2E9B2836D7FED7D91026B30699AC0E037DE476435AA682AE431378
12/01/2016 14:07:45: :	NLogLogger.GetCalleeString 
	Ket qua POST. Data: 10000||VTCPAY|20161201140731|1|11097|453
sign: C78518C0006973C4BD900041F0A5CEB4C89C5F935B0D44451C8E6DF6735FC5C8
Vefify: False
12/01/2016 14:45:00: :	NLogLogger.GetCalleeString 
	Textsign: 20000|VND|0983666999|20161201144453|453|aaaaaaaaaaaaaaaabbbbbbbbbCCCCC123,signature:E1E0323B61641804765C2384CE0B98CE3B7251B622BCD3CE13A885F3CFE5B809
12/01/2016 14:45:00: :	NLogLogger.GetCalleeString 
	urlFull: http://sandbox.vtcpay.vn/pay2.0/portalgateway/checkout.html?website_id=453&amount=20000&receiver_account=0983666999&reference_number=20161201144453&currency=VND&signature=E1E0323B61641804765C2384CE0B98CE3B7251B622BCD3CE13A885F3CFE5B809
12/01/2016 14:45:31: :	NLogLogger.GetCalleeString 
	Ket qua POST. Data: 20000||VTCPAY|20161201144453|1|11100|453
sign: E60EFF9C6867A4568B17ECC2E723159BDE66D9A98097AEAB98C4635A6BB2EBC7
Vefify: False
