10/13/2016 03:25:32: :	NLogLogger.GetCalleeString 
	Textsign: 50000|VND|0983666999|20161013032530|453|aaaaaaaaaaaaaaaabbbbbbbbbCCCCC123,signature:E4997F961B17D9F22183D1C733C11117D7B5845AC3185387A1581BE9BD6B11A2
10/13/2016 03:25:32: :	NLogLogger.GetCalleeString 
	urlFull: http://sandbox1.vtcebank.vn/payportalv2/checkout.html?website_id=453&amount=50000&receiver_account=0983666999&reference_number=20161013032530&currency=VND&signature=E4997F961B17D9F22183D1C733C11117D7B5845AC3185387A1581BE9BD6B11A2
10/13/2016 08:13:10: :	NLogLogger.GetCalleeString 
	Textsign: 50000|VND|0983666999|20161013081305|453|aaaaaaaaaaaaaaaabbbbbbbbbCCCCC123,signature:C0D445E5FD82411458A4F6FF04DD39C0740319BF2D7684729375F09C400A9D4E
10/13/2016 08:13:10: :	NLogLogger.GetCalleeString 
	urlFull: http://sandbox1.vtcebank.vn/payportalv2/checkout.html?website_id=453&amount=50000&receiver_account=0983666999&reference_number=20161013081305&currency=VND&signature=C0D445E5FD82411458A4F6FF04DD39C0740319BF2D7684729375F09C400A9D4E
10/13/2016 14:29:31: :	NLogLogger.GetCalleeString 
	Textsign: 50000|VND|0983666999|20161013142927|453|aaaaaaaaaaaaaaaabbbbbbbbbCCCCC123,signature:2D808E68BDB84CA7BC3D671EAF6573F00E9A6C74F1B9BD81B6B9A8E003351990
10/13/2016 14:29:31: :	NLogLogger.GetCalleeString 
	urlFull: http://sandbox1.vtcebank.vn/payportalv2/checkout.html?website_id=453&amount=50000&receiver_account=0983666999&reference_number=20161013142927&currency=VND&signature=2D808E68BDB84CA7BC3D671EAF6573F00E9A6C74F1B9BD81B6B9A8E003351990
10/13/2016 14:30:20: :	NLogLogger.GetCalleeString 
	IP request tu server:117.103.192.46
10/13/2016 14:30:20: :	NLogLogger.GetCalleeString 
	Ket qua POST. Data: 50000||VTCPAY|20161013142927|1|5768211|453
sign: AF9663790CF7D42729292F3FDC109D2B7ED729E069897400384EA9EDC9C76381
Vefify: True
10/13/2016 14:30:36: :	NLogLogger.GetCalleeString 
	IP request tu server:117.103.192.46
10/13/2016 14:30:36: :	NLogLogger.GetCalleeString 
	Ket qua POST. Data: 50000||VTCPAY|20161013142927|-1|-103|453
sign: 5AC610B8271C1E8808DCCEA2BCF107098367F4CFEEC21EEA24AF69AAF98A47A6
Vefify: True
10/13/2016 14:38:25: :	NLogLogger.GetCalleeString 
	IP request tu server:117.103.192.46
10/13/2016 14:38:25: :	NLogLogger.GetCalleeString 
	Ket qua POST. Data: 50000||VTCPAY|20161013142927|-1|-103|453
sign: 5AC610B8271C1E8808DCCEA2BCF107098367F4CFEEC21EEA24AF69AAF98A47A6
Vefify: True
10/13/2016 14:43:43: :	NLogLogger.GetCalleeString 
	IP request tu server:117.103.192.46
10/13/2016 14:43:43: :	NLogLogger.GetCalleeString 
	Ket qua POST. Data: 50000||VTCPAY||-1|20161013142927|453
sign: 5C05F20844D232D974257BC3C331BFFFADD4A218B84124CE67BAFBA9453D9AB1
Vefify: True
10/13/2016 14:44:02: :	NLogLogger.GetCalleeString 
	IP request tu server:117.103.192.46
10/13/2016 14:44:02: :	NLogLogger.GetCalleeString 
	Ket qua POST. Data: 50000||VTCPAY||-1|20161013142927|453
sign: 5C05F20844D232D974257BC3C331BFFFADD4A218B84124CE67BAFBA9453D9AB1
Vefify: True
10/13/2016 14:44:24: :	NLogLogger.GetCalleeString 
	IP request tu server:117.103.192.46
10/13/2016 14:44:24: :	NLogLogger.GetCalleeString 
	Ket qua POST. Data: 50000||VTCPAY||-1|20161013142927|453
sign: 5C05F20844D232D974257BC3C331BFFFADD4A218B84124CE67BAFBA9453D9AB1
Vefify: True
10/13/2016 14:44:36: :	NLogLogger.GetCalleeString 
	IP request tu server:117.103.192.46
10/13/2016 14:44:36: :	NLogLogger.GetCalleeString 
	Ket qua POST. Data: 50000||VTCPAY||-1|20161013142927|453
sign: 5C05F20844D232D974257BC3C331BFFFADD4A218B84124CE67BAFBA9453D9AB1
Vefify: True
10/13/2016 14:50:49: :	NLogLogger.GetCalleeString 
	IP request tu server:117.103.192.46
10/13/2016 14:50:49: :	NLogLogger.GetCalleeString 
	Ket qua POST. Data: 50000||VTCPAY||-1|20161013142927|453
sign: 5C05F20844D232D974257BC3C331BFFFADD4A218B84124CE67BAFBA9453D9AB1
Vefify: True
10/13/2016 17:35:01: :	NLogLogger.GetCalleeString 
	Textsign: 50000|VND|0983666999|20161013173457|453|aaaaaaaaaaaaaaaabbbbbbbbbCCCCC123,signature:482DD7BB5BD76F1FE38FD0478921981C6368F8B9D62ADC9FDD330ECE2E44C8B5
10/13/2016 17:35:01: :	NLogLogger.GetCalleeString 
	urlFull: http://sandbox1.vtcebank.vn/payportalv2/checkout.html?website_id=453&amount=50000&receiver_account=0983666999&reference_number=20161013173457&currency=VND&signature=482DD7BB5BD76F1FE38FD0478921981C6368F8B9D62ADC9FDD330ECE2E44C8B5
10/13/2016 17:40:03: :	NLogLogger.GetCalleeString 
	IP request tu server:117.103.207.30
10/13/2016 17:40:03: :	NLogLogger.GetCalleeString 
	Ket qua POST. Data: 50000||VTCPAY|20161013173457|1|1|453
sign: A983D956299CAB3DF9B177DA3D23C3C1202432203E868E22469F2937138331DC
Vefify: False
10/13/2016 17:52:50: :	NLogLogger.GetCalleeString 
	Textsign: 50000|VND|0983666999|20161013175249|453|aaaaaaaaaaaaaaaabbbbbbbbbCCCCC123,signature:B22228D6862A6E03F2E4F6E46291719A2D14327672A3ECECD334DBAAE7EEE4D2
10/13/2016 17:52:50: :	NLogLogger.GetCalleeString 
	urlFull: http://sandbox1.vtcebank.vn/payportalv2/checkout.html?website_id=453&amount=50000&receiver_account=0983666999&reference_number=20161013175249&currency=VND&signature=B22228D6862A6E03F2E4F6E46291719A2D14327672A3ECECD334DBAAE7EEE4D2
10/13/2016 17:57:39: :	NLogLogger.GetCalleeString 
	Textsign: 50000|VND|0983666999|20161013175737|453|aaaaaaaaaaaaaaaabbbbbbbbbCCCCC123,signature:22A94F4E69ECDA0AC4D9E2BEEB319BB0B8BC76811C8371E846396ACDE590B4A3
10/13/2016 17:57:39: :	NLogLogger.GetCalleeString 
	urlFull: http://sandbox1.vtcebank.vn/payportalv2/checkout.html?website_id=453&amount=50000&receiver_account=0983666999&reference_number=20161013175737&currency=VND&signature=22A94F4E69ECDA0AC4D9E2BEEB319BB0B8BC76811C8371E846396ACDE590B4A3
