08/26/2016 08:52:30: :	NLogLogger.GetCalleeString 
	System.FormatException: Input string was not in a correct format.
   at System.Text.StringBuilder.AppendFormat(IFormatProvider provider, String format, Object[] args)
   at System.String.Format(IFormatProvider provider, String format, Object[] args)
   at WebSitePayment.Order.Button1_Click(Object sender, EventArgs e) in e:\Hosting\MerchantCongVTCPayV1.5\Order.aspx.cs:line 33
08/26/2016 08:52:33: :	NLogLogger.GetCalleeString 
	System.FormatException: Input string was not in a correct format.
   at System.Text.StringBuilder.AppendFormat(IFormatProvider provider, String format, Object[] args)
   at System.String.Format(IFormatProvider provider, String format, Object[] args)
   at WebSitePayment.Order.Button1_Click(Object sender, EventArgs e) in e:\Hosting\MerchantCongVTCPayV1.5\Order.aspx.cs:line 33
08/26/2016 08:52:37: :	NLogLogger.GetCalleeString 
	System.FormatException: Input string was not in a correct format.
   at System.Text.StringBuilder.AppendFormat(IFormatProvider provider, String format, Object[] args)
   at System.String.Format(IFormatProvider provider, String format, Object[] args)
   at WebSitePayment.Order.Button1_Click(Object sender, EventArgs e) in e:\Hosting\MerchantCongVTCPayV1.5\Order.aspx.cs:line 33
08/26/2016 08:52:39: :	NLogLogger.GetCalleeString 
	System.FormatException: Input string was not in a correct format.
   at System.Text.StringBuilder.AppendFormat(IFormatProvider provider, String format, Object[] args)
   at System.String.Format(IFormatProvider provider, String format, Object[] args)
   at WebSitePayment.Order.Button1_Click(Object sender, EventArgs e) in e:\Hosting\MerchantCongVTCPayV1.5\Order.aspx.cs:line 33
08/26/2016 08:52:45: :	NLogLogger.GetCalleeString 
	System.FormatException: Input string was not in a correct format.
   at System.Text.StringBuilder.AppendFormat(IFormatProvider provider, String format, Object[] args)
   at System.String.Format(IFormatProvider provider, String format, Object[] args)
   at WebSitePayment.Order.Button1_Click(Object sender, EventArgs e) in e:\Hosting\MerchantCongVTCPayV1.5\Order.aspx.cs:line 33
08/26/2016 08:54:15: :	NLogLogger.GetCalleeString 
	System.FormatException: Input string was not in a correct format.
   at System.Text.StringBuilder.AppendFormat(IFormatProvider provider, String format, Object[] args)
   at System.String.Format(IFormatProvider provider, String format, Object[] args)
   at WebSitePayment.Order.Button1_Click(Object sender, EventArgs e) in e:\Hosting\MerchantCongVTCPayV1.5\Order.aspx.cs:line 33
08/26/2016 08:54:19: :	NLogLogger.GetCalleeString 
	System.FormatException: Input string was not in a correct format.
   at System.Text.StringBuilder.AppendFormat(IFormatProvider provider, String format, Object[] args)
   at System.String.Format(IFormatProvider provider, String format, Object[] args)
   at WebSitePayment.Order.Button1_Click(Object sender, EventArgs e) in e:\Hosting\MerchantCongVTCPayV1.5\Order.aspx.cs:line 33
08/26/2016 08:54:42: :	NLogLogger.GetCalleeString 
	System.FormatException: Input string was not in a correct format.
   at System.Text.StringBuilder.AppendFormat(IFormatProvider provider, String format, Object[] args)
   at System.String.Format(IFormatProvider provider, String format, Object[] args)
   at WebSitePayment.Order.Button1_Click(Object sender, EventArgs e) in e:\Hosting\MerchantCongVTCPayV1.5\Order.aspx.cs:line 33
08/26/2016 08:54:45: :	NLogLogger.GetCalleeString 
	System.FormatException: Input string was not in a correct format.
   at System.Text.StringBuilder.AppendFormat(IFormatProvider provider, String format, Object[] args)
   at System.String.Format(IFormatProvider provider, String format, Object[] args)
   at WebSitePayment.Order.Button1_Click(Object sender, EventArgs e) in e:\Hosting\MerchantCongVTCPayV1.5\Order.aspx.cs:line 33
08/26/2016 08:55:09: :	NLogLogger.GetCalleeString 
	System.FormatException: Input string was not in a correct format.
   at System.Text.StringBuilder.AppendFormat(IFormatProvider provider, String format, Object[] args)
   at System.String.Format(IFormatProvider provider, String format, Object[] args)
   at WebSitePayment.Order.Button1_Click(Object sender, EventArgs e) in e:\Hosting\MerchantCongVTCPayV1.5\Order.aspx.cs:line 33
08/26/2016 09:02:39: :	NLogLogger.GetCalleeString 
	System.FormatException: Input string was not in a correct format.
   at System.Text.StringBuilder.AppendFormat(IFormatProvider provider, String format, Object[] args)
   at System.String.Format(IFormatProvider provider, String format, Object[] args)
   at WebSitePayment.Order.Button1_Click(Object sender, EventArgs e) in e:\Hosting\MerchantCongVTCPayV1.5\Order.aspx.cs:line 33
08/26/2016 09:35:48: :	NLogLogger.GetCalleeString 
	System.FormatException: Input string was not in a correct format.
   at System.Text.StringBuilder.AppendFormat(IFormatProvider provider, String format, Object[] args)
   at System.String.Format(IFormatProvider provider, String format, Object[] args)
   at WebSitePayment.Order.Button1_Click(Object sender, EventArgs e) in e:\Hosting\MerchantCongVTCPayV1.5\Order.aspx.cs:line 33
08/26/2016 09:43:55: :	NLogLogger.GetCalleeString 
	System.FormatException: Input string was not in a correct format.
   at System.Text.StringBuilder.AppendFormat(IFormatProvider provider, String format, Object[] args)
   at System.String.Format(IFormatProvider provider, String format, Object[] args)
   at WebSitePayment.Order.Button1_Click(Object sender, EventArgs e) in e:\Hosting\MerchantCongVTCPayV1.5\Order.aspx.cs:line 33
08/26/2016 09:44:02: :	NLogLogger.GetCalleeString 
	System.FormatException: Input string was not in a correct format.
   at System.Text.StringBuilder.AppendFormat(IFormatProvider provider, String format, Object[] args)
   at System.String.Format(IFormatProvider provider, String format, Object[] args)
   at WebSitePayment.Order.Button1_Click(Object sender, EventArgs e) in e:\Hosting\MerchantCongVTCPayV1.5\Order.aspx.cs:line 33
08/26/2016 10:39:29: :	NLogLogger.GetCalleeString 
	System.FormatException: Input string was not in a correct format.
   at System.Text.StringBuilder.AppendFormat(IFormatProvider provider, String format, Object[] args)
   at System.String.Format(IFormatProvider provider, String format, Object[] args)
   at WebSitePayment.Order.Button1_Click(Object sender, EventArgs e) in e:\Hosting\MerchantCongVTCPayV1.5\Order.aspx.cs:line 33
08/26/2016 10:48:39: :	NLogLogger.GetCalleeString 
	System.FormatException: Input string was not in a correct format.
   at System.Text.StringBuilder.AppendFormat(IFormatProvider provider, String format, Object[] args)
   at System.String.Format(IFormatProvider provider, String format, Object[] args)
   at WebSitePayment.Order.Button1_Click(Object sender, EventArgs e) in e:\Hosting\MerchantCongVTCPayV1.5\Order.aspx.cs:line 33
08/26/2016 11:09:20: :	NLogLogger.GetCalleeString 
	System.FormatException: Input string was not in a correct format.
   at System.Text.StringBuilder.AppendFormat(IFormatProvider provider, String format, Object[] args)
   at System.String.Format(IFormatProvider provider, String format, Object[] args)
   at WebSitePayment.Order.Button1_Click(Object sender, EventArgs e) in e:\Hosting\MerchantCongVTCPayV1.5\Order.aspx.cs:line 33
08/26/2016 11:10:10: :	NLogLogger.GetCalleeString 
	System.FormatException: Input string was not in a correct format.
   at System.Text.StringBuilder.AppendFormat(IFormatProvider provider, String format, Object[] args)
   at System.String.Format(IFormatProvider provider, String format, Object[] args)
   at WebSitePayment.Order.Button1_Click(Object sender, EventArgs e) in e:\Hosting\MerchantCongVTCPayV1.5\Order.aspx.cs:line 33
08/26/2016 13:05:05: :	NLogLogger.GetCalleeString 
	System.FormatException: Input string was not in a correct format.
   at System.Text.StringBuilder.AppendFormat(IFormatProvider provider, String format, Object[] args)
   at System.String.Format(IFormatProvider provider, String format, Object[] args)
   at WebSitePayment.Order.Button1_Click(Object sender, EventArgs e) in e:\Hosting\MerchantCongVTCPayV1.5\Order.aspx.cs:line 33
08/26/2016 13:09:40: :	NLogLogger.GetCalleeString 
	System.FormatException: Input string was not in a correct format.
   at System.Text.StringBuilder.AppendFormat(IFormatProvider provider, String format, Object[] args)
   at System.String.Format(IFormatProvider provider, String format, Object[] args)
   at WebSitePayment.Order.Button1_Click(Object sender, EventArgs e) in e:\Hosting\MerchantCongVTCPayV1.5\Order.aspx.cs:line 33
08/26/2016 13:13:05: :	NLogLogger.GetCalleeString 
	urlFull: http://sandbox1.vtcebank.vn/payportalv2/checkout.html?website_id=453&amount=50000&receiver_account=0983666999&reference_number=20160826130939&currency=VND&signature=4BF8C68D34F97315C2F7483EC46C87BA37E4FD1331B29429D9EB953F1DC16095
08/26/2016 13:14:16: :	NLogLogger.GetCalleeString 
	urlFull: http://sandbox1.vtcebank.vn/payportalv2/checkout.html?website_id=453&amount=50000&receiver_account=0983666999&reference_number=20160826131415&currency=VND&signature=71D24E78D1F5A37E75C6A3B705A605B0CBF9561315B26EEB43ED7C0B77708D7D
08/26/2016 13:14:53: :	NLogLogger.GetCalleeString 
	urlFull: http://sandbox1.vtcebank.vn/payportalv2/checkout.html?website_id=453&amount=50000&receiver_account=0983666999&reference_number=20160826131451&currency=VND&signature=1034656BA33D8B66C29CC1580802FE295B6DDB8CAFD9EBD524EE05EBABC2D85D
08/26/2016 13:15:50: :	NLogLogger.GetCalleeString 
	urlFull: http://sandbox1.vtcebank.vn/payportalv2/checkout.html?website_id=453&amount=50000&receiver_account=0983666999&reference_number=20160826131543&currency=VND&signature=18127732F713EB424D85737B993768DB805BB0EAD706C534C8A48BD9E12CA3CA
08/26/2016 13:16:43: :	NLogLogger.GetCalleeString 
	urlFull: http://sandbox1.vtcebank.vn/payportalv2/checkout.html?website_id=453&amount=50000&receiver_account=0983666999&reference_number=20160826131642&currency=VND&signature=A24199D6DDD6B62EB9E266029021379CC202110B4B3491AAC666A9B67F5C5AFE
08/26/2016 13:17:22: :	NLogLogger.GetCalleeString 
	urlFull: http://sandbox1.vtcebank.vn/payportalv2/checkout.html?website_id=453&amount=50000&receiver_account=0983666999&reference_number=20160826131721&currency=VND&signature=70649509097D72997DACF0F398652E7CB81AD61569AC58F91C647E54B0C2CE96
08/26/2016 13:18:55: :	NLogLogger.GetCalleeString 
	urlFull: http://sandbox1.vtcebank.vn/payportalv2/checkout.html?website_id=453&amount=50000&receiver_account=0983666999&reference_number=20160826131853&currency=VND&signature=C546D16D90033FA87BCDD4AF8B8B9B5ED95CE3313E5A4B0FDC7097BDF0CD576E
08/26/2016 13:21:51: :	NLogLogger.GetCalleeString 
	urlFull: http://sandbox1.vtcebank.vn/payportalv2/checkout.html?website_id=453&amount=50000&receiver_account=0983666999&reference_number=20160826132149&currency=VND&signature=D45A6D9245E1A2D990BB7EC29AF84BF2140E5C8E70EE61301A86F45B09CED5DA
08/26/2016 13:24:44: :	NLogLogger.GetCalleeString 
	urlFull: http://sandbox1.vtcebank.vn/payportalv2/checkout.html?website_id=453&amount=500000&receiver_account=0983666999&reference_number=20160826132441&currency=VND&signature=3CC0ED9AA94223E2DEE6E804BA02DBF6885F21F5F220251506FE2D31AF35399D
08/26/2016 13:27:45: :	NLogLogger.GetCalleeString 
	urlFull: http://sandbox1.vtcebank.vn/payportalv2/checkout.html?website_id=453&amount=50000&receiver_account=0983666999&reference_number=20160826132456&currency=VND&signature=2BF3FA986F9ECD75314CDE4E3CB132D0E2C3F0FDE6E5EA0A6E694946BB996DF0
08/26/2016 13:35:57: :	NLogLogger.GetCalleeString 
	urlFull: http://sandbox1.vtcebank.vn/payportalv2/checkout.html?website_id=453&amount=50000&receiver_account=0983666999&reference_number=20160826133555&currency=VND&signature=0B3A5C0DE77A4BDBF1313C35CF8DF21687869C4A6B622172DB277ED675E21A0A
08/26/2016 13:39:14: :	NLogLogger.GetCalleeString 
	urlFull: http://sandbox1.vtcebank.vn/payportalv2/checkout.html?website_id=453&amount=50000&receiver_account=0983666999&reference_number=20160826133912&currency=VND&signature=D7C45CDCC2BAA6C8714D2CDDBDBBEDAA5364A2FBD4E4D15BAAAC19D745A5F240
08/26/2016 13:48:55: :	NLogLogger.GetCalleeString 
	urlFull: http://sandbox1.vtcebank.vn/payportalv2/checkout.html?website_id=453&amount=50000&receiver_account=0983666999&reference_number=20160826134850&currency=VND&signature=05C092255D710028A65E4615582DAD89189488FC2FFFBF75D34917961DE2AC7C
08/26/2016 13:51:24: :	NLogLogger.GetCalleeString 
	urlFull: http://sandbox1.vtcebank.vn/payportalv2/checkout.html?website_id=453&amount=50000&receiver_account=0983666999&reference_number=20160826135123&currency=VND&signature=1EE354E6578D4B9B0E73E9030EA873F3ADA3E75EDFE601361B78C04FC23CFECE
08/26/2016 13:53:12: :	NLogLogger.GetCalleeString 
	urlFull: http://sandbox1.vtcebank.vn/payportalv2/checkout.html?website_id=453&amount=50000&receiver_account=0983666999&reference_number=20160826135310&currency=VND&signature=F33BA09C01F27D8A87025A3907AF876BA9D25F022D741C7D6AF800967BDF9F31
08/26/2016 13:55:43: :	NLogLogger.GetCalleeString 
	urlFull: http://sandbox1.vtcebank.vn/payportalv2/checkout.html?website_id=453&amount=50000&receiver_account=0983666999&reference_number=20160826135541&currency=VND&signature=FEB509B26FEBC0DEA7F6C1D2989FAD481E84E7089419938805F11FE5B1763E66
08/26/2016 14:18:10: :	NLogLogger.GetCalleeString 
	urlFull: http://sandbox1.vtcebank.vn/payportalv2/checkout.html?website_id=453&amount=50000&receiver_account=0983666999&reference_number=20160826141807&currency=VND&signature=C55DDF4A61469B42C44F96DF143C02A76782B89EDB3C4460A6360EE8B3C722E3
08/26/2016 14:21:16: :	NLogLogger.GetCalleeString 
	urlFull: http://sandbox1.vtcebank.vn/payportalv2/checkout.html?website_id=453&amount=50000&receiver_account=0983666999&reference_number=20160826142114&currency=VND&signature=B5241607D89EC6FDE9FE2E1939AB487674CDE93CCF77C4AB8403BD3222713824
08/26/2016 14:28:23: :	NLogLogger.GetCalleeString 
	urlFull: http://sandbox1.vtcebank.vn/payportalv2/checkout.html?website_id=453&amount=50000&receiver_account=0983666999&reference_number=20160826142821&currency=VND&signature=DBC94E5787998FFA84D7514A00DAA2821AFEB21B45D53510264E3F98BA139B5C
08/26/2016 14:31:27: :	NLogLogger.GetCalleeString 
	urlFull: http://sandbox1.vtcebank.vn/payportalv2/checkout.html?website_id=453&amount=50000&receiver_account=0983666999&reference_number=20160826143124&currency=VND&signature=0B25473B092799CC553AD28BEBD9B82083AEC17A1A0C4FF907618063564760B0
08/26/2016 14:32:54: :	NLogLogger.GetCalleeString 
	urlFull: http://sandbox1.vtcebank.vn/payportalv2/checkout.html?website_id=453&amount=50000&receiver_account=0983666999&reference_number=20160826143252&currency=VND&signature=B101AB832518F45B3FAFC10B1B73B835D437DC861C425E88D4F3A986C26BDE1B
08/26/2016 14:35:00: :	NLogLogger.GetCalleeString 
	urlFull: http://sandbox1.vtcebank.vn/payportalv2/checkout.html?website_id=453&amount=50000&receiver_account=0983666999&reference_number=20160826143457&currency=VND&signature=8EA95350BFDCFD78E97C4E9D2D21AE6982BDD5F404DBD166757327B805E069FB
08/26/2016 14:54:59: :	NLogLogger.GetCalleeString 
	urlFull: http://sandbox1.vtcebank.vn/payportalv2/checkout.html?website_id=453&amount=50000&receiver_account=0983666999&reference_number=20160826145453&currency=VND&signature=C08BC9BD113B68627B833B904A2CF7A1FD6F829DC175DD0649CFA676E502A50F
08/26/2016 14:55:03: :	NLogLogger.GetCalleeString 
	urlFull: http://sandbox1.vtcebank.vn/payportalv2/checkout.html?website_id=453&amount=50000&receiver_account=0983666999&reference_number=20160826145453&currency=VND&signature=C08BC9BD113B68627B833B904A2CF7A1FD6F829DC175DD0649CFA676E502A50F
08/26/2016 15:08:07: :	NLogLogger.GetCalleeString 
	urlFull: http://sandbox1.vtcebank.vn/payportalv2/checkout.html?website_id=453&amount=50000&receiver_account=0983666999&reference_number=20160826150805&currency=VND&signature=054D6D4D2E8C45A9F7575B106FDAB0741374068CA3500C03CD18D0B972285065
08/26/2016 15:11:10: :	NLogLogger.GetCalleeString 
	urlFull: http://sandbox1.vtcebank.vn/payportalv2/checkout.html?website_id=453&amount=50000&receiver_account=0983666999&reference_number=20160826150907&currency=VND&signature=5AABA460A3D94432F3634585D3CD3B6C26E2BF2FAB99D5962A199B5F5EABC98D
08/26/2016 15:12:22: :	NLogLogger.GetCalleeString 
	urlFull: http://sandbox1.vtcebank.vn/payportalv2/checkout.html?website_id=453&amount=50000&receiver_account=0983666999&reference_number=20160826151219&currency=VND&signature=9D59B6F30DFC61EBC5EF9D0A78DF04AE35B59C0663966978AC5B10C3B2941E4A
08/26/2016 15:12:30: :	NLogLogger.GetCalleeString 
	urlFull: http://sandbox1.vtcebank.vn/payportalv2/checkout.html?website_id=453&amount=50000&receiver_account=0983666999&reference_number=20160826151228&currency=VND&signature=D70B51E48C1F17CF6263A92B9E2C905EC1AE70A61D54319F3C72584BAA0EE671
08/26/2016 15:14:07: :	NLogLogger.GetCalleeString 
	urlFull: http://sandbox1.vtcebank.vn/payportalv2/checkout.html?website_id=453&amount=50000&receiver_account=0983666999&reference_number=20160826151402&currency=VND&signature=6F15FB4B3C681A0B1E2C68598C918AD572BECE5B36D6D12A936C0FC9F2139F70
08/26/2016 15:14:46: :	NLogLogger.GetCalleeString 
	urlFull: http://sandbox1.vtcebank.vn/payportalv2/checkout.html?website_id=453&amount=50000&receiver_account=0983666999&reference_number=20160826151445&currency=VND&signature=B8D4D98C0C2B65F4817C9E862539954D8BF079CA960DDB8A7CBD211A96E0BE52
08/26/2016 15:25:21: :	NLogLogger.GetCalleeString 
	urlFull: http://sandbox1.vtcebank.vn/payportalv2/checkout.html?website_id=453&amount=50000&receiver_account=0983666999&reference_number=20160826152520&currency=VND&signature=26298228886611912F5534AC38585E7B6DF2BB9447ED0F4DAD2D8556AFB8D974
08/26/2016 15:29:53: :	NLogLogger.GetCalleeString 
	urlFull: http://sandbox1.vtcebank.vn/payportalv2/checkout.html?website_id=453&amount=50000&receiver_account=0983666999&reference_number=20160826152951&currency=VND&signature=EBEBB38D837B42E15BD01E98E1884F846A1D048922CAA7445A756DBE9EECCF7B
08/26/2016 15:32:51: :	NLogLogger.GetCalleeString 
	urlFull: http://sandbox1.vtcebank.vn/payportalv2/checkout.html?website_id=453&amount=50000&receiver_account=0983666999&reference_number=20160826153250&currency=VND&signature=AE76EDA9C492370D7355C5D31EFBF87225B29FDA3E30A49A034142D06C6EA280
08/26/2016 15:40:41: :	NLogLogger.GetCalleeString 
	urlFull: http://sandbox1.vtcebank.vn/payportalv2/checkout.html?website_id=453&amount=50000&receiver_account=0983666999&reference_number=20160826154040&currency=VND&signature=CAE8B8D5459BF6E8540DAFEDC944757692FCB7A7A0401F36F169F54A9CD983FE
08/26/2016 15:45:07: :	NLogLogger.GetCalleeString 
	urlFull: http://sandbox1.vtcebank.vn/payportalv2/checkout.html?website_id=453&amount=50000&receiver_account=0983666999&reference_number=20160826154503&currency=VND&signature=4B35796A6CC7F015EB013C34C6576B9BF58F3BB207E3CB10E938DA852F6061A3
08/26/2016 15:45:09: :	NLogLogger.GetCalleeString 
	urlFull: http://sandbox1.vtcebank.vn/payportalv2/checkout.html?website_id=453&amount=50000&receiver_account=0983666999&reference_number=20160826154507&currency=VND&signature=F4F0EA88324FFEDA599FBED4113F0DD6CB8DF73B919D58F8A856EDFF1122C08C
08/26/2016 15:46:08: :	NLogLogger.GetCalleeString 
	urlFull: http://sandbox1.vtcebank.vn/payportalv2/checkout.html?website_id=453&amount=50000&receiver_account=0983666999&reference_number=20160826154607&currency=VND&signature=116C3C1F5C341958EFDE5F308A619BC9BD734E51571A78C9BA53C1E198C2771B
08/26/2016 15:46:58: :	NLogLogger.GetCalleeString 
	urlFull: http://sandbox1.vtcebank.vn/payportalv2/checkout.html?website_id=453&amount=50000&receiver_account=0983666999&reference_number=20160826154657&currency=VND&signature=A741468A20F087C28AE213C9EECBACE261BD13908FA053805D580D01C4708BE4
08/26/2016 15:47:07: :	NLogLogger.GetCalleeString 
	urlFull: http://sandbox1.vtcebank.vn/payportalv2/checkout.html?website_id=453&amount=50000&receiver_account=0983666999&reference_number=20160826154703&currency=VND&signature=F601DB1310300747E848BCC1C5BD215879DAE972323C6AE8E3E308AA9A071BB4
08/26/2016 16:12:25: :	NLogLogger.GetCalleeString 
	urlFull: http://sandbox1.vtcebank.vn/payportalv2/checkout.html?website_id=453&amount=50000&receiver_account=0983666999&reference_number=20160826161221&currency=VND&signature=B2D625B83F8DFD897ADFA5A39F308267A543C5D66C5429B2B01B550CC3E42040
08/26/2016 16:12:50: :	NLogLogger.GetCalleeString 
	urlFull: http://sandbox1.vtcebank.vn/payportalv2/checkout.html?website_id=453&amount=50000&receiver_account=0983666999&reference_number=20160826161248&currency=VND&signature=8FC19421A4A77F332800EFD91DBDF56539993B6872F959FC1DB436E94638E408
08/26/2016 16:13:57: :	NLogLogger.GetCalleeString 
	urlFull: http://sandbox1.vtcebank.vn/payportalv2/checkout.html?website_id=453&amount=50000&receiver_account=0983666999&reference_number=20160826161356&currency=VND&signature=9EAEF30C39C0BEF43B32898B8951B98CAD6B7AB801A6AFB8A5470CFCDD3F3515
08/26/2016 16:26:38: :	NLogLogger.GetCalleeString 
	urlFull: http://sandbox1.vtcebank.vn/payportalv2/checkout.html?website_id=453&amount=50000&receiver_account=0983666999&reference_number=20160826162637&currency=VND&signature=E31860D5244CF0DEA2967AF9D629723810C7BE249391997F13ED3658054A607E
08/26/2016 16:27:05: :	NLogLogger.GetCalleeString 
	urlFull: http://sandbox1.vtcebank.vn/payportalv2/checkout.html?website_id=453&amount=50000&receiver_account=0983666999&reference_number=20160826162654&currency=VND&signature=A847C1564940F52C193447E82B50256434553BFE8BBD488F60F1DF1318532B27
08/26/2016 16:29:53: :	NLogLogger.GetCalleeString 
	urlFull: http://sandbox1.vtcebank.vn/payportalv2/checkout.html?website_id=453&amount=50000&receiver_account=0983666999&reference_number=20160826162943&currency=VND&signature=FF043DD24C7B4EF3DFEB2A6D2390A0665610DD7F3CCFE257D78F68C55B7B1AB7
08/26/2016 16:44:02: :	NLogLogger.GetCalleeString 
	urlFull: http://sandbox1.vtcebank.vn/payportalv2/checkout.html?website_id=453&amount=50000&receiver_account=0983666999&reference_number=20160826164400&currency=VND&signature=858E2BD1608CEB0D667CC94A35553ABAECE43B17503C06899054AB04DE4985E1
08/26/2016 16:52:57: :	NLogLogger.GetCalleeString 
	urlFull: http://sandbox1.vtcebank.vn/payportalv2/checkout.html?website_id=453&amount=50000&receiver_account=0983666999&reference_number=20160826165256&currency=VND&signature=FC8BAF5ACB3C12B263CD6017F3F5E6C1B01DABA3421E29802A0BCF923044FDF9
08/26/2016 16:52:59: :	NLogLogger.GetCalleeString 
	urlFull: http://sandbox1.vtcebank.vn/payportalv2/checkout.html?website_id=453&amount=50000&receiver_account=0983666999&reference_number=20160826165256&currency=VND&signature=FC8BAF5ACB3C12B263CD6017F3F5E6C1B01DABA3421E29802A0BCF923044FDF9
08/26/2016 16:58:16: :	NLogLogger.GetCalleeString 
	urlFull: http://sandbox1.vtcebank.vn/payportalv2/checkout.html?website_id=453&amount=50000&receiver_account=0983666999&reference_number=20160826165814&currency=VND&signature=71F57DB823EEE7F65768D69A43439A5C0A123F7E55E3F9EE00782B1E1FACB3B2
08/26/2016 17:12:55: :	NLogLogger.GetCalleeString 
	urlFull: http://sandbox1.vtcebank.vn/payportalv2/checkout.html?website_id=453&amount=50000&receiver_account=0983666999&reference_number=20160826171253&currency=VND&signature=91A1C1CF9470D654DF8B15A971EBB542109975ACBD22A2F89C101C0AC6CFA998
08/26/2016 17:14:58: :	NLogLogger.GetCalleeString 
	urlFull: http://sandbox1.vtcebank.vn/payportalv2/checkout.html?website_id=453&amount=50000&receiver_account=0983666999&reference_number=20160826171456&currency=VND&signature=28ABD98B4E2A06B7F991981CC45A54CB735B4F6DDC507A66FFAD1B68944CA49C
08/26/2016 17:28:16: :	NLogLogger.GetCalleeString 
	urlFull: http://sandbox1.vtcebank.vn/payportalv2/checkout.html?website_id=453&amount=50000&receiver_account=0983666999&reference_number=20160826172812&currency=VND&signature=5122D92C76B693BDB0FBF45A8D191CC8AAFE33DAE68DAA24DEBFB97F00FCB3A8
08/26/2016 17:29:02: :	NLogLogger.GetCalleeString 
	urlFull: http://sandbox1.vtcebank.vn/payportalv2/checkout.html?website_id=453&amount=50000&receiver_account=0983666999&reference_number=20160826172853&currency=VND&signature=13872F0A015E30C224E2D247E6A15D6D5B00CA89BAC83B03290B420664653D57
08/26/2016 17:41:04: :	NLogLogger.GetCalleeString 
	urlFull: http://sandbox1.vtcebank.vn/payportalv2/checkout.html?website_id=453&amount=50000&receiver_account=0983666999&reference_number=20160826173929&currency=VND&signature=9F57D3E87487CEA8D5D9A489D6E93683FC4AA3010CAFAD16E3031F7758B57994
08/26/2016 17:55:17: :	NLogLogger.GetCalleeString 
	urlFull: http://sandbox1.vtcebank.vn/payportalv2/checkout.html?website_id=453&amount=50000&receiver_account=0983666999&reference_number=20160826175515&currency=VND&signature=3420C4EEEDD7FC82C39DFA8C7B57277996B3B1A0BD705B27B3EF80A7A0F37DA7
