12/20/2016 11:44:37: :	NLogLogger.GetCalleeString 
	Ket qua POST. Data: 50000||VTCPAY|20161220114117|1|20940|1284
sign: 579161CECB151E07FA60D2F36391A1C485205486EE5A0FEA24B589A8A909A7A0
Vefify: False
12/20/2016 11:48:03: :	NLogLogger.GetCalleeString 
	Ket qua POST. Data: 200000||VTCPAY|20161220114726|1|20944|1284
sign: 6977E57905F1571188E2706F8840D767DB34A264CB606831FFB37CAB7A2D1D04
Vefify: False
12/20/2016 11:50:17: :	NLogLogger.GetCalleeString 
	Ket qua POST. Data: 500000||VTCPAY|20161220114943|1|20948|1284
sign: CFC6D5F85832FB03E6A811C40FEFB184837367E92A058CA770E81BE8DD5E2543
Vefify: False
12/20/2016 14:08:13: :	NLogLogger.GetCalleeString 
	Ket qua POST. Data: 50000||VTCPAY|20161220140716|1|20961|1284
sign: 41F9D73F4572B6316E4320D04A9790182B2DB59D97B3D597B33F7F29F96925DC
Vefify: False
12/20/2016 14:42:11: :	NLogLogger.GetCalleeString 
	Ket qua POST. Data: 50000||VTCPAY|20161220143953|1|20986|1284
sign: 72CA12F16A295CA724809F21520EAF26FAF281426B71068CC78365AA214C7F6B
Vefify: False
12/20/2016 14:53:16: :	NLogLogger.GetCalleeString 
	Ket qua POST. Data: 500000||VTCPAY|20161220145246|1|20990|1284
sign: 086A5BC19B45BB833F1842DEF2328532DE744F6CD63FDECEDD789ECB6CC1F5A7
Vefify: False
12/20/2016 15:06:45: :	NLogLogger.GetCalleeString 
	Ket qua POST. Data: 100000|Giao d?ch thành công||20161220150415|1|1|1284
sign: 6C875A1DE55E80BFBB89993CA80AF16F2F00A9516D72BB5DFF159740541C47BF
Vefify: False
12/20/2016 15:08:50: :	NLogLogger.GetCalleeString 
	Ket qua POST. Data: 200000|Giao d?ch thành công||20161220150756|1|1|1284
sign: 51A65D4E6F982DC1D02F149D212650AA0EB0DAEEA3EAADA47CE038ACE3411FAB
Vefify: False
12/20/2016 15:28:08: :	NLogLogger.GetCalleeString 
	Textsign: 50000|VND|0932386391|20161220152753|453|aaaaaaaaaaaaaaaabbbbbbbbbCCCCC123,signature:07F843E09E7B2AE973F13B17868101A1690DEFF2038D65704C81B446BFD9C5E9
12/20/2016 15:28:08: :	NLogLogger.GetCalleeString 
	urlFull: http://sandbox1.vtcebank.vn/payportalv2/checkout.html?website_id=453&amount=50000&receiver_account=0932386391&reference_number=20161220152753&currency=VND&signature=07F843E09E7B2AE973F13B17868101A1690DEFF2038D65704C81B446BFD9C5E9
12/20/2016 15:28:30: :	NLogLogger.GetCalleeString 
	Textsign: 50000|VND|0983666999|20161220152825|453|aaaaaaaaaaaaaaaabbbbbbbbbCCCCC123,signature:1C27178C2E5934822EE86190D4E78AB382FB2E11FED12D64BED0995C99B19FE5
12/20/2016 15:28:30: :	NLogLogger.GetCalleeString 
	urlFull: http://sandbox1.vtcebank.vn/payportalv2/checkout.html?website_id=453&amount=50000&receiver_account=0983666999&reference_number=20161220152825&currency=VND&signature=1C27178C2E5934822EE86190D4E78AB382FB2E11FED12D64BED0995C99B19FE5
