11/07/2016 08:48:27: :	NLogLogger.GetCalleeString 
	Textsign: 50000|VND|0977459061|20161103113112|453|aaaaaaaaaaaaaaaabbbbbbbbbCCCCC123,signature:AAC07D376E2067D4B23AAB0297E354D1FFEF4166739CEBACC4F51740EEB51DF6
11/07/2016 08:48:27: :	NLogLogger.GetCalleeString 
	urlFull: http://sandbox.vtcpay.vn/pay2.0/portalgateway/checkout.html?website_id=453&amount=50000&receiver_account=0977459061&reference_number=20161103113112&currency=VND&signature=AAC07D376E2067D4B23AAB0297E354D1FFEF4166739CEBACC4F51740EEB51DF6
11/07/2016 08:51:59: :	NLogLogger.GetCalleeString 
	Textsign: 50000|VND|0977459061|20161103113112|453|aaaaaaaaaaaaaaaabbbbbbbbbCCCCC123,signature:AAC07D376E2067D4B23AAB0297E354D1FFEF4166739CEBACC4F51740EEB51DF6
11/07/2016 08:51:59: :	NLogLogger.GetCalleeString 
	urlFull: http://sandbox.vtcpay.vn/pay2.0/portalgateway/checkout.html?website_id=453&amount=50000&receiver_account=0977459061&reference_number=20161103113112&currency=VND&signature=AAC07D376E2067D4B23AAB0297E354D1FFEF4166739CEBACC4F51740EEB51DF6
11/07/2016 08:53:39: :	NLogLogger.GetCalleeString 
	Textsign: 50000|VND|0983666999|20161107085337|453|aaaaaaaaaaaaaaaabbbbbbbbbCCCCC123,signature:594B10C6F85FFE5EF8A1DDFF66D23B141542AF040281D42E16595F3EEE83AEFA
11/07/2016 08:53:39: :	NLogLogger.GetCalleeString 
	urlFull: http://sandbox1.vtcebank.vn/payportalv2/checkout.html?website_id=453&amount=50000&receiver_account=0983666999&reference_number=20161107085337&currency=VND&signature=594B10C6F85FFE5EF8A1DDFF66D23B141542AF040281D42E16595F3EEE83AEFA
11/07/2016 09:05:37: :	NLogLogger.GetCalleeString 
	Textsign: 500000|VND|0983666999|20161107090521|453|aaaaaaaaaaaaaaaabbbbbbbbbCCCCC123,signature:8E8F4A17D589305C018F7352E9CF1A82BC6CF3A55C3C1F9194D3291412E2399F
11/07/2016 09:05:37: :	NLogLogger.GetCalleeString 
	urlFull: http://sandbox.vtcpay.vn/pay2.0/portalgateway/checkout.html?website_id=453&amount=500000&receiver_account=0983666999&reference_number=20161107090521&currency=VND&signature=8E8F4A17D589305C018F7352E9CF1A82BC6CF3A55C3C1F9194D3291412E2399F
11/07/2016 09:06:17: :	NLogLogger.GetCalleeString 
	Textsign: 50000|VND|0977459061|20161103113839|453|aaaaaaaaaaaaaaaabbbbbbbbbCCCCC123,signature:4A6D27CC572A203D68A495641DC10612307CFF0019ACB68478BFE74DD3EC10AB
11/07/2016 09:06:17: :	NLogLogger.GetCalleeString 
	urlFull: http://sandbox.vtcpay.vn/pay2.0/portalgateway/checkout.html?website_id=453&amount=50000&receiver_account=0977459061&reference_number=20161103113839&currency=VND&signature=4A6D27CC572A203D68A495641DC10612307CFF0019ACB68478BFE74DD3EC10AB
11/07/2016 09:06:27: :	NLogLogger.GetCalleeString 
	Textsign: 500000|VND|0983666999|20161107090605|453|aaaaaaaaaaaaaaaabbbbbbbbbCCCCC123,signature:0817C74B51425B33F71C9CA9246C0B0BD83D77E876C20CAC8F4C6BBC35882955
11/07/2016 09:06:27: :	NLogLogger.GetCalleeString 
	urlFull: http://sandbox1.vtcebank.vn/payportalv2/checkout.html?website_id=453&amount=500000&receiver_account=0983666999&reference_number=20161107090605&currency=VND&signature=0817C74B51425B33F71C9CA9246C0B0BD83D77E876C20CAC8F4C6BBC35882955
11/07/2016 09:21:00: :	NLogLogger.GetCalleeString 
	Textsign: 50000|VND|0932386392|20161107090520|453|aaaaaaaaaaaaaaaabbbbbbbbbCCCCC123,signature:26C48EAF4069826A3D1244B94001689CCB26EB0BFB0FC182AA402844D54BAC07
11/07/2016 09:21:00: :	NLogLogger.GetCalleeString 
	urlFull: http://sandbox.vtcpay.vn/pay2.0/portalgateway/checkout.html?website_id=453&amount=50000&receiver_account=0932386392&reference_number=20161107090520&currency=VND&signature=26C48EAF4069826A3D1244B94001689CCB26EB0BFB0FC182AA402844D54BAC07
11/07/2016 09:27:09: :	NLogLogger.GetCalleeString 
	Textsign: 50000|VND|0983666999|20161107092706|453|aaaaaaaaaaaaaaaabbbbbbbbbCCCCC123,signature:D8B0FD1EC95EF409F62CDAC5BBA4DD092D0FEE0F7FA1A377BB334218175089DB
11/07/2016 09:27:09: :	NLogLogger.GetCalleeString 
	urlFull: http://sandbox1.vtcebank.vn/payportalv2/checkout.html?website_id=453&amount=50000&receiver_account=0983666999&reference_number=20161107092706&currency=VND&signature=D8B0FD1EC95EF409F62CDAC5BBA4DD092D0FEE0F7FA1A377BB334218175089DB
11/07/2016 09:27:21: :	NLogLogger.GetCalleeString 
	Textsign: 50000|VND|01635055068|20161107092644|453|aaaaaaaaaaaaaaaabbbbbbbbbCCCCC123,signature:6C3CDA6D781C0976E869C57B98ED3928B7766E95ADC253052C562058BF1972D3
11/07/2016 09:27:21: :	NLogLogger.GetCalleeString 
	urlFull: http://sandbox.vtcpay.vn/pay2.0/portalgateway/checkout.html?website_id=453&amount=50000&receiver_account=01635055068&reference_number=20161107092644&currency=VND&signature=6C3CDA6D781C0976E869C57B98ED3928B7766E95ADC253052C562058BF1972D3
11/07/2016 09:27:36: :	NLogLogger.GetCalleeString 
	Textsign: 50000|VND|0983666999|20161107092727|453|aaaaaaaaaaaaaaaabbbbbbbbbCCCCC123,signature:F82FF1C3A4A62BC264505BA69BDC357C9DA47E040144646201595A71287817D3
11/07/2016 09:27:36: :	NLogLogger.GetCalleeString 
	urlFull: http://sandbox.vtcpay.vn/pay2.0/portalgateway/checkout.html?website_id=453&amount=50000&receiver_account=0983666999&reference_number=20161107092727&currency=VND&signature=F82FF1C3A4A62BC264505BA69BDC357C9DA47E040144646201595A71287817D3
11/07/2016 09:39:45: :	NLogLogger.GetCalleeString 
	Ket qua POST. Data: 50000||VTCPAY|20161107092644|1|10535|453
sign: B8FB47724D540189A6F6A6FF8F33F5CC235DA01FF193794B4B231329C3106FD4
Vefify: False
11/07/2016 09:40:08: :	NLogLogger.GetCalleeString 
	Textsign: 500000|VND|01635055068|20161107093955|453|aaaaaaaaaaaaaaaabbbbbbbbbCCCCC123,signature:0A79561C81CEB43B6D1E52A0BD03B85E8285FAB0BDC6734ED85994DE53246DC6
11/07/2016 09:40:08: :	NLogLogger.GetCalleeString 
	urlFull: http://sandbox1.vtcebank.vn/payportalv2/checkout.html?website_id=453&amount=500000&receiver_account=01635055068&reference_number=20161107093955&currency=VND&signature=0A79561C81CEB43B6D1E52A0BD03B85E8285FAB0BDC6734ED85994DE53246DC6
11/07/2016 09:40:23: :	NLogLogger.GetCalleeString 
	Textsign: 500000|VND|01635055068|20161107094013|453|aaaaaaaaaaaaaaaabbbbbbbbbCCCCC123,signature:D371D42E6A20BF3D85AA2B8493AC1C62FBC82B45D0324A30E59F7F160D082A8C
11/07/2016 09:40:23: :	NLogLogger.GetCalleeString 
	urlFull: http://sandbox1.vtcebank.vn/payportalv2/checkout.html?website_id=453&amount=500000&receiver_account=01635055068&reference_number=20161107094013&currency=VND&signature=D371D42E6A20BF3D85AA2B8493AC1C62FBC82B45D0324A30E59F7F160D082A8C
11/07/2016 09:43:40: :	NLogLogger.GetCalleeString 
	Textsign: 500000|VND|01635055068|20161107094100|453|aaaaaaaaaaaaaaaabbbbbbbbbCCCCC123,signature:91258790A287E14E9C6941A58D3C115331A5ACF196586A26418F75D7992D598B
11/07/2016 09:43:40: :	NLogLogger.GetCalleeString 
	urlFull: http://sandbox1.vtcebank.vn/payportalv2/checkout.html?website_id=453&amount=500000&receiver_account=01635055068&reference_number=20161107094100&currency=VND&signature=91258790A287E14E9C6941A58D3C115331A5ACF196586A26418F75D7992D598B
11/07/2016 09:45:35: :	NLogLogger.GetCalleeString 
	Textsign: 500000|VND|01635055068|20161107094533|453|aaaaaaaaaaaaaaaabbbbbbbbbCCCCC123,signature:0D0C440EC7C22223AF24C5287864604CC6293D2098161B2414425F8B128364C1
11/07/2016 09:45:35: :	NLogLogger.GetCalleeString 
	urlFull: http://sandbox1.vtcebank.vn/payportalv2/checkout.html?website_id=453&amount=500000&receiver_account=01635055068&reference_number=20161107094533&currency=VND&signature=0D0C440EC7C22223AF24C5287864604CC6293D2098161B2414425F8B128364C1
11/07/2016 09:47:07: :	NLogLogger.GetCalleeString 
	Textsign: 500000|VND|0983666999|20161107094702|453|aaaaaaaaaaaaaaaabbbbbbbbbCCCCC123,signature:799BB5C3B37CF35068B56839862A82422A4A057D021E497470F0E2E218DCF174
11/07/2016 09:47:07: :	NLogLogger.GetCalleeString 
	urlFull: http://sandbox.vtcpay.vn/pay2.0/portalgateway/checkout.html?website_id=453&amount=500000&receiver_account=0983666999&reference_number=20161107094702&currency=VND&signature=799BB5C3B37CF35068B56839862A82422A4A057D021E497470F0E2E218DCF174
11/07/2016 09:47:16: :	NLogLogger.GetCalleeString 
	Textsign: 50000|VND|0983666999|20161107094713|453|aaaaaaaaaaaaaaaabbbbbbbbbCCCCC123,signature:1C4402D983603841B72359049F02C4F5D7D68352AD3C0D16B5CA0467CEB45F97
11/07/2016 09:47:16: :	NLogLogger.GetCalleeString 
	urlFull: http://sandbox1.vtcebank.vn/payportalv2/checkout.html?website_id=453&amount=50000&receiver_account=0983666999&reference_number=20161107094713&currency=VND&signature=1C4402D983603841B72359049F02C4F5D7D68352AD3C0D16B5CA0467CEB45F97
11/07/2016 09:52:30: :	NLogLogger.GetCalleeString 
	Ket qua POST. Data: 500000||VTCPAY|20161107094702|1|10538|453
sign: A7FA9DCCD9384957B6C5EE4A510616567E180EB1EA8A9753A4FE6B1DA2665B4C
Vefify: False
11/07/2016 09:54:24: :	NLogLogger.GetCalleeString 
	Textsign: 500000|VND|01635055068|20161107095310|453|aaaaaaaaaaaaaaaabbbbbbbbbCCCCC123,signature:A87A59FE3053FB69F7033AF4B37555A22BB2AB84A5DE26633FDEF46ADA6ECD8D
11/07/2016 09:54:24: :	NLogLogger.GetCalleeString 
	urlFull: http://sandbox.vtcpay.vn/pay2.0/portalgateway/checkout.html?website_id=453&amount=500000&receiver_account=01635055068&reference_number=20161107095310&currency=VND&signature=A87A59FE3053FB69F7033AF4B37555A22BB2AB84A5DE26633FDEF46ADA6ECD8D
11/07/2016 09:55:35: :	NLogLogger.GetCalleeString 
	Ket qua POST. Data: 500000||VTCPAY|20161107095310|1|10540|453
sign: 713AE10077D01D3231D204847A8F611F3FBAF52F1EF8A9625AF001040F5EDCCC
Vefify: False
11/07/2016 09:57:15: :	NLogLogger.GetCalleeString 
	Textsign: 50000|VND|0983666999|20161107083648|453|aaaaaaaaaaaaaaaabbbbbbbbbCCCCC123,signature:078F2713861EFC2D034964C288249860AC4DAD0C87BFDAA88D41B3569B90B01C
11/07/2016 09:57:15: :	NLogLogger.GetCalleeString 
	urlFull: http://sandbox1.vtcebank.vn/payportalv2/checkout.html?website_id=453&amount=50000&receiver_account=0983666999&reference_number=20161107083648&currency=VND&signature=078F2713861EFC2D034964C288249860AC4DAD0C87BFDAA88D41B3569B90B01C
11/07/2016 09:57:28: :	NLogLogger.GetCalleeString 
	Textsign: 50000|VND|0983666999|20161107095717|453|aaaaaaaaaaaaaaaabbbbbbbbbCCCCC123,signature:C6557EB2055FF6DA23A3DAC889FF5181E8E70BB238E08864333C11B97AA8E189
11/07/2016 09:57:28: :	NLogLogger.GetCalleeString 
	urlFull: http://sandbox.vtcpay.vn/pay2.0/portalgateway/checkout.html?website_id=453&amount=50000&receiver_account=0983666999&reference_number=20161107095717&currency=VND&signature=C6557EB2055FF6DA23A3DAC889FF5181E8E70BB238E08864333C11B97AA8E189
11/07/2016 09:59:49: :	NLogLogger.GetCalleeString 
	Textsign: 50000|VND|0983666999|20161107095947|453|aaaaaaaaaaaaaaaabbbbbbbbbCCCCC123,signature:01F8768D07A4DD43F25FCC311AC6FA1BDA8235EA0DCF5E3CA164D08AEDB2BF27
11/07/2016 09:59:49: :	NLogLogger.GetCalleeString 
	urlFull: http://sandbox1.vtcebank.vn/payportalv2/checkout.html?website_id=453&amount=50000&receiver_account=0983666999&reference_number=20161107095947&currency=VND&signature=01F8768D07A4DD43F25FCC311AC6FA1BDA8235EA0DCF5E3CA164D08AEDB2BF27
11/07/2016 09:59:57: :	NLogLogger.GetCalleeString 
	Textsign: 50000|VND|0983666999|20161107095956|453|aaaaaaaaaaaaaaaabbbbbbbbbCCCCC123,signature:CA1A6BB6F519C594FF8ED7E16A6927E80E3511E5C8A4B6370B9F175067A2D680
11/07/2016 09:59:57: :	NLogLogger.GetCalleeString 
	urlFull: http://sandbox1.vtcebank.vn/payportalv2/checkout.html?website_id=453&amount=50000&receiver_account=0983666999&reference_number=20161107095956&currency=VND&signature=CA1A6BB6F519C594FF8ED7E16A6927E80E3511E5C8A4B6370B9F175067A2D680
11/07/2016 10:02:59: :	NLogLogger.GetCalleeString 
	Textsign: 50000|VND|0983666999|20161107100257|453|aaaaaaaaaaaaaaaabbbbbbbbbCCCCC123,signature:F292EC596722DAA8DD60223E4A86DD7F2C7F3DF4C01EEAF3903C3A653232B2B3
11/07/2016 10:02:59: :	NLogLogger.GetCalleeString 
	urlFull: http://sandbox1.vtcebank.vn/payportalv2/checkout.html?website_id=453&amount=50000&receiver_account=0983666999&reference_number=20161107100257&currency=VND&signature=F292EC596722DAA8DD60223E4A86DD7F2C7F3DF4C01EEAF3903C3A653232B2B3
11/07/2016 10:05:33: :	NLogLogger.GetCalleeString 
	Textsign: 500000|VND|0932386392|20161107100508|453|aaaaaaaaaaaaaaaabbbbbbbbbCCCCC123,signature:221E706016D08145FDFC14CA2CD10EB59E4204800362BA04A6E0C0B8614FEC7D
11/07/2016 10:05:33: :	NLogLogger.GetCalleeString 
	urlFull: http://sandbox.vtcpay.vn/pay2.0/portalgateway/checkout.html?website_id=453&amount=500000&receiver_account=0932386392&reference_number=20161107100508&currency=VND&signature=221E706016D08145FDFC14CA2CD10EB59E4204800362BA04A6E0C0B8614FEC7D
11/07/2016 10:05:45: :	NLogLogger.GetCalleeString 
	Textsign: 500000|VND|0932386301|20161107100508|453|aaaaaaaaaaaaaaaabbbbbbbbbCCCCC123,signature:9B6BE9DAB63B5132946B8A3E7E2E2CF2B6E97509EBE9F95D01B2837F9175A6B0
11/07/2016 10:05:45: :	NLogLogger.GetCalleeString 
	urlFull: http://sandbox.vtcpay.vn/pay2.0/portalgateway/checkout.html?website_id=453&amount=500000&receiver_account=0932386301&reference_number=20161107100508&currency=VND&signature=9B6BE9DAB63B5132946B8A3E7E2E2CF2B6E97509EBE9F95D01B2837F9175A6B0
11/07/2016 10:07:37: :	NLogLogger.GetCalleeString 
	Ket qua POST. Data: 500000||VTCPAY|20161107100508|1|10543|453
sign: 3634D7E75BD0F58570B26F6160E837CD0DC55D7560EDE450CF91B1645FF27538
Vefify: False
11/07/2016 10:10:31: :	NLogLogger.GetCalleeString 
	Textsign: 50000|VND|01635055068|20161107101021|453|aaaaaaaaaaaaaaaabbbbbbbbbCCCCC123,signature:73F66C6F1A7DED83B3E0899F87A3C3C357B97D575F81D3B982D45E3537AF9ACB
11/07/2016 10:10:31: :	NLogLogger.GetCalleeString 
	urlFull: http://sandbox.vtcpay.vn/pay2.0/portalgateway/checkout.html?website_id=453&amount=50000&receiver_account=01635055068&reference_number=20161107101021&currency=VND&signature=73F66C6F1A7DED83B3E0899F87A3C3C357B97D575F81D3B982D45E3537AF9ACB
11/07/2016 10:27:29: :	NLogLogger.GetCalleeString 
	Textsign: 50000|VND|0983666999|20161107102726|627|aaaaaaaaaaaaaaaabbbbbbbbbCCCCC123,signature:82EF7B7BA1CE823E008124CD4CB7A260CD89955AA0FACB4D7E2617B76BA6D1F6
11/07/2016 10:27:29: :	NLogLogger.GetCalleeString 
	urlFull: https://pay.vtc.vn/bank-gateway/checkout.html?website_id=627&amount=50000&receiver_account=0983666999&reference_number=20161107102726&currency=VND&signature=82EF7B7BA1CE823E008124CD4CB7A260CD89955AA0FACB4D7E2617B76BA6D1F6
11/07/2016 10:35:26: :	NLogLogger.GetCalleeString 
	Textsign: 50000|VND|0983666999|20161107103522|453|aaaaaaaaaaaaaaaabbbbbbbbbCCCCC123,signature:B73226E78A6FF673C7A6DCF0CBE0C218E13B7DA3B681CC1A99DEB741DD3E5CAA
11/07/2016 10:35:26: :	NLogLogger.GetCalleeString 
	urlFull: http://sandbox.vtcpay.vn/pay2.0/portalgateway/checkout.html?website_id=453&amount=50000&receiver_account=0983666999&reference_number=20161107103522&currency=VND&signature=B73226E78A6FF673C7A6DCF0CBE0C218E13B7DA3B681CC1A99DEB741DD3E5CAA
11/07/2016 10:50:15: :	NLogLogger.GetCalleeString 
	Textsign: 50000|VND|0983666999|20161107105014|453|aaaaaaaaaaaaaaaabbbbbbbbbCCCCC123,signature:C26707EE480DB70553B07A9ABFDA78E3719FBD8C852DA53D1131771CAD0686F9
11/07/2016 10:50:15: :	NLogLogger.GetCalleeString 
	urlFull: http://sandbox1.vtcebank.vn/payportalv2/checkout.html?website_id=453&amount=50000&receiver_account=0983666999&reference_number=20161107105014&currency=VND&signature=C26707EE480DB70553B07A9ABFDA78E3719FBD8C852DA53D1131771CAD0686F9
11/07/2016 10:50:27: :	NLogLogger.GetCalleeString 
	Textsign: 50000|VND|0983666999|20161107105024|627|aaaaaaaaaaaaaaaabbbbbbbbbCCCCC123,signature:E22BB5E002D1C215053003F583858C9254D625D033770DF8D0754603E69B4C8B
11/07/2016 10:50:27: :	NLogLogger.GetCalleeString 
	urlFull: https://pay.vtc.vn/bank-gateway/checkout.html?website_id=627&amount=50000&receiver_account=0983666999&reference_number=20161107105024&currency=VND&signature=E22BB5E002D1C215053003F583858C9254D625D033770DF8D0754603E69B4C8B
11/07/2016 11:36:56: :	NLogLogger.GetCalleeString 
	Ket qua POST. Data: 50000|Giao d?ch thành công||20161107101021|1|1|453
sign: 9C9C7742D33A937023E43CCC0BDE33BD414E6276538298AED39195270DB8C0AD
Vefify: False
11/07/2016 13:58:04: :	NLogLogger.GetCalleeString 
	Textsign: 50000|VND|0983666999|20161107135759|627|aaaaaaaaaaaaaaaabbbbbbbbbCCCCC123,signature:B51E923386CB5B3D91590BC818EC646738E9B722A347D016B9F520F0646C65EA
11/07/2016 13:58:04: :	NLogLogger.GetCalleeString 
	urlFull: https://pay.vtc.vn/bank-gateway/checkout.html?website_id=627&amount=50000&receiver_account=0983666999&reference_number=20161107135759&currency=VND&signature=B51E923386CB5B3D91590BC818EC646738E9B722A347D016B9F520F0646C65EA
11/07/2016 14:15:54: :	NLogLogger.GetCalleeString 
	Textsign: 50000|VND|0983666999|20161107141547|453|aaaaaaaaaaaaaaaabbbbbbbbbCCCCC123,signature:E388F647A6AB7A738A0B6A4C54656B377A0032E0C5FFCD4843C38B1CE9CA158E
11/07/2016 14:15:54: :	NLogLogger.GetCalleeString 
	urlFull: http://sandbox.vtcpay.vn/pay2.0/portalgateway/checkout.html?website_id=453&amount=50000&receiver_account=0983666999&reference_number=20161107141547&currency=VND&signature=E388F647A6AB7A738A0B6A4C54656B377A0032E0C5FFCD4843C38B1CE9CA158E
11/07/2016 14:37:12: :	NLogLogger.GetCalleeString 
	Textsign: 50000|VND|0983666999|20161107143706|627|aaaaaaaaaaaaaaaabbbbbbbbbCCCCC123,signature:F1C7D6D32BB8F54DBD1DDA29483BEE579B1D4DF6AB6112C0487F07E2C74CA634
11/07/2016 14:37:12: :	NLogLogger.GetCalleeString 
	urlFull: https://pay.vtc.vn/bank-gateway/checkout.html?website_id=627&amount=50000&receiver_account=0983666999&reference_number=20161107143706&currency=VND&signature=F1C7D6D32BB8F54DBD1DDA29483BEE579B1D4DF6AB6112C0487F07E2C74CA634
11/07/2016 14:37:42: :	NLogLogger.GetCalleeString 
	Textsign: 50000|VND|0983666999|20161107143738|627|aaaaaaaaaaaaaaaabbbbbbbbbCCCCC123,signature:B999808A9E2981E2AD34B14DCC0C5B42DA6B1DBB7EFDBE9FD89041A8F8D24132
11/07/2016 14:37:42: :	NLogLogger.GetCalleeString 
	urlFull: https://pay.vtc.vn/bank-gateway/checkout.html?website_id=627&amount=50000&receiver_account=0983666999&reference_number=20161107143738&currency=VND&signature=B999808A9E2981E2AD34B14DCC0C5B42DA6B1DBB7EFDBE9FD89041A8F8D24132
11/07/2016 15:53:17: :	NLogLogger.GetCalleeString 
	Textsign: 50000|VND|0983666999|20161107155311|627|aaaaaaaaaaaaaaaabbbbbbbbbCCCCC123,signature:86BC9356E2EC5B13FC139C9A43EE449A1E968D18A1BA201AE474D598C09BAB24
11/07/2016 15:53:17: :	NLogLogger.GetCalleeString 
	urlFull: https://pay.vtc.vn/bank-gateway/checkout.html?website_id=627&amount=50000&receiver_account=0983666999&reference_number=20161107155311&currency=VND&signature=86BC9356E2EC5B13FC139C9A43EE449A1E968D18A1BA201AE474D598C09BAB24
11/07/2016 16:45:00: :	NLogLogger.GetCalleeString 
	Textsign: 50000000|VND|0983666999|20161107164444|627|aaaaaaaaaaaaaaaabbbbbbbbbCCCCC123,signature:842046479F11368D3EBD00FEEC1C5C1F778F4DEFB3031FB20257A3489ABE3024
11/07/2016 16:45:00: :	NLogLogger.GetCalleeString 
	urlFull: https://pay.vtc.vn/bank-gateway/checkout.html?website_id=627&amount=50000000&receiver_account=0983666999&reference_number=20161107164444&currency=VND&signature=842046479F11368D3EBD00FEEC1C5C1F778F4DEFB3031FB20257A3489ABE3024
11/07/2016 17:14:15: :	NLogLogger.GetCalleeString 
	Textsign: 50000|VND|0932386301|20161107171317|453|aaaaaaaaaaaaaaaabbbbbbbbbCCCCC123,signature:8B15EC0A22339F084DDDBEAB9280FE90C8CDC5FB515908942255E325819239E3
11/07/2016 17:14:15: :	NLogLogger.GetCalleeString 
	urlFull: http://sandbox.vtcpay.vn/pay2.0/portalgateway/checkout.html?website_id=453&amount=50000&receiver_account=0932386301&reference_number=20161107171317&currency=VND&signature=8B15EC0A22339F084DDDBEAB9280FE90C8CDC5FB515908942255E325819239E3
11/07/2016 17:15:15: :	NLogLogger.GetCalleeString 
	Ket qua POST. Data: 50000||VTCPAY|20161107171317|1|10566|453
sign: 0999B4E4D366A1E080B9032B531A1219E838605127E66DECD6D1E4F08B21E967
Vefify: False
11/07/2016 17:29:40: :	NLogLogger.GetCalleeString 
	Textsign: 50000|VND|0932386303|20161107172901|453|aaaaaaaaaaaaaaaabbbbbbbbbCCCCC123,signature:4C29C079896F5F0C72CC1833A1085E2C765683B2E04B8937CA4CBDDFDFBB77B1
11/07/2016 17:29:40: :	NLogLogger.GetCalleeString 
	urlFull: http://sandbox1.vtcebank.vn/payportalv2/checkout.html?website_id=453&amount=50000&receiver_account=0932386303&reference_number=20161107172901&currency=VND&signature=4C29C079896F5F0C72CC1833A1085E2C765683B2E04B8937CA4CBDDFDFBB77B1
11/07/2016 17:30:06: :	NLogLogger.GetCalleeString 
	Textsign: 50000|VND|0932386303|20161107172952|453|aaaaaaaaaaaaaaaabbbbbbbbbCCCCC123,signature:5BCA7011B75BD608736D37F43CDFC6B03965C00E53B5D51599CB6540A6608108
11/07/2016 17:30:06: :	NLogLogger.GetCalleeString 
	urlFull: http://sandbox.vtcpay.vn/pay2.0/portalgateway/checkout.html?website_id=453&amount=50000&receiver_account=0932386303&reference_number=20161107172952&currency=VND&signature=5BCA7011B75BD608736D37F43CDFC6B03965C00E53B5D51599CB6540A6608108
11/07/2016 17:30:28: :	NLogLogger.GetCalleeString 
	Ket qua POST. Data: 50000||VTCPAY|20161107172952|1|10570|453
sign: 7E006CFCAEABB3A5C9BCC0D1ADDA673C24AA43CC1D585DE36DB36BAD43356532
Vefify: False
11/07/2016 22:56:09: :	NLogLogger.GetCalleeString 
	Textsign: 50000|VND|0983666999|20161107225605|627|aaaaaaaaaaaaaaaabbbbbbbbbCCCCC123,signature:133E1DD6C6B4BA854BEB816A06F81CAC5D57575304C3C88FE80495BD179F4231
11/07/2016 22:56:09: :	NLogLogger.GetCalleeString 
	urlFull: https://pay.vtc.vn/bank-gateway/checkout.html?website_id=627&amount=50000&receiver_account=0983666999&reference_number=20161107225605&currency=VND&signature=133E1DD6C6B4BA854BEB816A06F81CAC5D57575304C3C88FE80495BD179F4231
11/07/2016 22:56:16: :	NLogLogger.GetCalleeString 
	Textsign: 50000|VND|0983666999|20161107225605|453|aaaaaaaaaaaaaaaabbbbbbbbbCCCCC123,signature:145C64BA819200ABC2495759FCFF838EFE1E9CA1920BEC457640D4221B48666B
11/07/2016 22:56:16: :	NLogLogger.GetCalleeString 
	urlFull: http://sandbox1.vtcebank.vn/payportalv2/checkout.html?website_id=453&amount=50000&receiver_account=0983666999&reference_number=20161107225605&currency=VND&signature=145C64BA819200ABC2495759FCFF838EFE1E9CA1920BEC457640D4221B48666B
