11/16/2016 11:49:15: :	NLogLogger.GetCalleeString 
	Ket qua POST. Data: 20161116113757|404|30000|453
sign: FA15FD8E77DD71AF969375AB3B3627AA6A2428266643920DAA4980C65D2FEAAD
Vefify: True
11/16/2016 14:49:45: :	NLogLogger.GetCalleeString 
	Textsign: 50000|VND|0983666999|20161116144943|453|aaaaaaaaaaaaaaaabbbbbbbbbCCCCC123,signature:DD8FC222A6DA93A3E08695362E0349380B5CF64856F0AC2B0EB6838FC7A8DF72
11/16/2016 14:49:45: :	NLogLogger.GetCalleeString 
	urlFull: http://sandbox1.vtcebank.vn/payportalv2/checkout.html?website_id=453&amount=50000&receiver_account=0983666999&reference_number=20161116144943&currency=VND&signature=DD8FC222A6DA93A3E08695362E0349380B5CF64856F0AC2B0EB6838FC7A8DF72
11/16/2016 14:55:15: :	NLogLogger.GetCalleeString 
	Textsign: 50000|VND|0986699480|20161116145451|453|aaaaaaaaaaaaaaaabbbbbbbbbCCCCC123,signature:5FB1B668A4870F271994F1C9C05E3253688A0216A13E3E2162412DE0D6A725FA
11/16/2016 14:55:15: :	NLogLogger.GetCalleeString 
	urlFull: http://sandbox1.vtcebank.vn/payportalv2/checkout.html?website_id=453&amount=50000&receiver_account=0986699480&reference_number=20161116145451&currency=VND&signature=5FB1B668A4870F271994F1C9C05E3253688A0216A13E3E2162412DE0D6A725FA
11/16/2016 15:09:37: :	NLogLogger.GetCalleeString 
	Ket qua POST. Data: 20161116150749|404|30000|453
sign: C803096B5C2192F8B4C69B454AA3BC0095588C9A41C059DCA83D65C5FFC1C7E6
Vefify: True
11/16/2016 15:10:22: :	NLogLogger.GetCalleeString 
	Ket qua POST. Data: 20161116151018|404|30000|453
sign: 2C8A0CCDBD86B9044179985C7A1CFB126BFBC24E1BC6D5470A1FE818826FF2F9
Vefify: True
11/16/2016 15:15:06: :	NLogLogger.GetCalleeString 
	Ket qua POST. Data: 20161116151303|404|30000|453
sign: E7C662E81F5B41333B32B4C8A0C53DE17C7361CF51220B1AC91800E54F2524EF
Vefify: True
11/16/2016 16:12:50: :	NLogLogger.GetCalleeString 
	Textsign: 50000|VND|0983666999|20161116161247|453|aaaaaaaaaaaaaaaabbbbbbbbbCCCCC123,signature:5BC92D71787D78F2828BE6CBD4EAF01A692F5392B4AB5D25BB7C618927983848
11/16/2016 16:12:50: :	NLogLogger.GetCalleeString 
	urlFull: http://sandbox1.vtcebank.vn/payportalv2/checkout.html?website_id=453&amount=50000&receiver_account=0983666999&reference_number=20161116161247&currency=VND&signature=5BC92D71787D78F2828BE6CBD4EAF01A692F5392B4AB5D25BB7C618927983848
11/16/2016 16:45:13: :	NLogLogger.GetCalleeString 
	Ket qua POST. Data: 500000||VTCPAY|20161116164423|1|10881|1284
sign: 4C7A87658EB9EA75207367D525CFDDE07BE1E286C39E63660D6A232B5C723921
Vefify: False
11/16/2016 16:46:24: :	NLogLogger.GetCalleeString 
	Ket qua POST. Data: 100000|Giao d?ch thành công||20161116164526|1|1|1284
sign: 06B74CA28B55498E4F996215DC02B30EE9EC090F7F6CA41DAC88440E34A6F54B
Vefify: False
11/16/2016 16:47:10: :	NLogLogger.GetCalleeString 
	Ket qua POST. Data: 50000|Giao d?ch thành công||20161116164636|1|1|1284
sign: 5C1F6028C58584C8F4E6666BE85E4D0F4CE8521AD9D8872363BE2724EA56C834
Vefify: False
11/16/2016 16:47:11: :	NLogLogger.GetCalleeString 
	Ket qua POST. Data: 50000|||20161116164636|-21|11482|1284
sign: 9D131430328554DD6BC527BFDDF2803F6A3064D6E85D2318D09A4DFE2AA15445
Vefify: False
11/16/2016 17:09:12: :	NLogLogger.GetCalleeString 
	Textsign: 50000|VND|0983666999|20161116170909|453|aaaaaaaaaaaaaaaabbbbbbbbbCCCCC123,signature:20BE8CE93E16A5D4E510F6226C01D90E2B62315F77469D878225EFB412ABF4AE
11/16/2016 17:09:12: :	NLogLogger.GetCalleeString 
	urlFull: http://sandbox1.vtcebank.vn/payportalv2/checkout.html?website_id=453&amount=50000&receiver_account=0983666999&reference_number=20161116170909&currency=VND&signature=20BE8CE93E16A5D4E510F6226C01D90E2B62315F77469D878225EFB412ABF4AE
11/16/2016 17:09:18: :	NLogLogger.GetCalleeString 
	Ket qua POST. Data: 20161116170909|-1|50000|453
sign: B4847B090AC9DDAD8D97BF606B67D2A6283CBB09ED663E11204B47688205F378
Vefify: True
11/16/2016 17:28:38: :	NLogLogger.GetCalleeString 
	Textsign: 50000|VND|0983666999|20161116172836|453|aaaaaaaaaaaaaaaabbbbbbbbbCCCCC123,signature:2A059F61F43972E6B597FBC84B01F8DF3C78CC5769DBCD6FC1BBDD921E706F08
11/16/2016 17:28:38: :	NLogLogger.GetCalleeString 
	urlFull: http://sandbox1.vtcebank.vn/payportalv2/checkout.html?website_id=453&amount=50000&receiver_account=0983666999&reference_number=20161116172836&currency=VND&signature=2A059F61F43972E6B597FBC84B01F8DF3C78CC5769DBCD6FC1BBDD921E706F08
11/16/2016 17:29:25: :	NLogLogger.GetCalleeString 
	Ket qua POST. Data: 20161116172836|1|50000|453
sign: 352717323250BBB5A47E09F2AC426A46D8703C110C8FEB32857E3165C68B4F3F
Vefify: True
11/16/2016 17:37:31: :	NLogLogger.GetCalleeString 
	Textsign: 50000|VND|0983666999|20161116173730|453|aaaaaaaaaaaaaaaabbbbbbbbbCCCCC123,signature:E2CFE5451E7A024030EECA8860C82AF0F9ED861D98834EB34B1C49E776BAF7DD
11/16/2016 17:37:31: :	NLogLogger.GetCalleeString 
	urlFull: http://sandbox1.vtcebank.vn/payportalv2/checkout.html?website_id=453&amount=50000&receiver_account=0983666999&reference_number=20161116173730&currency=VND&signature=E2CFE5451E7A024030EECA8860C82AF0F9ED861D98834EB34B1C49E776BAF7DD
11/16/2016 17:40:32: :	NLogLogger.GetCalleeString 
	Ket qua POST. Data: 20161116173730|-1|50000|453
sign: 04EF55D323459793E1A0C2A64EBB57B4AFF63AA42BB5CFAF37B975498BD93C11
Vefify: True
11/16/2016 17:43:01: :	NLogLogger.GetCalleeString 
	Textsign: 50000|VND|0983666999|20161116174259|453|aaaaaaaaaaaaaaaabbbbbbbbbCCCCC123,signature:1B2404E0261EDFFAA197B32843F219B29BEBFCABEC2DE6ABF1A4336C51640BCC
11/16/2016 17:43:01: :	NLogLogger.GetCalleeString 
	urlFull: http://sandbox1.vtcebank.vn/payportalv2/checkout.html?website_id=453&amount=50000&receiver_account=0983666999&reference_number=20161116174259&currency=VND&signature=1B2404E0261EDFFAA197B32843F219B29BEBFCABEC2DE6ABF1A4336C51640BCC
11/16/2016 17:43:41: :	NLogLogger.GetCalleeString 
	Ket qua POST. Data: 20161116174259|1|50000|453
sign: 88660818C9D83FFE3EF7E75F1D6521706413E0F809106665D4DA216E4C0C535C
Vefify: True
11/16/2016 17:49:28: :	NLogLogger.GetCalleeString 
	Ket qua POST. Data: 20161116174259|1|50000|453
sign: 88660818C9D83FFE3EF7E75F1D6521706413E0F809106665D4DA216E4C0C535C
Vefify: True
11/16/2016 17:59:15: :	NLogLogger.GetCalleeString 
	Textsign: 50000|VND|0983666999|20161116175912|453|aaaaaaaaaaaaaaaabbbbbbbbbCCCCC123,signature:B58681AC4458326A78EB7BB9DDECB43E7CAF8EBC5D8C1D260DE04D3B13930161
11/16/2016 17:59:15: :	NLogLogger.GetCalleeString 
	urlFull: http://sandbox1.vtcebank.vn/payportalv2/checkout.html?website_id=453&amount=50000&receiver_account=0983666999&reference_number=20161116175912&currency=VND&signature=B58681AC4458326A78EB7BB9DDECB43E7CAF8EBC5D8C1D260DE04D3B13930161
11/16/2016 18:01:58: :	NLogLogger.GetCalleeString 
	Ket qua POST. Data: 20161116175912|-1|50000|453
sign: EFDFFF77A5C2FA77A560C5A72B4DC352EE61578D5A642260EDBFCEFDAA5FA06C
Vefify: True
11/16/2016 18:06:17: :	NLogLogger.GetCalleeString 
	Textsign: 50000|VND|0983666999|20161116180616|453|aaaaaaaaaaaaaaaabbbbbbbbbCCCCC123,signature:9DD2575CDDB6873B80F6E47DF600DF86A7F52F4CDCE52A2FF2B152684B6EA62D
11/16/2016 18:06:17: :	NLogLogger.GetCalleeString 
	urlFull: http://sandbox1.vtcebank.vn/payportalv2/checkout.html?website_id=453&amount=50000&receiver_account=0983666999&reference_number=20161116180616&currency=VND&signature=9DD2575CDDB6873B80F6E47DF600DF86A7F52F4CDCE52A2FF2B152684B6EA62D
11/16/2016 18:06:47: :	NLogLogger.GetCalleeString 
	Ket qua POST. Data: 20161116180616|1|50000|453
sign: EE96340450E031F7AD765E202CF10E9DB76A43C06EE517CD6AB16D445EB4CD7B
Vefify: True
