11/17/2016 09:15:49: :	NLogLogger.GetCalleeString 
	Textsign: 50000|VND|0983666999|20161117091547|453|aaaaaaaaaaaaaaaabbbbbbbbbCCCCC123,signature:5BE0AC0BFC908DA4829C9DABCC5812872EB73B296D8ED213AEAA5ED81AC1865D
11/17/2016 09:15:49: :	NLogLogger.GetCalleeString 
	urlFull: http://sandbox1.vtcebank.vn/payportalv2/checkout.html?website_id=453&amount=50000&receiver_account=0983666999&reference_number=20161117091547&currency=VND&signature=5BE0AC0BFC908DA4829C9DABCC5812872EB73B296D8ED213AEAA5ED81AC1865D
11/17/2016 09:16:03: :	NLogLogger.GetCalleeString 
	Ket qua POST. Data: 20161117091547|-1|50000|453
sign: 615E2B2A2239EC3641572386877A7EF54DD305A45A34B9AABF2A460B8096C6CE
Vefify: True
11/17/2016 09:16:20: :	NLogLogger.GetCalleeString 
	Textsign: 50000|VND|0983666999|20161117091616|627|aaaaaaaaaaaaaaaabbbbbbbbbCCCCC123,signature:01F168DB28C59883A078396D066AF11DED7E63C8E6B24C1159C551EF23B84145
11/17/2016 09:16:20: :	NLogLogger.GetCalleeString 
	urlFull: https://pay.vtc.vn/bank-gateway/checkout.html?website_id=627&amount=50000&receiver_account=0983666999&reference_number=20161117091616&currency=VND&signature=01F168DB28C59883A078396D066AF11DED7E63C8E6B24C1159C551EF23B84145
11/17/2016 09:16:46: :	NLogLogger.GetCalleeString 
	Ket qua POST. Data: 20161117085858|404|30000|453
sign: C18EB07E587E988E13BFB3C8E7E9F80D0500C3F1A4381B8BAB56355E8BE843E6
Vefify: True
11/17/2016 09:36:32: :	NLogLogger.GetCalleeString 
	Textsign: 50000|VND|0983666999|20161117093630|453|aaaaaaaaaaaaaaaabbbbbbbbbCCCCC123,signature:D809996D0DFB3D8C474B8A64355AD3FF2451F9FF27D2398FF96CF9F4023A6C5F
11/17/2016 09:36:32: :	NLogLogger.GetCalleeString 
	urlFull: http://sandbox1.vtcebank.vn/payportalv2/checkout.html?website_id=453&amount=50000&receiver_account=0983666999&reference_number=20161117093630&currency=VND&signature=D809996D0DFB3D8C474B8A64355AD3FF2451F9FF27D2398FF96CF9F4023A6C5F
11/17/2016 09:42:55: :	NLogLogger.GetCalleeString 
	Ket qua POST. Data: 444|404|30000|453
sign: 92676C97C16CD902D9F0CE97BD02B4301F18E8705D9D71E06033FAE428D7BBC3
Vefify: True
11/17/2016 09:44:15: :	NLogLogger.GetCalleeString 
	Ket qua POST. Data: 444|404|30000|453
sign: 92676C97C16CD902D9F0CE97BD02B4301F18E8705D9D71E06033FAE428D7BBC3
Vefify: True
11/17/2016 09:44:30: :	NLogLogger.GetCalleeString 
	Ket qua POST. Data: 444|404|30000|453
sign: 92676C97C16CD902D9F0CE97BD02B4301F18E8705D9D71E06033FAE428D7BBC3
Vefify: True
11/17/2016 09:52:54: :	NLogLogger.GetCalleeString 
	Ket qua POST. Data: 20161117095249|404|30000|453
sign: 4F3FCEE807D1B5969DA69362EA7291F6F782EB464D0AEFE1679B1D5D06B5FBF4
Vefify: True
11/17/2016 13:23:23: :	NLogLogger.GetCalleeString 
	Ket qua POST. Data: 20161117132222|404|30000|453
sign: D564BF4FC3557D709293D84EF48EAF1FE4E20BC07CC76F3CC3E381AC306E98C5
Vefify: True
11/17/2016 15:10:27: :	NLogLogger.GetCalleeString 
	Ket qua POST. Data: 20161117151002|404|30000|453
sign: A8189D4F695E766B97EE620552127B0F629CF11F8B7F2A41FA7116227BB088C8
Vefify: True
11/17/2016 16:03:40: :	NLogLogger.GetCalleeString 
	Textsign: 50000|VND|0986699480|20161117160325|453|aaaaaaaaaaaaaaaabbbbbbbbbCCCCC123,signature:74208B3E63B81E9696536D6A1CF5B70F3386A1EC7B5530AA17BF1E7529BE15AD
11/17/2016 16:03:40: :	NLogLogger.GetCalleeString 
	urlFull: http://sandbox1.vtcebank.vn/payportalv2/checkout.html?website_id=453&amount=50000&receiver_account=0986699480&reference_number=20161117160325&currency=VND&signature=74208B3E63B81E9696536D6A1CF5B70F3386A1EC7B5530AA17BF1E7529BE15AD
11/17/2016 16:05:45: :	NLogLogger.GetCalleeString 
	Ket qua POST. Data: 20161117160325|1|50000|453
sign: C0F3CD3021FF9396A12DFE7469221663A3329F1B3A85C0D3DB1C9963C851BDB4
Vefify: True
