01/10/2017 08:25:43: :	NLogLogger.GetCalleeString 
	Textsign: 50000|VND|0983666999|20170110082535|453|aaaaaaaaaaaaaaaabbbbbbbbbCCCCC123,signature:107EA65E7FDF9266EDDD19D86EAB49AF7C5FCC35F8A33CF124F7592205F4CEDE
01/10/2017 08:25:43: :	NLogLogger.GetCalleeString 
	urlFull: http://sandbox.vtcpay.vn/pay2.0/portalgateway/checkout.html?website_id=453&amount=50000&receiver_account=0983666999&reference_number=20170110082535&currency=VND&signature=107EA65E7FDF9266EDDD19D86EAB49AF7C5FCC35F8A33CF124F7592205F4CEDE
01/10/2017 08:43:58: :	NLogLogger.GetCalleeString 
	Ket qua POST. Data: 50000||VTCPAY|20170110082535|1|21566|453
sign: A87C54916D0B646126A4CE7D8BB4248E62C6CF23DC276B7E7A40DBF23CC22BDE
Vefify: True
01/10/2017 08:44:29: :	NLogLogger.GetCalleeString 
	Textsign: 50000|VND|0983666999|20170110084425|453|aaaaaaaaaaaaaaaabbbbbbbbbCCCCC123,signature:9372B53725D2D64B087C8AD19DCC839A976EC484AC1E9972EE7126DAFC04393F
01/10/2017 08:44:29: :	NLogLogger.GetCalleeString 
	urlFull: http://sandbox.vtcpay.vn/pay2.0/portalgateway/checkout.html?website_id=453&amount=50000&receiver_account=0983666999&reference_number=20170110084425&currency=VND&signature=9372B53725D2D64B087C8AD19DCC839A976EC484AC1E9972EE7126DAFC04393F
01/10/2017 08:45:13: :	NLogLogger.GetCalleeString 
	Ket qua POST. Data: 50000||VTCPAY|20170110084425|1|21570|453
sign: 30B1D70DC05B88074A0E0753AD4EF711544DA17E673E0B30AA9D6693CB0E1463
Vefify: True
01/10/2017 09:09:51: :	NLogLogger.GetCalleeString 
	Textsign: 50000|VND|0983666999|20170110090946|453|aaaaaaaaaaaaaaaabbbbbbbbbCCCCC123,signature:967DE2A51105477A331C3DED9369F3E69D3F26016DC7F4CBD08C3BBAE07B7E34
01/10/2017 09:09:51: :	NLogLogger.GetCalleeString 
	urlFull: http://sandbox.vtcpay.vn/pay2.0/portalgateway/checkout.html?website_id=453&amount=50000&receiver_account=0983666999&reference_number=20170110090946&currency=VND&signature=967DE2A51105477A331C3DED9369F3E69D3F26016DC7F4CBD08C3BBAE07B7E34
01/10/2017 09:10:39: :	NLogLogger.GetCalleeString 
	Ket qua POST. Data: 50000|Giao d?ch thành công||20170110090946|1|1|453
sign: 4FE03437464AE979605778409EF50B8BEB531B01F9010026E27CCB5FBEA0F833
Vefify: True
01/10/2017 09:22:31: :	NLogLogger.GetCalleeString 
	Textsign: 50000|VND|0983666999|20170110092224|627|aaaaaaaaaaaaaaaabbbbbbbbbCCCCC123,signature:06BE1B2BECAE5CF4D3D607EE009AC922BF750682D182828BA34FE18DEE32DC97
01/10/2017 09:22:31: :	NLogLogger.GetCalleeString 
	urlFull: https://pay.vtc.vn/bank-gateway/checkout.html?website_id=627&amount=50000&receiver_account=0983666999&reference_number=20170110092224&currency=VND&signature=06BE1B2BECAE5CF4D3D607EE009AC922BF750682D182828BA34FE18DEE32DC97
01/10/2017 11:30:59: :	NLogLogger.GetCalleeString 
	Textsign: 50000|VND|0983666999|20170110113052|453|aaaaaaaaaaaaaaaabbbbbbbbbCCCCC123,signature:2D5C97BDF91D1B7393A45347649C94A63F9A363148F46B69537410E8474BD544
01/10/2017 11:30:59: :	NLogLogger.GetCalleeString 
	urlFull: http://sandbox1.vtcebank.vn/payportalv2/checkout.html?website_id=453&amount=50000&receiver_account=0983666999&reference_number=20170110113052&currency=VND&signature=2D5C97BDF91D1B7393A45347649C94A63F9A363148F46B69537410E8474BD544
01/10/2017 13:07:01: :	NLogLogger.GetCalleeString 
	Textsign: 50000|VND|0983666999|20170110130656|453|aaaaaaaaaaaaaaaabbbbbbbbbCCCCC123,signature:11871E60B259FE0549840A9D0DDA9116EBB4B17CAC67ACFBB7612B6CBDFD4AE2
01/10/2017 13:07:02: :	NLogLogger.GetCalleeString 
	urlFull: http://sandbox.vtcpay.vn/pay2.0/portalgateway/checkout.html?website_id=453&amount=50000&receiver_account=0983666999&reference_number=20170110130656&currency=VND&signature=11871E60B259FE0549840A9D0DDA9116EBB4B17CAC67ACFBB7612B6CBDFD4AE2
01/10/2017 13:07:47: :	NLogLogger.GetCalleeString 
	Ket qua POST. Data: 50000|Giao d?ch thành công||20170110130656|1|1|453
sign: 9B10D8382FDF2751B04C6EA9F53F1C6A51A6020250425DE230F82171F6FC142A
Vefify: True
01/10/2017 13:14:49: :	NLogLogger.GetCalleeString 
	Textsign: 50000|VND|0983666999|20170110131446|453|aaaaaaaaaaaaaaaabbbbbbbbbCCCCC123,signature:2462AA5BF931ABE7AE5F00F38EE30DB88019A32E7E3F4B6DF5BE12DD8B76EB79
01/10/2017 13:14:49: :	NLogLogger.GetCalleeString 
	urlFull: http://sandbox.vtcpay.vn/pay2.0/portalgateway/checkout.html?website_id=453&amount=50000&receiver_account=0983666999&reference_number=20170110131446&currency=VND&signature=2462AA5BF931ABE7AE5F00F38EE30DB88019A32E7E3F4B6DF5BE12DD8B76EB79
01/10/2017 13:15:17: :	NLogLogger.GetCalleeString 
	Ket qua POST. Data: 50000|Giao d?ch thành công||20170110131446|1|1|453
sign: F192A7E2FB9BC9E2E6581E53B49F7405C73BC2304BA266D05A69BF2F9014BD6C
Vefify: True
01/10/2017 13:36:41: :	NLogLogger.GetCalleeString 
	Textsign: 50000|VND|0983666999|20170110133637|453|aaaaaaaaaaaaaaaabbbbbbbbbCCCCC123,signature:34BF3779B4A98BE41D9057BBA4152F5100848DDB46D66823DE1C2F71F5AED1B5
01/10/2017 13:36:41: :	NLogLogger.GetCalleeString 
	urlFull: http://sandbox.vtcpay.vn/pay2.0/portalgateway/checkout.html?website_id=453&amount=50000&receiver_account=0983666999&reference_number=20170110133637&currency=VND&signature=34BF3779B4A98BE41D9057BBA4152F5100848DDB46D66823DE1C2F71F5AED1B5
01/10/2017 13:38:42: :	NLogLogger.GetCalleeString 
	Ket qua POST. Data: 50000|Giao d?ch thành công||20170110133637|1|1|453
sign: 48256A7F3CDEBBDE36282E421F81AF06364BB74BACCE16B3AEEA997871DC8D63
Vefify: True
01/10/2017 17:18:23: :	NLogLogger.GetCalleeString 
	Textsign: 50000|VND|0983666999|20170110171818|453|aaaaaaaaaaaaaaaabbbbbbbbbCCCCC123,signature:C5665BFEACBCE712D1252B1DB15C00E689CABEF52758DCAE2DAAE6C62B2252A6
01/10/2017 17:18:23: :	NLogLogger.GetCalleeString 
	urlFull: http://sandbox.vtcpay.vn/pay2.0/portalgateway/checkout.html?website_id=453&amount=50000&receiver_account=0983666999&reference_number=20170110171818&currency=VND&signature=C5665BFEACBCE712D1252B1DB15C00E689CABEF52758DCAE2DAAE6C62B2252A6
