01/04/2017 14:24:33: :	NLogLogger.GetCalleeString 
	Textsign: 50000|VND|0983666999|20170104142426|453|aaaaaaaaaaaaaaaabbbbbbbbbCCCCC123,signature:ABF70B1535A94306B234D4F6A6C28931F5317A6F4FE7F23FEE844F6B6CD28DB1
01/04/2017 14:24:33: :	NLogLogger.GetCalleeString 
	urlFull: http://sandbox1.vtcpay.vn/portalgateway/checkout.html?website_id=453&amount=50000&receiver_account=0983666999&reference_number=20170104142426&currency=VND&signature=ABF70B1535A94306B234D4F6A6C28931F5317A6F4FE7F23FEE844F6B6CD28DB1
01/04/2017 14:26:03: :	NLogLogger.GetCalleeString 
	Ket qua POST. Data: 50000||VTCPAY|20170104142426|1|21437|453
sign: 6DCF540E895CF26FD7172A827290B50BC33049B5C0AED48D51AF151DAFCACBBF
Vefify: False
01/04/2017 14:52:32: :	NLogLogger.GetCalleeString 
	Textsign: 50000|VND|0983666999|20170104145227|453|aaaaaaaaaaaaaaaabbbbbbbbbCCCCC123,signature:79C1CBE699D105A4E113BFE2DE8C5E54265E1423BA2E918D7F64C252A15DFA49
01/04/2017 14:52:32: :	NLogLogger.GetCalleeString 
	urlFull: http://sandbox.vtcpay.vn/pay2.0/portalgateway/checkout.html?website_id=453&amount=50000&receiver_account=0983666999&reference_number=20170104145227&currency=VND&signature=79C1CBE699D105A4E113BFE2DE8C5E54265E1423BA2E918D7F64C252A15DFA49
01/04/2017 15:13:26: :	NLogLogger.GetCalleeString 
	Ket qua POST. Data: 50000||VTCPAY|20170104151237|1|21453|1284
sign: 4C5F7AEE3FDEF78EAB9C2A88D72844A8A72B5A7EC457384E01651ABB2DE4A265
Vefify: False
01/04/2017 16:17:02: :	NLogLogger.GetCalleeString 
	Ket qua POST. Data: 50000||VTCPAY|20170104161621|1|21457|1284
sign: 67F5F6526B33BE14F94293DA00627D5FE5C30F04334487A09146B507558F7857
Vefify: False
01/04/2017 16:20:22: :	NLogLogger.GetCalleeString 
	Ket qua POST. Data: 100000||VTCPAY|20170104161959|1|21460|1284
sign: 6E4BA673D465C864ECD4CA372F0EC73D59C3A380425CCDA1C061029420428D1A
Vefify: False
01/04/2017 18:07:30: :	NLogLogger.GetCalleeString 
	Ket qua POST. Data: 20170104180555|404|30000|453
sign: ED5BDB50F2B590059820DDB531113F482FE5385E558F76A5DC16072CE95743E1
Vefify: True
