01/05/2017 09:46:15: :	NLogLogger.GetCalleeString 
	Textsign: 50000|VND|0983666999|20170105093516|453|aaaaaaaaaaaaaaaabbbbbbbbbCCCCC123,signature:1AECB67A7ADF029D6115A8FFFC7542D7B1F263A375420E5E8C2A37503411019E
01/05/2017 09:46:16: :	NLogLogger.GetCalleeString 
	urlFull: http://sandbox.vtcpay.vn/pay2.0/portalgateway/checkout.html?website_id=453&amount=50000&receiver_account=0983666999&reference_number=20170105093516&currency=VND&signature=1AECB67A7ADF029D6115A8FFFC7542D7B1F263A375420E5E8C2A37503411019E
01/05/2017 09:46:57: :	NLogLogger.GetCalleeString 
	Ket qua POST. Data: 50000||VTCPAY|20170105093516|1|21476|453
sign: 3A1830081E1260A334BC214D16119E28A254009F6EFD43BD7ACB4A2AC2FB786C
Vefify: False
01/05/2017 10:54:57: :	NLogLogger.GetCalleeString 
	Textsign: 50000|VND|0978181253|20170105094721|453|aaaaaaaaaaaaaaaabbbbbbbbbCCCCC123,signature:5C04C511B0E9E8F1952D2F491A2CF99763CF4999D4410C36A33A9C91F61E5D23
01/05/2017 10:54:57: :	NLogLogger.GetCalleeString 
	urlFull: http://sandbox1.vtcebank.vn/payportalv2/checkout.html?website_id=453&amount=50000&receiver_account=0978181253&reference_number=20170105094721&currency=VND&signature=5C04C511B0E9E8F1952D2F491A2CF99763CF4999D4410C36A33A9C91F61E5D23
01/05/2017 10:55:20: :	NLogLogger.GetCalleeString 
	Textsign: 50000|VND|0978181253|20170105105512|453|aaaaaaaaaaaaaaaabbbbbbbbbCCCCC123,signature:391F2324B12BA3FEE2A90CABD6E3AC7820D0FB0EF01F981EA4D576DC3F72AFE5
01/05/2017 10:55:20: :	NLogLogger.GetCalleeString 
	urlFull: http://sandbox.vtcpay.vn/pay2.0/portalgateway/checkout.html?website_id=453&amount=50000&receiver_account=0978181253&reference_number=20170105105512&currency=VND&signature=391F2324B12BA3FEE2A90CABD6E3AC7820D0FB0EF01F981EA4D576DC3F72AFE5
01/05/2017 10:59:52: :	NLogLogger.GetCalleeString 
	Textsign: 50000|VND|0978181253|20170105105944|453|aaaaaaaaaaaaaaaabbbbbbbbbCCCCC123,signature:2826FD055E0806C5423BDC4A00EFCAC4837773366EAC379216E9909E92EEED03
01/05/2017 10:59:52: :	NLogLogger.GetCalleeString 
	urlFull: http://sandbox.vtcpay.vn/pay2.0/portalgateway/checkout.html?website_id=453&amount=50000&receiver_account=0978181253&reference_number=20170105105944&currency=VND&signature=2826FD055E0806C5423BDC4A00EFCAC4837773366EAC379216E9909E92EEED03
01/05/2017 11:09:28: :	NLogLogger.GetCalleeString 
	Textsign: 50000|VND|0983666999|20170105110925|453|aaaaaaaaaaaaaaaabbbbbbbbbCCCCC123,signature:8620B4D57C018465E8E22FAFCC5DA7695E52CD08B4AD979AF0C64DBFA1306278
01/05/2017 11:09:28: :	NLogLogger.GetCalleeString 
	urlFull: http://sandbox.vtcpay.vn/pay2.0/portalgateway/checkout.html?website_id=453&amount=50000&receiver_account=0983666999&reference_number=20170105110925&currency=VND&signature=8620B4D57C018465E8E22FAFCC5DA7695E52CD08B4AD979AF0C64DBFA1306278
01/05/2017 11:23:00: :	NLogLogger.GetCalleeString 
	Textsign: 50000|VND|0983666999|20170105112258|453|aaaaaaaaaaaaaaaabbbbbbbbbCCCCC123,signature:474F0E4705B2CD92636B6544937467633ED54ECDB3B2B23F8828BF95C27BF64D
01/05/2017 11:23:00: :	NLogLogger.GetCalleeString 
	urlFull: http://sandbox.vtcpay.vn/pay2.0/portalgateway/checkout.html?website_id=453&amount=50000&receiver_account=0983666999&reference_number=20170105112258&currency=VND&signature=474F0E4705B2CD92636B6544937467633ED54ECDB3B2B23F8828BF95C27BF64D
01/05/2017 11:24:05: :	NLogLogger.GetCalleeString 
	Textsign: 50000|VND|0983666999|20170105112402|453|aaaaaaaaaaaaaaaabbbbbbbbbCCCCC123,signature:C7F44D7F6B37F4005C5EC41FBC1C7FA658D229D2C18AF5DB6AE05478C119003D
01/05/2017 11:24:05: :	NLogLogger.GetCalleeString 
	urlFull: http://sandbox.vtcpay.vn/pay2.0/portalgateway/checkout.html?website_id=453&amount=50000&receiver_account=0983666999&reference_number=20170105112402&currency=VND&signature=C7F44D7F6B37F4005C5EC41FBC1C7FA658D229D2C18AF5DB6AE05478C119003D
01/05/2017 11:24:35: :	NLogLogger.GetCalleeString 
	Textsign: 50000|VND|0983666999|20170105112432|453|aaaaaaaaaaaaaaaabbbbbbbbbCCCCC123,signature:F5C8D399A53C54D18426E6004C1ACBC8734AB752DC0B183F40FBDA188C1FAF02
01/05/2017 11:24:35: :	NLogLogger.GetCalleeString 
	urlFull: http://sandbox.vtcpay.vn/pay2.0/portalgateway/checkout.html?website_id=453&amount=50000&receiver_account=0983666999&reference_number=20170105112432&currency=VND&signature=F5C8D399A53C54D18426E6004C1ACBC8734AB752DC0B183F40FBDA188C1FAF02
01/05/2017 11:25:11: :	NLogLogger.GetCalleeString 
	Textsign: 50000|VND|0983666999|20170105112508|453|aaaaaaaaaaaaaaaabbbbbbbbbCCCCC123,signature:6F8C08D3D802B178DE4FE57926E3B141F7E7FA5D9475065EFE15DF3DA4914EBB
01/05/2017 11:25:11: :	NLogLogger.GetCalleeString 
	urlFull: http://sandbox.vtcpay.vn/pay2.0/portalgateway/checkout.html?website_id=453&amount=50000&receiver_account=0983666999&reference_number=20170105112508&currency=VND&signature=6F8C08D3D802B178DE4FE57926E3B141F7E7FA5D9475065EFE15DF3DA4914EBB
01/05/2017 11:25:43: :	NLogLogger.GetCalleeString 
	Ket qua POST. Data: 50000|Giao d?ch thành công||20170105112508|1|1|453
sign: 31B60AD0A9889A2148F6D7D564471A2A53B7E8266D9F9B9EC7063734C91B12F3
Vefify: False
01/05/2017 11:27:37: :	NLogLogger.GetCalleeString 
	Textsign: 50000|VND|0983666999|20170105112730|453|aaaaaaaaaaaaaaaabbbbbbbbbCCCCC123,signature:1F120A9AF60B906AE87025DD9750697C853E005C517B8D743526E70D06353DB4
01/05/2017 11:27:37: :	NLogLogger.GetCalleeString 
	urlFull: http://sandbox.vtcpay.vn/pay2.0/portalgateway/checkout.html?website_id=453&amount=50000&receiver_account=0983666999&reference_number=20170105112730&currency=VND&signature=1F120A9AF60B906AE87025DD9750697C853E005C517B8D743526E70D06353DB4
01/05/2017 11:37:04: :	NLogLogger.GetCalleeString 
	Textsign: 50000|VND|0983666999|20170105112730|453|aaaaaaaaaaaaaaaabbbbbbbbbCCCCC123,signature:1F120A9AF60B906AE87025DD9750697C853E005C517B8D743526E70D06353DB4
01/05/2017 11:37:04: :	NLogLogger.GetCalleeString 
	urlFull: http://sandbox.vtcpay.vn/pay2.0/portalgateway/checkout.html?website_id=453&amount=50000&receiver_account=0983666999&reference_number=20170105112730&currency=VND&signature=1F120A9AF60B906AE87025DD9750697C853E005C517B8D743526E70D06353DB4
01/05/2017 11:45:06: :	NLogLogger.GetCalleeString 
	Textsign: 50000|VND|0983666999|20170105114502|453|aaaaaaaaaaaaaaaabbbbbbbbbCCCCC123,signature:9857B49980E8C6DD69FA6DDEE32700F1E3B3E178111FF7C7FDC7AF29ED70268E
01/05/2017 11:45:06: :	NLogLogger.GetCalleeString 
	urlFull: http://sandbox.vtcpay.vn/pay2.0/portalgateway/checkout.html?website_id=453&amount=50000&receiver_account=0983666999&reference_number=20170105114502&currency=VND&signature=9857B49980E8C6DD69FA6DDEE32700F1E3B3E178111FF7C7FDC7AF29ED70268E
01/05/2017 11:45:33: :	NLogLogger.GetCalleeString 
	Ket qua POST. Data: 50000|Giao d?ch thành công||20170105114502|1|1|453
sign: F2E06CDAC0D5B464E214964801D39A554E7A78CC06AFED33082A87B2B9EE64FB
Vefify: False
01/05/2017 13:29:54: :	NLogLogger.GetCalleeString 
	Textsign: 50000|VND|0983666999|20170105132950|453|aaaaaaaaaaaaaaaabbbbbbbbbCCCCC123,signature:7D6BC8F8DFBDA53C723C571C3957A149274F735C9DE402570DA2231259C60B84
01/05/2017 13:29:54: :	NLogLogger.GetCalleeString 
	urlFull: http://sandbox.vtcpay.vn/pay2.0/portalgateway/checkout.html?website_id=453&amount=50000&receiver_account=0983666999&reference_number=20170105132950&currency=VND&signature=7D6BC8F8DFBDA53C723C571C3957A149274F735C9DE402570DA2231259C60B84
01/05/2017 13:31:34: :	NLogLogger.GetCalleeString 
	Ket qua POST. Data: 50000|Giao d?ch thành công||20170105132950|1|1|453
sign: 3676699D1439AD2A592D4DC798646C01459B33FEB4DEF3E02D5B16999A31A3B7
Vefify: False
01/05/2017 14:16:17: :	NLogLogger.GetCalleeString 
	Ket qua POST. Data: 1125|404|1568020|453
sign: 3239334FCE6FFE53D2F28A67301CFDEA22A1CB20832CB66BAC777DC1AB92102C
Vefify: True
01/05/2017 15:10:47: :	NLogLogger.GetCalleeString 
	Textsign: 50000|VND|0983666999|20170105151043|453|aaaaaaaaaaaaaaaabbbbbbbbbCCCCC123,signature:14538B2FEDBDA5614CB5ED10A7DFE3FD9984CD3F691AC3ABAD1DF05A7AE7F1DA
01/05/2017 15:10:47: :	NLogLogger.GetCalleeString 
	urlFull: http://sandbox1.vtcebank.vn/payportalv2/checkout.html?website_id=453&amount=50000&receiver_account=0983666999&reference_number=20170105151043&currency=VND&signature=14538B2FEDBDA5614CB5ED10A7DFE3FD9984CD3F691AC3ABAD1DF05A7AE7F1DA
01/05/2017 17:44:01: :	NLogLogger.GetCalleeString 
	Textsign: 50000|VND|0983666999|20170105174351|453|aaaaaaaaaaaaaaaabbbbbbbbbCCCCC123,signature:0345C1325696929A5F8D674793D55455CAB7D48F4347BCB8159D4ECA14E3C83B
01/05/2017 17:44:01: :	NLogLogger.GetCalleeString 
	urlFull: http://sandbox.vtcpay.vn/pay2.0/portalgateway/checkout.html?website_id=453&amount=50000&receiver_account=0983666999&reference_number=20170105174351&currency=VND&signature=0345C1325696929A5F8D674793D55455CAB7D48F4347BCB8159D4ECA14E3C83B
01/05/2017 18:08:04: :	NLogLogger.GetCalleeString 
	Ket qua POST. Data: 12321d|404|1568020|453
sign: 88F8AA3F90110A0F3C4FBD0B960F5E97F6E8E02629BE8B245B55A71F9F1EC7AC
Vefify: True
01/05/2017 18:50:13: :	NLogLogger.GetCalleeString 
	Textsign: 50000|VND|0983666999|20170105185008|453|aaaaaaaaaaaaaaaabbbbbbbbbCCCCC123,signature:9C3DC58522F4951D48EE62C8BBDB1B39FE026F7B01F116FFA65130F9204725D8
01/05/2017 18:50:13: :	NLogLogger.GetCalleeString 
	urlFull: http://sandbox.vtcpay.vn/pay2.0/portalgateway/checkout.html?website_id=453&amount=50000&receiver_account=0983666999&reference_number=20170105185008&currency=VND&signature=9C3DC58522F4951D48EE62C8BBDB1B39FE026F7B01F116FFA65130F9204725D8
