03/04/2017 10:56:11: :	NLogLogger.GetCalleeString 
	Textsign: 50000|VND|0983666999|20170304105607|QR|453|aaaaaaaaaaaaaaaabbbbbbbbbCCCCC123,signature:6268A90DBAD80089E4B9E7F54863910A5E6C879436EE4D5C80FCE6047D5462C3
03/04/2017 10:56:12: :	NLogLogger.GetCalleeString 
	urlFull: http://sandbox1.vtcebank.vn/payportalv2/checkout.html?website_id=453&amount=50000&receiver_account=0983666999&reference_number=20170304105607&currency=VND&signature=6268A90DBAD80089E4B9E7F54863910A5E6C879436EE4D5C80FCE6047D5462C3&transaction_type=QR
03/04/2017 10:57:13: :	NLogLogger.GetCalleeString 
	Textsign: 100000|VND|0983666999|20170304105707|QR|453|aaaaaaaaaaaaaaaabbbbbbbbbCCCCC123,signature:09FF8798EF9E93B91D8374F52A569CACD525C673707A4268672D498E8C6E0E4B
03/04/2017 10:57:13: :	NLogLogger.GetCalleeString 
	urlFull: http://sandbox1.vtcebank.vn/payportalv2/checkout.html?website_id=453&amount=100000&receiver_account=0983666999&reference_number=20170304105707&currency=VND&signature=09FF8798EF9E93B91D8374F52A569CACD525C673707A4268672D498E8C6E0E4B&transaction_type=QR
03/04/2017 11:16:33: :	NLogLogger.GetCalleeString 
	Ket qua POST. Data: 20170304105707|1|100000|453
sign: 6FF0394F7E0A728F4FDDA71DAB416ECD05AD039B0B3D61CEFD9B096A6C43C2C4
Vefify: True
03/04/2017 14:51:42: :	NLogLogger.GetCalleeString 
	Ket qua POST. Data: 20170304145125|404|30000|453
sign: B31F31B5DF815C0CD306A93B9DC63264E1F607FB830196EC9F9CE677E0FC8815
Vefify: True
03/04/2017 14:55:17: :	NLogLogger.GetCalleeString 
	Ket qua POST. Data: 20170304145153|404|30000|453
sign: 69CDCC8A2BEA1209C12CCDF3710544080C348F90CA518BE4290EE14B196181AF
Vefify: True
