02/23/2017 10:53:32: :	NLogLogger.GetCalleeString 
	Ket qua POST. Data: 20160824164558|-1|50000|453
sign: EE40EE72433B9E740EEA7DF9DA41F32D18E9AA562633E11D5A43F3387EC18313
Vefify: True
02/23/2017 14:32:16: :	NLogLogger.GetCalleeString 
	Ket qua POST. Data: 20170223143100|1|20511|453
sign: A1991F49CA96DFF2C4C91D0BF3F2CD27115758363C4C357179040CEFC0759BBC
Vefify: True
02/23/2017 14:38:27: :	NLogLogger.GetCalleeString 
	Ket qua POST. Data: 20170223143725|1|20511|453
sign: 1EA09B8CB5A508FDCE40A2091EE0CFDDFD90B9D753B06FFABFB7A36C3CDAEAC3
Vefify: True
02/23/2017 14:44:15: :	NLogLogger.GetCalleeString 
	Ket qua POST. Data: ae035a1f-dae8-4f96-8e21-1125e93d9d45 |1|20511|453
sign: F160BCAAEBB4C1AE4A22E22F5105CDC81FE6C609F359FB619FD977CAAB479CE0
Vefify: True
02/23/2017 14:47:57: :	NLogLogger.GetCalleeString 
	Ket qua POST. Data: 0644b277-22c746b58dde4bbc7cc4b76f|1|20511|453
sign: 8CF50568885132270EEF398BD90830423FD4B214C24E2D5105471578265988F8
Vefify: True
02/23/2017 14:54:05: :	NLogLogger.GetCalleeString 
	Ket qua POST. Data: 45a5d165c3b44e26b358566408a78293|1|20511|453
sign: 6D3BAAC96E161ECF0E5E06D2CEA6453078702946DA6E9CF5AC793158333B1D38
Vefify: True
02/23/2017 14:56:53: :	NLogLogger.GetCalleeString 
	Ket qua POST. Data: 09f4f00a20a140e098d743314a514bb3|1|20000|453
sign: D58EB05662ED170E1CE0F8A8F2AEE44DB18889A8F6947631FAD56CDCECB99368
Vefify: True
02/23/2017 14:59:29: :	NLogLogger.GetCalleeString 
	Ket qua POST. Data: 40b6271713cf4d06b8d67ced6089746e|1|20511|453
sign: 5F04711B6BEA0DC38DD4CB884E1E208906E1D6673CAEC1AFA77FCBDC5BAEC08A
Vefify: True
02/23/2017 15:11:27: :	NLogLogger.GetCalleeString 
	Textsign: 50000|VND|0983666999|20170223151124|QR|627|aaaaaaaaaaaaaaaabbbbbbbbbCCCCC123,signature:AC124EE1E1E18C5077859DAFC35D6FE9D21FFA680CEDB6C00FB9A7BD57199C25
02/23/2017 15:11:27: :	NLogLogger.GetCalleeString 
	urlFull: https://pay.vtc.vn/bank-gateway/checkout.html?website_id=627&amount=50000&receiver_account=0983666999&reference_number=20170223151124&currency=VND&signature=AC124EE1E1E18C5077859DAFC35D6FE9D21FFA680CEDB6C00FB9A7BD57199C25&transaction_type=QR
02/23/2017 15:32:13: :	NLogLogger.GetCalleeString 
	Ket qua POST. Data: 1e6764fa64514f3bb5c3dd853dc32cf7|404|20511|453
sign: 8AB420B5723A0C6E1B9B88A36587B420FD2E8D11613ED29B749F4A45A60DC371
Vefify: True
02/23/2017 15:38:58: :	NLogLogger.GetCalleeString 
	Ket qua POST. Data: 20170223153836|404|30000|453
sign: 713C6515E55DBC339C1BBD95D87E90348C80530800BB7B27A8E1123080E74B07
Vefify: True
02/23/2017 15:46:49: :	NLogLogger.GetCalleeString 
	Ket qua POST. Data: 20170223154622|404|30000|453
sign: EDFC7BD6F983FFDEC9029B8EE4631895AE10FAA45EEF5F2C14C84BE08570B234
Vefify: True
02/23/2017 15:47:59: :	NLogLogger.GetCalleeString 
	Ket qua POST. Data: 20170223154652|404|30000|453
sign: B636AECEC3C639573250073BDD23663216D5984DBC1E969F5084A33ED68BB26B
Vefify: True
02/23/2017 15:48:30: :	NLogLogger.GetCalleeString 
	Ket qua POST. Data: 20170223154819|404|30000|453
sign: DB4ED306020F16B9244220532A0B0C45EFBE660E57CF147B80D45C4D7F6579B9
Vefify: True
