01/03/2017 14:06:02: :	NLogLogger.GetCalleeString 
	Textsign: 50000|VND|0983666999|20170103140537|453|aaaaaaaaaaaaaaaabbbbbbbbbCCCCC123,signature:D352C719C2F06A1D04FD0167543ACBAB607D46224ACF9207F4BCB297C236F533
01/03/2017 14:06:02: :	NLogLogger.GetCalleeString 
	urlFull: http://sandbox1.vtcebank.vn/payportalv2/checkout.html?website_id=453&amount=50000&receiver_account=0983666999&reference_number=20170103140537&currency=VND&signature=D352C719C2F06A1D04FD0167543ACBAB607D46224ACF9207F4BCB297C236F533
01/03/2017 14:08:24: :	NLogLogger.GetCalleeString 
	Ket qua POST. Data: 20170103140537|1|50000|453
sign: 6250A08A6BBA1AA7F947620048A0CA395DB19BDCADDFB351E62AF34BAAC57312
Vefify: True
01/03/2017 14:10:11: :	NLogLogger.GetCalleeString 
	Textsign: 50000|VND|0983666999|20170103141009|453|aaaaaaaaaaaaaaaabbbbbbbbbCCCCC123,signature:83A59931692CB81BDADC9047FDF162854D34C5A8EC3CB20036ED4A1ACD09E8B7
01/03/2017 14:10:11: :	NLogLogger.GetCalleeString 
	urlFull: http://sandbox1.vtcebank.vn/payportalv2/checkout.html?website_id=453&amount=50000&receiver_account=0983666999&reference_number=20170103141009&currency=VND&signature=83A59931692CB81BDADC9047FDF162854D34C5A8EC3CB20036ED4A1ACD09E8B7
01/03/2017 14:10:35: :	NLogLogger.GetCalleeString 
	Ket qua POST. Data: 20170103141009|7|50000|453
sign: 911781687CAB609F68F61F72B56C7033775175FA8C693A6B892889363F4882AC
Vefify: True
01/03/2017 15:21:39: :	NLogLogger.GetCalleeString 
	Textsign: 50000|VND|0983666999|20170103152135|453|aaaaaaaaaaaaaaaabbbbbbbbbCCCCC123,signature:768D3EE50B23A0EC10B52651D3F7AB0C9EDB3CA68B56FD99CAE37A8C2839DC4C
01/03/2017 15:21:39: :	NLogLogger.GetCalleeString 
	urlFull: http://sandbox1.vtcebank.vn/payportalv2/checkout.html?website_id=453&amount=50000&receiver_account=0983666999&reference_number=20170103152135&currency=VND&signature=768D3EE50B23A0EC10B52651D3F7AB0C9EDB3CA68B56FD99CAE37A8C2839DC4C
01/03/2017 15:23:01: :	NLogLogger.GetCalleeString 
	Ket qua POST. Data: 20170103152135|7|50000|453
sign: 7AAE879F67FA45979E13075C0369809CC75A59E783BBEBEEC345C0E782F04CA0
Vefify: True
01/03/2017 15:29:28: :	NLogLogger.GetCalleeString 
	Textsign: 50000|VND|0983666999|20170103152927|453|aaaaaaaaaaaaaaaabbbbbbbbbCCCCC123,signature:3C66FD1946B604ADF536796AB8254489C0A4FE497C02B075D1B54FCBEC96269A
01/03/2017 15:29:28: :	NLogLogger.GetCalleeString 
	urlFull: http://sandbox1.vtcebank.vn/payportalv2/checkout.html?website_id=453&amount=50000&receiver_account=0983666999&reference_number=20170103152927&currency=VND&signature=3C66FD1946B604ADF536796AB8254489C0A4FE497C02B075D1B54FCBEC96269A
01/03/2017 15:29:56: :	NLogLogger.GetCalleeString 
	Ket qua POST. Data: 20170103152927|7|50000|453
sign: A35DAABCB214CBA735AD19F9525D33C13B34A054562536BE923E786163DD2D00
Vefify: True
01/03/2017 17:04:09: :	NLogLogger.GetCalleeString 
	Ket qua POST. Data: 500000||VTCPAY|20170103170136|1|21424|1284
sign: 99168AA634D05C46BFE27347684ED8274F1D483286E1AF3C83BEF39B559A625C
Vefify: False
