02/15/2017 08:50:32: :	NLogLogger.GetCalleeString 
	Textsign: 50000|VND|0983666999|20170215084922|627|aaaaaaaaaaaaaaaabbbbbbbbbCCCCC123,signature:3A36ADE61319A6C5623F0862192B5864C5ABA6CF204E1B05D8CFD6325E035C64
02/15/2017 08:50:32: :	NLogLogger.GetCalleeString 
	urlFull: https://pay.vtc.vn/bank-gateway/checkout.html?website_id=627&amount=50000&receiver_account=0983666999&reference_number=20170215084922&currency=VND&signature=3A36ADE61319A6C5623F0862192B5864C5ABA6CF204E1B05D8CFD6325E035C64
02/15/2017 08:54:55: :	NLogLogger.GetCalleeString 
	Textsign: 50000|VND|0983666999|20170215085454|453|aaaaaaaaaaaaaaaabbbbbbbbbCCCCC123,signature:7B6B0BD6EA02C0AD9CDEFA94C95640696D0731690C24DA1B5E91A13E334D2858
02/15/2017 08:54:55: :	NLogLogger.GetCalleeString 
	urlFull: http://sandbox1.vtcebank.vn/payportalv2/checkout.html?website_id=453&amount=50000&receiver_account=0983666999&reference_number=20170215085454&currency=VND&signature=7B6B0BD6EA02C0AD9CDEFA94C95640696D0731690C24DA1B5E91A13E334D2858
02/15/2017 08:55:02: :	NLogLogger.GetCalleeString 
	Textsign: 50000|VND|0983666999|20170215085459|627|aaaaaaaaaaaaaaaabbbbbbbbbCCCCC123,signature:3F6D534E73195176AFA9A8C76B55A348BDDB7717ECAB6E892CCD5D3C1057A7BB
02/15/2017 08:55:02: :	NLogLogger.GetCalleeString 
	urlFull: https://pay.vtc.vn/bank-gateway/checkout.html?website_id=627&amount=50000&receiver_account=0983666999&reference_number=20170215085459&currency=VND&signature=3F6D534E73195176AFA9A8C76B55A348BDDB7717ECAB6E892CCD5D3C1057A7BB
02/15/2017 10:03:05: :	NLogLogger.GetCalleeString 
	Textsign: 50000|VND|0983666999|20170215100257|453|aaaaaaaaaaaaaaaabbbbbbbbbCCCCC123,signature:4A819AF493BEFB30063B4ED5950FAFD60C26F76339DB00C24F432C6B3A60BCC7
02/15/2017 10:03:05: :	NLogLogger.GetCalleeString 
	urlFull: http://sandbox1.vtcebank.vn/payportalv2/checkout.html?website_id=453&amount=50000&receiver_account=0983666999&reference_number=20170215100257&currency=VND&signature=4A819AF493BEFB30063B4ED5950FAFD60C26F76339DB00C24F432C6B3A60BCC7
02/15/2017 10:09:20: :	NLogLogger.GetCalleeString 
	Textsign: 50000|VND|0983666999|20170215100914|453|aaaaaaaaaaaaaaaabbbbbbbbbCCCCC123,signature:ECAFB2B94BBAAEE8C0110E15E5FD3BEA351DCFD30393AB63E439320F672F45B2
02/15/2017 10:09:20: :	NLogLogger.GetCalleeString 
	urlFull: http://sandbox1.vtcebank.vn/payportalv2/checkout.html?website_id=453&amount=50000&receiver_account=0983666999&reference_number=20170215100914&currency=VND&signature=ECAFB2B94BBAAEE8C0110E15E5FD3BEA351DCFD30393AB63E439320F672F45B2
02/15/2017 10:18:05: :	NLogLogger.GetCalleeString 
	Textsign: 50000|VND|0983666999|20170215101753|453|aaaaaaaaaaaaaaaabbbbbbbbbCCCCC123,signature:7AE27AA71C16EF892E83DA19EE7144EE77A2A142CB5D778A147C0AE0476DBDAE
02/15/2017 10:18:05: :	NLogLogger.GetCalleeString 
	urlFull: http://sandbox1.vtcebank.vn/payportalv2/checkout.html?website_id=453&amount=50000&receiver_account=0983666999&reference_number=20170215101753&currency=VND&signature=7AE27AA71C16EF892E83DA19EE7144EE77A2A142CB5D778A147C0AE0476DBDAE
02/15/2017 10:22:15: :	NLogLogger.GetCalleeString 
	Textsign: 50000|VND|0983666999|20170215102212|453|aaaaaaaaaaaaaaaabbbbbbbbbCCCCC123,signature:C14BB0BEA307E83E8CD69EA72D236A0041C4C7A9ECFE3D089E7A99F3C49D70FF
02/15/2017 10:22:15: :	NLogLogger.GetCalleeString 
	urlFull: http://sandbox1.vtcebank.vn/payportalv2/checkout.html?website_id=453&amount=50000&receiver_account=0983666999&reference_number=20170215102212&currency=VND&signature=C14BB0BEA307E83E8CD69EA72D236A0041C4C7A9ECFE3D089E7A99F3C49D70FF
02/15/2017 10:25:11: :	NLogLogger.GetCalleeString 
	Textsign: 50000|VND|0983666999|20170215102510|453|aaaaaaaaaaaaaaaabbbbbbbbbCCCCC123,signature:979C58EED3E3E9D76A7755202D449BA853FA3EFB64A7A48CD4939D75B0F61062
02/15/2017 10:25:11: :	NLogLogger.GetCalleeString 
	urlFull: http://sandbox1.vtcebank.vn/payportalv2/checkout.html?website_id=453&amount=50000&receiver_account=0983666999&reference_number=20170215102510&currency=VND&signature=979C58EED3E3E9D76A7755202D449BA853FA3EFB64A7A48CD4939D75B0F61062
02/15/2017 10:33:58: :	NLogLogger.GetCalleeString 
	Textsign: 50000|VND|0983666999|20170215103356|453|aaaaaaaaaaaaaaaabbbbbbbbbCCCCC123,signature:B8FCB51DEADD507457F2D09FD83F8BC9E034B609D1253D4EB09FDBA82A635F53
02/15/2017 10:33:58: :	NLogLogger.GetCalleeString 
	urlFull: http://sandbox1.vtcebank.vn/payportalv2/checkout.html?website_id=453&amount=50000&receiver_account=0983666999&reference_number=20170215103356&currency=VND&signature=B8FCB51DEADD507457F2D09FD83F8BC9E034B609D1253D4EB09FDBA82A635F53
02/15/2017 10:38:22: :	NLogLogger.GetCalleeString 
	Textsign: 50000|VND|0983666999|20170215103811|453|aaaaaaaaaaaaaaaabbbbbbbbbCCCCC123,signature:8E4A635E8D7EDBF5312C748DAA5A89FD8AAB79AEFF170486C528BC04759A3776
02/15/2017 10:38:22: :	NLogLogger.GetCalleeString 
	urlFull: http://sandbox1.vtcebank.vn/payportalv2/checkout.html?website_id=453&amount=50000&receiver_account=0983666999&reference_number=20170215103811&currency=VND&signature=8E4A635E8D7EDBF5312C748DAA5A89FD8AAB79AEFF170486C528BC04759A3776
02/15/2017 10:46:32: :	NLogLogger.GetCalleeString 
	Textsign: 50000|VND|0983666999|20170215104630|453|aaaaaaaaaaaaaaaabbbbbbbbbCCCCC123,signature:A53FE1A61896199CA7F3CD636DFAED881677EFDE07C968B4F3FD1B01FAD45B13
02/15/2017 10:46:32: :	NLogLogger.GetCalleeString 
	urlFull: http://sandbox1.vtcebank.vn/payportalv2/checkout.html?website_id=453&amount=50000&receiver_account=0983666999&reference_number=20170215104630&currency=VND&signature=A53FE1A61896199CA7F3CD636DFAED881677EFDE07C968B4F3FD1B01FAD45B13
02/15/2017 11:34:09: :	NLogLogger.GetCalleeString 
	Ket qua POST. Data: 20170215104630|-1|50000|453
sign: BCE32529126C4B54C07D9B8C5EFB4112397186F9A6B379F42D51C2C4C4253A30
Vefify: True
02/15/2017 11:55:59: :	NLogLogger.GetCalleeString 
	Ket qua POST. Data: 20170215104630|-1|50000|453
sign: BCE32529126C4B54C07D9B8C5EFB4112397186F9A6B379F42D51C2C4C4253A30
Vefify: True
02/15/2017 11:56:31: :	NLogLogger.GetCalleeString 
	Textsign: 50000|VND|0983666999|20170215115629|453|aaaaaaaaaaaaaaaabbbbbbbbbCCCCC123,signature:2E3543ED9648E1E498C6DB16335502EE7F7D9B11A5CB04D27C7398D309FC3E52
02/15/2017 11:56:31: :	NLogLogger.GetCalleeString 
	urlFull: http://sandbox1.vtcebank.vn/payportalv2/checkout.html?website_id=453&amount=50000&receiver_account=0983666999&reference_number=20170215115629&currency=VND&signature=2E3543ED9648E1E498C6DB16335502EE7F7D9B11A5CB04D27C7398D309FC3E52
02/15/2017 11:57:24: :	NLogLogger.GetCalleeString 
	Ket qua POST. Data: 20170215115629|-1|50000|453
sign: F8AE7156CD9E2317FB9034CFDCC269F2E1C2FEC2726AF19FC7C7852E371DED1D
Vefify: True
02/15/2017 13:18:04: :	NLogLogger.GetCalleeString 
	Textsign: 50000|VND|0983666999|20170215131802|453|aaaaaaaaaaaaaaaabbbbbbbbbCCCCC123,signature:54A6C911F8B403B789F1EE8565B8D9E302177AB37A8E9E6C5783E2EB4D7A6678
02/15/2017 13:18:04: :	NLogLogger.GetCalleeString 
	urlFull: http://sandbox1.vtcebank.vn/payportalv2/checkout.html?website_id=453&amount=50000&receiver_account=0983666999&reference_number=20170215131802&currency=VND&signature=54A6C911F8B403B789F1EE8565B8D9E302177AB37A8E9E6C5783E2EB4D7A6678
02/15/2017 13:50:49: :	NLogLogger.GetCalleeString 
	Ket qua POST. Data: 20170215131802|-1|50000|453
sign: AB0496C0E74DE000AB2B580343F492491881CA769575410134D700DC8745136E
Vefify: True
02/15/2017 13:51:08: :	NLogLogger.GetCalleeString 
	Ket qua POST. Data: 20170215131802|-1|50000|453
sign: AB0496C0E74DE000AB2B580343F492491881CA769575410134D700DC8745136E
Vefify: True
02/15/2017 14:01:40: :	NLogLogger.GetCalleeString 
	Textsign: 50000|VND|0983666999|20170215140139|453|aaaaaaaaaaaaaaaabbbbbbbbbCCCCC123,signature:8A3753C279546FAEDC8AADB1D8896DF92C9E390492AF67A67BC48B7204F2D455
02/15/2017 14:01:40: :	NLogLogger.GetCalleeString 
	urlFull: http://sandbox1.vtcebank.vn/payportalv2/checkout.html?website_id=453&amount=50000&receiver_account=0983666999&reference_number=20170215140139&currency=VND&signature=8A3753C279546FAEDC8AADB1D8896DF92C9E390492AF67A67BC48B7204F2D455
02/15/2017 14:13:18: :	NLogLogger.GetCalleeString 
	Ket qua POST. Data: 20170215131802|-1|50000|453
sign: AB0496C0E74DE000AB2B580343F492491881CA769575410134D700DC8745136E
Vefify: True
02/15/2017 14:19:17: :	NLogLogger.GetCalleeString 
	Ket qua POST. Data: 20170215131802|-1|50000|453
sign: AB0496C0E74DE000AB2B580343F492491881CA769575410134D700DC8745136E
Vefify: True
02/15/2017 14:19:18: :	NLogLogger.GetCalleeString 
	Ket qua POST. Data: 20170215131802|-1|50000|453
sign: AB0496C0E74DE000AB2B580343F492491881CA769575410134D700DC8745136E
Vefify: True
02/15/2017 14:25:28: :	NLogLogger.GetCalleeString 
	Textsign: 50000|VND|0983666999|20170215142527|QR|453|aaaaaaaaaaaaaaaabbbbbbbbbCCCCC123,signature:EBB13803A18CF82187512FEC95D97926AC6713E5C4F5F00D13134E0383AF4059
02/15/2017 14:25:28: :	NLogLogger.GetCalleeString 
	urlFull: http://sandbox1.vtcebank.vn/payportalv2/checkout.html?website_id=453&amount=50000&receiver_account=0983666999&reference_number=20170215142527&currency=VND&signature=EBB13803A18CF82187512FEC95D97926AC6713E5C4F5F00D13134E0383AF4059&transaction_type=QR
02/15/2017 14:26:26: :	NLogLogger.GetCalleeString 
	Ket qua POST. Data: 20170215131802|-1|50000|453
sign: AB0496C0E74DE000AB2B580343F492491881CA769575410134D700DC8745136E
Vefify: True
02/15/2017 14:26:35: :	NLogLogger.GetCalleeString 
	Ket qua POST. Data: 20170215131802|-1|50000|453
sign: AB0496C0E74DE000AB2B580343F492491881CA769575410134D700DC8745136E
Vefify: True
02/15/2017 14:28:42: :	NLogLogger.GetCalleeString 
	Ket qua POST. Data: 20170215131802|-1|50000|453
sign: AB0496C0E74DE000AB2B580343F492491881CA769575410134D700DC8745136E
Vefify: True
02/15/2017 14:28:43: :	NLogLogger.GetCalleeString 
	Ket qua POST. Data: 20170215131802|-1|50000|453
sign: AB0496C0E74DE000AB2B580343F492491881CA769575410134D700DC8745136E
Vefify: True
02/15/2017 14:29:33: :	NLogLogger.GetCalleeString 
	Textsign: 50000|VND|0983666999|20170215142825|QR|453|aaaaaaaaaaaaaaaabbbbbbbbbCCCCC123,signature:BE6BB950FFFE8900177912D1607DA28A05D484D0529AA42DA7BCD6315A8D65B6
02/15/2017 14:29:33: :	NLogLogger.GetCalleeString 
	urlFull: http://sandbox1.vtcebank.vn/payportalv2/checkout.html?website_id=453&amount=50000&receiver_account=0983666999&reference_number=20170215142825&currency=VND&signature=BE6BB950FFFE8900177912D1607DA28A05D484D0529AA42DA7BCD6315A8D65B6&transaction_type=QR
02/15/2017 14:30:03: :	NLogLogger.GetCalleeString 
	Textsign: 50000|VND|0983666999|20170215142952|QR|453|aaaaaaaaaaaaaaaabbbbbbbbbCCCCC123,signature:88DF51D196C37A2FAA74267D9727583366B1D4B22D72B9E0A8E67FC97A6671CB
02/15/2017 14:30:03: :	NLogLogger.GetCalleeString 
	urlFull: http://sandbox1.vtcebank.vn/payportalv2/checkout.html?website_id=453&amount=50000&receiver_account=0983666999&reference_number=20170215142952&currency=VND&signature=88DF51D196C37A2FAA74267D9727583366B1D4B22D72B9E0A8E67FC97A6671CB&transaction_type=QR
02/15/2017 14:30:36: :	NLogLogger.GetCalleeString 
	Ket qua POST. Data: 20170215131802|-1|50000|453
sign: AB0496C0E74DE000AB2B580343F492491881CA769575410134D700DC8745136E
Vefify: True
02/15/2017 14:30:43: :	NLogLogger.GetCalleeString 
	Textsign: 50000|VND|0983666999|20170215143008|QR|453|aaaaaaaaaaaaaaaabbbbbbbbbCCCCC123,signature:103D4E31F5A0F4069C85C1A7935389BE5967CB3C4CB76AE4482C08CB7B6EDCDB
02/15/2017 14:30:43: :	NLogLogger.GetCalleeString 
	urlFull: http://sandbox1.vtcebank.vn/payportalv2/checkout.html?website_id=453&amount=50000&receiver_account=0983666999&reference_number=20170215143008&currency=VND&signature=103D4E31F5A0F4069C85C1A7935389BE5967CB3C4CB76AE4482C08CB7B6EDCDB&transaction_type=QR
02/15/2017 14:30:46: :	NLogLogger.GetCalleeString 
	Textsign: 50000|VND|0983666999|20170215143045|QR|453|aaaaaaaaaaaaaaaabbbbbbbbbCCCCC123,signature:50E7625E94A84C780E7F959CF7F8A6D8336107912F5B68A360433D82BCFC87C3
02/15/2017 14:30:46: :	NLogLogger.GetCalleeString 
	urlFull: http://sandbox1.vtcebank.vn/payportalv2/checkout.html?website_id=453&amount=50000&receiver_account=0983666999&reference_number=20170215143045&currency=VND&signature=50E7625E94A84C780E7F959CF7F8A6D8336107912F5B68A360433D82BCFC87C3&transaction_type=QR
02/15/2017 15:58:47: :	NLogLogger.GetCalleeString 
	Ket qua POST. Data: 20170214160057|1|50000|453
sign: E25B75D9EC0162DAEDEFCFF09AD9FDE6DD25B4FDF3C9FC94E1B31D8B0EDFF060
Vefify: True
