02/07/2017 09:44:22: :	NLogLogger.GetCalleeString 
	Textsign: 50000|VND|0983666999|20170207094418|453|aaaaaaaaaaaaaaaabbbbbbbbbCCCCC123,signature:2CA8DEDDF3BAD9AD55C8797662241A8B62C7187942ADF4AE7842571F0BDC182C
02/07/2017 09:44:22: :	NLogLogger.GetCalleeString 
	urlFull: http://sandbox1.vtcpay.vn/portalgateway/checkout.html?website_id=453&amount=50000&receiver_account=0983666999&reference_number=20170207094418&currency=VND&signature=2CA8DEDDF3BAD9AD55C8797662241A8B62C7187942ADF4AE7842571F0BDC182C
02/07/2017 09:59:08: :	NLogLogger.GetCalleeString 
	Textsign: 50000|VND|0983666999|20170207095907|453|aaaaaaaaaaaaaaaabbbbbbbbbCCCCC123,signature:4736627E4D139E853D52821912D1C24A39C2746CBC2AFF8FCEB5092BF7105A99
02/07/2017 09:59:08: :	NLogLogger.GetCalleeString 
	urlFull: http://sandbox1.vtcebank.vn/payportalv2/checkout.html?website_id=453&amount=50000&receiver_account=0983666999&reference_number=20170207095907&currency=VND&signature=4736627E4D139E853D52821912D1C24A39C2746CBC2AFF8FCEB5092BF7105A99
02/07/2017 13:34:32: :	NLogLogger.GetCalleeString 
	Textsign: 50000|VND|0983666999|20170207133425|453|aaaaaaaaaaaaaaaabbbbbbbbbCCCCC123,signature:36670ADD27FDA868D3EDEF830F549585FD19FF2876DF21EF8AF89DF91CF488EF
02/07/2017 13:34:33: :	NLogLogger.GetCalleeString 
	urlFull: http://sandbox1.vtcebank.vn/payportalv2/checkout.html?website_id=453&amount=50000&receiver_account=0983666999&reference_number=20170207133425&currency=VND&signature=36670ADD27FDA868D3EDEF830F549585FD19FF2876DF21EF8AF89DF91CF488EF
02/07/2017 13:35:10: :	NLogLogger.GetCalleeString 
	Ket qua POST. Data: 20170207133425|7|50000|453
sign: 26C29BFF8570ECD69724F1E0712E71CFE24323AD1AAA17A96A394121EDD8B106
Vefify: True
02/07/2017 13:36:31: :	NLogLogger.GetCalleeString 
	Textsign: 50000|VND|0983666999|20170207133629|453|aaaaaaaaaaaaaaaabbbbbbbbbCCCCC123,signature:B4D551B56AC9E6A85E15F3A203A9AACBB9E5159980F4063A6F2376C596E6E8A0
02/07/2017 13:36:31: :	NLogLogger.GetCalleeString 
	urlFull: http://sandbox1.vtcebank.vn/payportalv2/checkout.html?website_id=453&amount=50000&receiver_account=0983666999&reference_number=20170207133629&currency=VND&signature=B4D551B56AC9E6A85E15F3A203A9AACBB9E5159980F4063A6F2376C596E6E8A0
02/07/2017 13:36:57: :	NLogLogger.GetCalleeString 
	Ket qua POST. Data: 20170207133629|1|50000|453
sign: E7FAB5419970BDBF98AD7EBCF543F8AF365BFE5576EDE36EFB4A5B20674EE4F5
Vefify: True
