01/17/2017 08:25:17: :	NLogLogger.GetCalleeString 
	Ket qua POST. Data: DL5DGB|404|3410510|453
sign: A4C2FE16C561818402815DC670609F91E5E1F3A139825A69DF7CA73701BDE17D
Vefify: True
01/17/2017 13:54:00: :	NLogLogger.GetCalleeString 
	Ket qua POST. Data: SVBQUQ-41961402|404|5584020|453
sign: ABF068508B4B07BAD89046B8137B446FD67285F04698653DB267C61845EE2A1B
Vefify: True
01/17/2017 13:55:11: :	NLogLogger.GetCalleeString 
	Ket qua POST. Data: SVBQUQ-41961402|404|5584020|453
sign: ABF068508B4B07BAD89046B8137B446FD67285F04698653DB267C61845EE2A1B
Vefify: True
01/17/2017 22:37:29: :	NLogLogger.GetCalleeString 
	Ket qua POST. Data: 41978025|404|1697820|453
sign: 944B0FC488EF3C9715AE9334243A37109D3D82258D6164E9E710F07C4F518EA0
Vefify: True
01/17/2017 22:52:24: :	NLogLogger.GetCalleeString 
	Ket qua POST. Data: WHW5SI|404|25405000|453
sign: AD4A671DC067FD1706B30BB5295A78FC954BACFA53ED600479E128DEC190AA9C
Vefify: True
