03/07/2017 11:26:05: :	NLogLogger.GetCalleeString 
	Textsign: 50000|VND|0983666999|20170307112555|QR|453|aaaaaaaaaaaaaaaabbbbbbbbbCCCCC123,signature:A2EF7F75FB06FB3A13C3E483F41DC8640A730EAB8F82057FA753B2B43EFC33FE
03/07/2017 11:26:05: :	NLogLogger.GetCalleeString 
	urlFull: http://sandbox1.vtcebank.vn/payportalv2/checkout.html?website_id=453&amount=50000&receiver_account=0983666999&reference_number=20170307112555&currency=VND&signature=A2EF7F75FB06FB3A13C3E483F41DC8640A730EAB8F82057FA753B2B43EFC33FE&transaction_type=QR
03/07/2017 11:32:39: :	NLogLogger.GetCalleeString 
	Textsign: 50000|VND|0983666999|20170307113236|QR|453|aaaaaaaaaaaaaaaabbbbbbbbbCCCCC123,signature:0D80D667E7E47D2265A4E09FA4572D20619A66857D52DBAD3B917F7A2BD1DE73
03/07/2017 11:32:39: :	NLogLogger.GetCalleeString 
	urlFull: http://sandbox1.vtcebank.vn/payportalv2/checkout.html?website_id=453&amount=50000&receiver_account=0983666999&reference_number=20170307113236&currency=VND&signature=0D80D667E7E47D2265A4E09FA4572D20619A66857D52DBAD3B917F7A2BD1DE73&transaction_type=QR
03/07/2017 11:33:51: :	NLogLogger.GetCalleeString 
	Ket qua POST. Data: 20170307113236|0|50000|453
sign: 8BD719A50E9804F044B00E7165645AE0C71D7FB55F16DA58EDE6F29A07FD1E81
Vefify: True
03/07/2017 20:04:28: :	NLogLogger.GetCalleeString 
	Ket qua POST. Data: 20170307200413|404|30000|453
sign: B5AE7E56DFAF924636DBCCD95F5948E74ECBE92DE4698B7961D89696A7BB10CC
Vefify: True
03/07/2017 20:07:12: :	NLogLogger.GetCalleeString 
	Ket qua POST. Data: 20170307200441|404|30000|453
sign: 7A052EBF2CE6252F060967DAC04C9E4A37DBFE94D3B8CF2FBC22F8D4658118BF
Vefify: True
03/07/2017 20:07:41: :	NLogLogger.GetCalleeString 
	Ket qua POST. Data: 20170307200736|404|40000|453
sign: 5FA23A43F97A662D48AFB1FD24AF715F082C55480ED06F5A8A011B27FCF99ADE
Vefify: True
03/07/2017 20:09:00: :	NLogLogger.GetCalleeString 
	Ket qua POST. Data: 20170307200858|404|40000|453
sign: 5F278A4BA8E7C6D47791B3DDF38B393626E12AF88725B2B1E097B353D5F7141C
Vefify: True
03/07/2017 20:11:29: :	NLogLogger.GetCalleeString 
	Ket qua POST. Data: 20170307200905|404|40000|453
sign: D804A839BCDE8A6C2B8F401294501B39A6F36F3633F2CE94E533C9E9BCCD8712
Vefify: True
03/07/2017 21:07:50: :	NLogLogger.GetCalleeString 
	Ket qua POST. Data: 20170307201142|404|40000|453
sign: 7186DD16F90A682C9714F3BEC54AE5AC99FCE641B0E7E19D169F07F408EC0BFF
Vefify: True
03/07/2017 21:09:02: :	NLogLogger.GetCalleeString 
	Ket qua POST. Data: 20170307201142|404|40000|453
sign: 7186DD16F90A682C9714F3BEC54AE5AC99FCE641B0E7E19D169F07F408EC0BFF
Vefify: True
03/07/2017 21:25:00: :	NLogLogger.GetCalleeString 
	Ket qua POST. Data: 20170307201142|404|5000|453
sign: 5037E692A9F96BE8582C35F9E38D120D80FA5708D1894B3D968B602353874C97
Vefify: True
03/07/2017 21:28:12: :	NLogLogger.GetCalleeString 
	Ket qua POST. Data: 20170307201142|404|5000|453
sign: 5037E692A9F96BE8582C35F9E38D120D80FA5708D1894B3D968B602353874C97
Vefify: True
03/07/2017 21:54:45: :	NLogLogger.GetCalleeString 
	Ket qua POST. Data: 20170307201142|404|5000|453
sign: 5037E692A9F96BE8582C35F9E38D120D80FA5708D1894B3D968B602353874C97
Vefify: True
