02/13/2017 10:37:44: :	NLogLogger.GetCalleeString 
	Ket qua POST. Data: 20170213080616|404|30000|453
sign: 9A1609EFEF28E567AC3F91CBAAAC3A2CCFB7C8FAB211EC45B25B385CE89ABDB7
Vefify: True
02/13/2017 10:40:02: :	NLogLogger.GetCalleeString 
	Ket qua POST. Data: 20170213103958|404|30000|453
sign: 1A15FB588C4AE2915612BF93569ECB380358839AD566AD241910AAF2CA8425E0
Vefify: True
02/13/2017 10:48:50: :	NLogLogger.GetCalleeString 
	Ket qua POST. Data: 20170213104246|404|30000|453
sign: 7015A031F5434C0C5BCE6C1DFD1E871D280A6A063D0BB6F99950979CB783E310
Vefify: True
02/13/2017 13:21:22: :	NLogLogger.GetCalleeString 
	Textsign: 50000|VND|0983666999|20170213132119|453|aaaaaaaaaaaaaaaabbbbbbbbbCCCCC123,signature:AA5DF1654FE1EF5AA7BDA20082BB8CDA620F5A961704A6AB6B03432E5ECFB44F
02/13/2017 13:21:22: :	NLogLogger.GetCalleeString 
	urlFull: http://sandbox1.vtcebank.vn/payportalv2/checkout.html?website_id=453&amount=50000&receiver_account=0983666999&reference_number=20170213132119&currency=VND&signature=AA5DF1654FE1EF5AA7BDA20082BB8CDA620F5A961704A6AB6B03432E5ECFB44F
02/13/2017 13:22:05: :	NLogLogger.GetCalleeString 
	Textsign: 1|USD|0983666999|20170213132200|453|aaaaaaaaaaaaaaaabbbbbbbbbCCCCC123,signature:F3FDD22F22460C2DA003BEF20792392CC4946C4B0916CF489BB03A2231325F34
02/13/2017 13:22:05: :	NLogLogger.GetCalleeString 
	urlFull: http://sandbox1.vtcebank.vn/payportalv2/checkout.html?website_id=453&amount=1&receiver_account=0983666999&reference_number=20170213132200&currency=USD&signature=F3FDD22F22460C2DA003BEF20792392CC4946C4B0916CF489BB03A2231325F34
